Performing C SOURCE FILE Test CMAKE_HAVE_LIBC_PTHREAD failed with the following output:
Change Dir: /src/shared/build/px4_ros_extended/CMakeFiles/CMakeTmp

Run Build Command(s):/usr/bin/make -f Makefile cmTC_05946/fast && /usr/bin/make  -f CMakeFiles/cmTC_05946.dir/build.make CMakeFiles/cmTC_05946.dir/build
make[1]: Entering directory '/src/shared/build/px4_ros_extended/CMakeFiles/CMakeTmp'
Building C object CMakeFiles/cmTC_05946.dir/src.c.o
/usr/lib/ccache/cc -DCMAKE_HAVE_LIBC_PTHREAD   -o CMakeFiles/cmTC_05946.dir/src.c.o -c /src/shared/build/px4_ros_extended/CMakeFiles/CMakeTmp/src.c
Linking C executable cmTC_05946
/usr/local/lib/python3.8/dist-packages/cmake/data/bin/cmake -E cmake_link_script CMakeFiles/cmTC_05946.dir/link.txt --verbose=1
/usr/lib/ccache/cc CMakeFiles/cmTC_05946.dir/src.c.o -o cmTC_05946 
/usr/bin/ld: CMakeFiles/cmTC_05946.dir/src.c.o: in function `main':
src.c:(.text+0x46): undefined reference to `pthread_create'
/usr/bin/ld: src.c:(.text+0x52): undefined reference to `pthread_detach'
/usr/bin/ld: src.c:(.text+0x5e): undefined reference to `pthread_cancel'
/usr/bin/ld: src.c:(.text+0x6f): undefined reference to `pthread_join'
collect2: error: ld returned 1 exit status
make[1]: *** [CMakeFiles/cmTC_05946.dir/build.make:99: cmTC_05946] Error 1
make[1]: Leaving directory '/src/shared/build/px4_ros_extended/CMakeFiles/CMakeTmp'
make: *** [Makefile:127: cmTC_05946/fast] Error 2


Source file was:
#include <pthread.h>

static void* test_func(void* data)
{
  return data;
}

int main(void)
{
  pthread_t thread;
  pthread_create(&thread, NULL, test_func, NULL);
  pthread_detach(thread);
  pthread_cancel(thread);
  pthread_join(thread, NULL);
  pthread_atfork(NULL, NULL, NULL);
  pthread_exit(NULL);

  return 0;
}

Determining if the function pthread_create exists in the pthreads failed with the following output:
Change Dir: /src/shared/build/px4_ros_extended/CMakeFiles/CMakeTmp

Run Build Command(s):/usr/bin/make -f Makefile cmTC_85c17/fast && /usr/bin/make  -f CMakeFiles/cmTC_85c17.dir/build.make CMakeFiles/cmTC_85c17.dir/build
make[1]: Entering directory '/src/shared/build/px4_ros_extended/CMakeFiles/CMakeTmp'
Building C object CMakeFiles/cmTC_85c17.dir/CheckFunctionExists.c.o
/usr/lib/ccache/cc   -DCHECK_FUNCTION_EXISTS=pthread_create -o CMakeFiles/cmTC_85c17.dir/CheckFunctionExists.c.o -c /usr/local/lib/python3.8/dist-packages/cmake/data/share/cmake-3.21/Modules/CheckFunctionExists.c
Linking C executable cmTC_85c17
/usr/local/lib/python3.8/dist-packages/cmake/data/bin/cmake -E cmake_link_script CMakeFiles/cmTC_85c17.dir/link.txt --verbose=1
/usr/lib/ccache/cc  -DCHECK_FUNCTION_EXISTS=pthread_create CMakeFiles/cmTC_85c17.dir/CheckFunctionExists.c.o -o cmTC_85c17  -lpthreads 
/usr/bin/ld: cannot find -lpthreads
collect2: error: ld returned 1 exit status
make[1]: *** [CMakeFiles/cmTC_85c17.dir/build.make:99: cmTC_85c17] Error 1
make[1]: Leaving directory '/src/shared/build/px4_ros_extended/CMakeFiles/CMakeTmp'
make: *** [Makefile:127: cmTC_85c17/fast] Error 2



