[0.022s] Invoking command in '/src/shared/ros_packages/build/px4_ros_com': AMENT_PREFIX_PATH=/src/shared/ros_packages/install/px4_msgs:${AMENT_PREFIX_PATH} CMAKE_PREFIX_PATH=/src/shared/ros_packages/install/px4_msgs:/opt/ros/foxy LD_LIBRARY_PATH=/src/shared/ros_packages/install/px4_msgs/lib:${LD_LIBRARY_PATH} PYTHONPATH=/src/shared/ros_packages/install/px4_msgs/lib/python3.8/site-packages:${PYTHONPATH} /usr/local/bin/cmake /src/shared/ros_packages/px4_ros_com -DCMAKE_INSTALL_PREFIX=/src/shared/ros_packages/install/px4_ros_com
[0.095s] -- The C compiler identification is GNU 9.3.0
[0.151s] -- The CXX compiler identification is GNU 9.3.0
[0.158s] -- Detecting C compiler ABI info
[0.197s] -- Detecting C compiler ABI info - done
[0.203s] -- Check for working C compiler: /usr/lib/ccache/cc - skipped
[0.203s] -- Detecting C compile features
[0.203s] -- Detecting C compile features - done
[0.206s] -- Detecting CXX compiler ABI info
[0.251s] -- Detecting CXX compiler ABI info - done
[0.257s] -- Check for working CXX compiler: /usr/lib/ccache/c++ - skipped
[0.258s] -- Detecting CXX compile features
[0.258s] -- Detecting CXX compile features - done
[0.261s] -- Performing Test COMPILER_SUPPORTS_CXX17
[0.332s] -- Performing Test COMPILER_SUPPORTS_CXX17 - Success
[0.332s] -- Performing Test COMPILER_SUPPORTS_CXX14
[0.402s] -- Performing Test COMPILER_SUPPORTS_CXX14 - Success
[0.403s] -- Performing Test COMPILER_SUPPORTS_CXX11
[0.475s] -- Performing Test COMPILER_SUPPORTS_CXX11 - Success
[0.475s] -- Performing Test COMPILER_SUPPORTS_CXX0X
[0.542s] -- Performing Test COMPILER_SUPPORTS_CXX0X - Success
[0.542s] -- Using C++17 compiler
[0.544s] -- Found ament_cmake: 0.9.12 (/opt/ros/foxy/share/ament_cmake/cmake)
[0.569s] -- Found PythonInterp: /usr/bin/python3 (found suitable version "3.8.10", minimum required is "3") 
[0.569s] -- Using PYTHON_EXECUTABLE: /usr/bin/python3
[0.771s] -- Found builtin_interfaces: 1.0.0 (/opt/ros/foxy/share/builtin_interfaces/cmake)
[0.795s] -- Using all available rosidl_typesupport_c: rosidl_typesupport_fastrtps_c;rosidl_typesupport_introspection_c
[0.801s] -- Found rosidl_adapter: 1.3.1 (/opt/ros/foxy/share/rosidl_adapter/cmake)
[0.886s] -- Found OpenSSL: /usr/lib/x86_64-linux-gnu/libcrypto.so (found version "1.1.1f")  
[0.916s] -- Found FastRTPS: /opt/ros/foxy/include  
[0.991s] -- Using all available rosidl_typesupport_cpp: rosidl_typesupport_fastrtps_cpp;rosidl_typesupport_introspection_cpp
[1.037s] -- Found rclcpp: 2.4.3 (/opt/ros/foxy/share/rclcpp/cmake)
[1.070s] -- Found rmw_implementation_cmake: 1.0.4 (/opt/ros/foxy/share/rmw_implementation_cmake/cmake)
[1.072s] -- Using RMW implementation 'rmw_fastrtps_cpp' as default
[1.073s] -- Looking for pthread.h
[1.140s] -- Looking for pthread.h - found
[1.140s] -- Performing Test CMAKE_HAVE_LIBC_PTHREAD
[1.208s] -- Performing Test CMAKE_HAVE_LIBC_PTHREAD - Failed
[1.209s] -- Looking for pthread_create in pthreads
[1.239s] -- Looking for pthread_create in pthreads - not found
[1.239s] -- Looking for pthread_create in pthread
[1.280s] -- Looking for pthread_create in pthread - found
[1.281s] -- Found Threads: TRUE  
[1.402s] -- Found rmw_fastrtps_cpp: 1.3.2 (/opt/ros/foxy/share/rmw_fastrtps_cpp/cmake)
[1.526s] -- Found px4_msgs: 2.0.1 (/src/shared/ros_packages/install/px4_msgs/share/px4_msgs/cmake)
[1.539s] -- Found sensor_msgs: 2.0.5 (/opt/ros/foxy/share/sensor_msgs/cmake)
[1.660s] -- Found eigen3_cmake_module: 0.1.1 (/opt/ros/foxy/share/eigen3_cmake_module/cmake)
[1.664s] -- fastrtpsgen found in /usr/local/bin
[1.704s] Picked up JAVA_TOOL_OPTIONS: -Dfile.encoding=UTF8
[1.704s] Picked up JAVA_TOOL_OPTIONS: -Dfile.encoding=UTF8
[1.835s] openjdk version "1.8.0_292"
[1.835s] OpenJDK Runtime Environment (build 1.8.0_292-8u292-b10-0ubuntu1~20.04-b10)
[1.835s] OpenJDK 64-Bit Server VM (build 25.292-b10, mixed mode)
[1.924s] -- fastrtpsgen version 1.0.4
[1.924s] -- px4_msgs message dir under /src/shared/ros_packages/install/px4_msgs/share/px4_msgs/msg
[1.924s] -- IDL definitions under /src/shared/ros_packages/install/px4_msgs/share/px4_msgs/msg
[1.925s] -- Retrieving list of msgs to send...
[1.977s] -- List of msgs to send: DebugArray, DebugKeyValue, DebugValue, DebugVect, OffboardControlMode, OnboardComputerStatus, OpticalFlow, PositionSetpoint, PositionSetpointTriplet, TelemetryStatus, Timesync, TrajectoryBezier, VehicleCommand, VehicleLocalPositionSetpoint, VehicleTrajectoryBezier, VehicleTrajectoryWaypoint, TrajectorySetpoint, VehicleMocapOdometry, VehicleVisualOdometry
[1.977s] -- Retrieving list of msgs to receive...
[2.027s] -- List of msgs to receive: CollisionConstraints, SensorCombined, Timesync, TimesyncStatus, TrajectoryWaypoint, VehicleControlMode, VehicleOdometry, VehicleStatus
[2.099s] -- Configuring done
[2.299s] -- Generating done
[2.312s] -- Build files have been written to: /src/shared/ros_packages/build/px4_ros_com
[2.325s] Invoked command in '/src/shared/ros_packages/build/px4_ros_com' returned '0': AMENT_PREFIX_PATH=/src/shared/ros_packages/install/px4_msgs:${AMENT_PREFIX_PATH} CMAKE_PREFIX_PATH=/src/shared/ros_packages/install/px4_msgs:/opt/ros/foxy LD_LIBRARY_PATH=/src/shared/ros_packages/install/px4_msgs/lib:${LD_LIBRARY_PATH} PYTHONPATH=/src/shared/ros_packages/install/px4_msgs/lib/python3.8/site-packages:${PYTHONPATH} /usr/local/bin/cmake /src/shared/ros_packages/px4_ros_com -DCMAKE_INSTALL_PREFIX=/src/shared/ros_packages/install/px4_ros_com
[2.328s] Invoking command in '/src/shared/ros_packages/build/px4_ros_com': AMENT_PREFIX_PATH=/src/shared/ros_packages/install/px4_msgs:${AMENT_PREFIX_PATH} CMAKE_PREFIX_PATH=/src/shared/ros_packages/install/px4_msgs:/opt/ros/foxy LD_LIBRARY_PATH=/src/shared/ros_packages/install/px4_msgs/lib:${LD_LIBRARY_PATH} PYTHONPATH=/src/shared/ros_packages/install/px4_msgs/lib/python3.8/site-packages:${PYTHONPATH} /usr/local/bin/cmake --build /src/shared/ros_packages/build/px4_ros_com -- -j16 -l16
[2.382s] [  1%] [34m[1mGenerating micro-RTPS agent code...[0m
[2.390s] [  2%] [32mBuilding CXX object CMakeFiles/offboard_control.dir/src/examples/offboard/offboard_control.cpp.o[0m
[2.393s] [  4%] [32mBuilding CXX object CMakeFiles/frame_transforms.dir/src/lib/frame_transforms.cpp.o[0m
[2.393s] [  4%] [32mBuilding CXX object CMakeFiles/debug_vect_advertiser.dir/src/examples/advertisers/debug_vect_advertiser.cpp.o[0m
[2.395s] [  5%] [32mBuilding CXX object CMakeFiles/vehicle_gps_position_listener.dir/src/examples/listeners/vehicle_gps_position_listener.cpp.o[0m
[2.395s] [  6%] [32mBuilding CXX object CMakeFiles/sensor_combined_listener.dir/src/examples/listeners/sensor_combined_listener.cpp.o[0m
[18.191s] [  7%] [32mBuilding CXX object CMakeFiles/micrortps_agent.dir/src/micrortps_agent/microRTPS_agent.cpp.o[0m
[18.194s] [  8%] [32mBuilding CXX object CMakeFiles/micrortps_agent.dir/src/micrortps_agent/microRTPS_transport.cpp.o[0m
[18.194s] [  9%] [32mBuilding CXX object CMakeFiles/micrortps_agent.dir/src/micrortps_agent/DebugArrayPubSubTypes.cpp.o[0m
[18.194s] [ 10%] [32mBuilding CXX object CMakeFiles/micrortps_agent.dir/src/micrortps_agent/DebugKeyValuePubSubTypes.cpp.o[0m
[18.195s] [ 11%] [32mBuilding CXX object CMakeFiles/micrortps_agent.dir/src/micrortps_agent/DebugArray.cpp.o[0m
[18.195s] [ 12%] [32mBuilding CXX object CMakeFiles/micrortps_agent.dir/src/micrortps_agent/RtpsTopics.cpp.o[0m
[18.195s] [ 13%] [32mBuilding CXX object CMakeFiles/micrortps_agent.dir/src/micrortps_agent/DebugKeyValue.cpp.o[0m
[18.195s] [ 14%] [32mBuilding CXX object CMakeFiles/micrortps_agent.dir/src/micrortps_agent/DebugValue.cpp.o[0m
[18.195s] [ 15%] [32mBuilding CXX object CMakeFiles/micrortps_agent.dir/src/micrortps_agent/DebugValuePubSubTypes.cpp.o[0m
[18.196s] [ 16%] [32mBuilding CXX object CMakeFiles/micrortps_agent.dir/src/micrortps_agent/microRTPS_timesync.cpp.o[0m
[18.207s] [ 17%] [32mBuilding CXX object CMakeFiles/micrortps_agent.dir/src/micrortps_agent/DebugVect.cpp.o[0m
[19.235s] [ 18%] [32mBuilding CXX object CMakeFiles/micrortps_agent.dir/src/micrortps_agent/DebugVectPubSubTypes.cpp.o[0m
[20.046s] [ 19%] [32mBuilding CXX object CMakeFiles/micrortps_agent.dir/src/micrortps_agent/OffboardControlMode.cpp.o[0m
[20.169s] [ 20%] [32mBuilding CXX object CMakeFiles/micrortps_agent.dir/src/micrortps_agent/OffboardControlModePubSubTypes.cpp.o[0m
[20.184s] [ 21%] [32mBuilding CXX object CMakeFiles/micrortps_agent.dir/src/micrortps_agent/OnboardComputerStatus.cpp.o[0m
[20.634s] [ 22%] [32mBuilding CXX object CMakeFiles/micrortps_agent.dir/src/micrortps_agent/OnboardComputerStatusPubSubTypes.cpp.o[0m
[20.647s] [ 23%] [32m[1mLinking CXX executable debug_vect_advertiser[0m
[26.227s] [ 23%] Built target debug_vect_advertiser
[26.233s] [ 24%] [32mBuilding CXX object CMakeFiles/micrortps_agent.dir/src/micrortps_agent/OpticalFlow.cpp.o[0m
[26.294s] [ 25%] [32mBuilding CXX object CMakeFiles/micrortps_agent.dir/src/micrortps_agent/OpticalFlowPubSubTypes.cpp.o[0m
[27.364s] [ 26%] [32mBuilding CXX object CMakeFiles/micrortps_agent.dir/src/micrortps_agent/PositionSetpoint.cpp.o[0m
[35.011s] [ 27%] [32mBuilding CXX object CMakeFiles/micrortps_agent.dir/src/micrortps_agent/PositionSetpointPubSubTypes.cpp.o[0m
[36.045s] [ 28%] [32mBuilding CXX object CMakeFiles/micrortps_agent.dir/src/micrortps_agent/PositionSetpointTriplet.cpp.o[0m
[40.419s] c++: fatal error: Killed signal terminated program cc1plus
[40.421s] compilation terminated.
[40.428s] make[2]: *** [CMakeFiles/offboard_control.dir/build.make:76: CMakeFiles/offboard_control.dir/src/examples/offboard/offboard_control.cpp.o] Error 1
[40.455s] make[1]: *** [CMakeFiles/Makefile2:95: CMakeFiles/offboard_control.dir/all] Error 2
[40.456s] make[1]: *** Waiting for unfinished jobs....
[40.472s] [ 29%] [32mBuilding CXX object CMakeFiles/micrortps_agent.dir/src/micrortps_agent/PositionSetpointTripletPubSubTypes.cpp.o[0m
[40.831s] [ 30%] [32mBuilding CXX object CMakeFiles/micrortps_agent.dir/src/micrortps_agent/TelemetryStatus.cpp.o[0m
[45.370s] [ 31%] [32mBuilding CXX object CMakeFiles/micrortps_agent.dir/src/micrortps_agent/TelemetryStatusPubSubTypes.cpp.o[0m
[45.569s] [ 32%] [32mBuilding CXX object CMakeFiles/micrortps_agent.dir/src/micrortps_agent/Timesync.cpp.o[0m
[46.067s] [ 33%] [32mBuilding CXX object CMakeFiles/micrortps_agent.dir/src/micrortps_agent/TimesyncPubSubTypes.cpp.o[0m
[46.751s] [ 34%] [32mBuilding CXX object CMakeFiles/micrortps_agent.dir/src/micrortps_agent/TrajectoryBezier.cpp.o[0m
[47.093s] [ 35%] [32mBuilding CXX object CMakeFiles/micrortps_agent.dir/src/micrortps_agent/TrajectoryBezierPubSubTypes.cpp.o[0m
[47.123s] [ 36%] [32mBuilding CXX object CMakeFiles/micrortps_agent.dir/src/micrortps_agent/VehicleCommand.cpp.o[0m
[48.163s] [ 37%] [32mBuilding CXX object CMakeFiles/micrortps_agent.dir/src/micrortps_agent/VehicleCommandPubSubTypes.cpp.o[0m
[48.221s] [ 38%] [32mBuilding CXX object CMakeFiles/micrortps_agent.dir/src/micrortps_agent/VehicleLocalPositionSetpoint.cpp.o[0m
[48.279s] [ 39%] [32mBuilding CXX object CMakeFiles/micrortps_agent.dir/src/micrortps_agent/VehicleLocalPositionSetpointPubSubTypes.cpp.o[0m
[48.284s] [ 40%] [32mBuilding CXX object CMakeFiles/micrortps_agent.dir/src/micrortps_agent/VehicleTrajectoryBezier.cpp.o[0m
[48.443s] [ 41%] [32mBuilding CXX object CMakeFiles/micrortps_agent.dir/src/micrortps_agent/VehicleTrajectoryBezierPubSubTypes.cpp.o[0m
[48.835s] [ 42%] [32mBuilding CXX object CMakeFiles/micrortps_agent.dir/src/micrortps_agent/VehicleTrajectoryWaypoint.cpp.o[0m
[49.234s] [ 43%] [32mBuilding CXX object CMakeFiles/micrortps_agent.dir/src/micrortps_agent/VehicleTrajectoryWaypointPubSubTypes.cpp.o[0m
[49.284s] [ 44%] [32mBuilding CXX object CMakeFiles/micrortps_agent.dir/src/micrortps_agent/TrajectorySetpoint.cpp.o[0m
[49.661s] [ 45%] [32mBuilding CXX object CMakeFiles/micrortps_agent.dir/src/micrortps_agent/TrajectorySetpointPubSubTypes.cpp.o[0m
[49.961s] [ 46%] [32mBuilding CXX object CMakeFiles/micrortps_agent.dir/src/micrortps_agent/VehicleMocapOdometry.cpp.o[0m
[50.063s] [ 47%] [32mBuilding CXX object CMakeFiles/micrortps_agent.dir/src/micrortps_agent/VehicleMocapOdometryPubSubTypes.cpp.o[0m
[50.459s] [ 48%] [32mBuilding CXX object CMakeFiles/micrortps_agent.dir/src/micrortps_agent/VehicleVisualOdometry.cpp.o[0m
[51.116s] [ 50%] [32mBuilding CXX object CMakeFiles/micrortps_agent.dir/src/micrortps_agent/VehicleVisualOdometryPubSubTypes.cpp.o[0m
[51.178s] [ 51%] [32mBuilding CXX object CMakeFiles/micrortps_agent.dir/src/micrortps_agent/CollisionConstraints.cpp.o[0m
[54.859s] [ 52%] [32mBuilding CXX object CMakeFiles/micrortps_agent.dir/src/micrortps_agent/CollisionConstraintsPubSubTypes.cpp.o[0m
[54.906s] [ 53%] [32mBuilding CXX object CMakeFiles/micrortps_agent.dir/src/micrortps_agent/SensorCombined.cpp.o[0m
[57.542s] [ 54%] [32mBuilding CXX object CMakeFiles/micrortps_agent.dir/src/micrortps_agent/SensorCombinedPubSubTypes.cpp.o[0m
[57.559s] [ 55%] [32mBuilding CXX object CMakeFiles/micrortps_agent.dir/src/micrortps_agent/TimesyncStatus.cpp.o[0m
[57.599s] [ 56%] [32mBuilding CXX object CMakeFiles/micrortps_agent.dir/src/micrortps_agent/TimesyncStatusPubSubTypes.cpp.o[0m
[58.229s] [ 57%] [32mBuilding CXX object CMakeFiles/micrortps_agent.dir/src/micrortps_agent/TrajectoryWaypoint.cpp.o[0m
[58.381s] [ 58%] [32mBuilding CXX object CMakeFiles/micrortps_agent.dir/src/micrortps_agent/TrajectoryWaypointPubSubTypes.cpp.o[0m
[58.960s] [ 59%] [32mBuilding CXX object CMakeFiles/micrortps_agent.dir/src/micrortps_agent/VehicleControlMode.cpp.o[0m
[59.003s] [ 60%] [32mBuilding CXX object CMakeFiles/micrortps_agent.dir/src/micrortps_agent/VehicleControlModePubSubTypes.cpp.o[0m
[59.319s] [ 61%] [32mBuilding CXX object CMakeFiles/micrortps_agent.dir/src/micrortps_agent/VehicleOdometry.cpp.o[0m
[59.595s] [ 62%] [32mBuilding CXX object CMakeFiles/micrortps_agent.dir/src/micrortps_agent/VehicleOdometryPubSubTypes.cpp.o[0m
[59.670s] [ 63%] [32mBuilding CXX object CMakeFiles/micrortps_agent.dir/src/micrortps_agent/VehicleStatus.cpp.o[0m
[60.232s] [ 64%] [32mBuilding CXX object CMakeFiles/micrortps_agent.dir/src/micrortps_agent/VehicleStatusPubSubTypes.cpp.o[0m
[64.384s] [ 65%] [32mBuilding CXX object CMakeFiles/micrortps_agent.dir/src/micrortps_agent/VehicleTrajectoryWaypointDesired.cpp.o[0m
[64.671s] [ 66%] [32mBuilding CXX object CMakeFiles/micrortps_agent.dir/src/micrortps_agent/VehicleTrajectoryWaypointDesiredPubSubTypes.cpp.o[0m
[64.718s] [ 67%] [32mBuilding CXX object CMakeFiles/micrortps_agent.dir/src/micrortps_agent/CollisionConstraints_Publisher.cpp.o[0m
[65.367s] [ 68%] [32mBuilding CXX object CMakeFiles/micrortps_agent.dir/src/micrortps_agent/SensorCombined_Publisher.cpp.o[0m
[65.382s] [ 69%] [32mBuilding CXX object CMakeFiles/micrortps_agent.dir/src/micrortps_agent/Timesync_Publisher.cpp.o[0m
[65.620s] [ 70%] [32mBuilding CXX object CMakeFiles/micrortps_agent.dir/src/micrortps_agent/TimesyncStatus_Publisher.cpp.o[0m
[65.926s] [ 71%] [32mBuilding CXX object CMakeFiles/micrortps_agent.dir/src/micrortps_agent/TrajectoryWaypoint_Publisher.cpp.o[0m
[66.589s] [ 72%] [32mBuilding CXX object CMakeFiles/micrortps_agent.dir/src/micrortps_agent/VehicleOdometry_Publisher.cpp.o[0m
[66.591s] [ 73%] [32mBuilding CXX object CMakeFiles/micrortps_agent.dir/src/micrortps_agent/VehicleControlMode_Publisher.cpp.o[0m
[67.113s] [ 74%] [32mBuilding CXX object CMakeFiles/micrortps_agent.dir/src/micrortps_agent/VehicleStatus_Publisher.cpp.o[0m
[67.297s] [ 75%] [32mBuilding CXX object CMakeFiles/micrortps_agent.dir/src/micrortps_agent/VehicleTrajectoryWaypointDesired_Publisher.cpp.o[0m
[67.530s] [ 76%] [32mBuilding CXX object CMakeFiles/micrortps_agent.dir/src/micrortps_agent/DebugArray_Subscriber.cpp.o[0m
[68.444s] [ 77%] [32mBuilding CXX object CMakeFiles/micrortps_agent.dir/src/micrortps_agent/DebugKeyValue_Subscriber.cpp.o[0m
[69.136s] [ 78%] [32mBuilding CXX object CMakeFiles/micrortps_agent.dir/src/micrortps_agent/DebugValue_Subscriber.cpp.o[0m
[69.701s] [ 79%] [32mBuilding CXX object CMakeFiles/micrortps_agent.dir/src/micrortps_agent/DebugVect_Subscriber.cpp.o[0m
[70.182s] [ 80%] [32mBuilding CXX object CMakeFiles/micrortps_agent.dir/src/micrortps_agent/OffboardControlMode_Subscriber.cpp.o[0m
[71.308s] [ 81%] [32mBuilding CXX object CMakeFiles/micrortps_agent.dir/src/micrortps_agent/OnboardComputerStatus_Subscriber.cpp.o[0m
[71.817s] [ 82%] [32mBuilding CXX object CMakeFiles/micrortps_agent.dir/src/micrortps_agent/OpticalFlow_Subscriber.cpp.o[0m
[72.402s] [ 83%] [32mBuilding CXX object CMakeFiles/micrortps_agent.dir/src/micrortps_agent/PositionSetpoint_Subscriber.cpp.o[0m
[72.911s] [ 84%] [32mBuilding CXX object CMakeFiles/micrortps_agent.dir/src/micrortps_agent/PositionSetpointTriplet_Subscriber.cpp.o[0m
[73.333s] [ 85%] [32mBuilding CXX object CMakeFiles/micrortps_agent.dir/src/micrortps_agent/TelemetryStatus_Subscriber.cpp.o[0m
[73.998s] [ 86%] [32mBuilding CXX object CMakeFiles/micrortps_agent.dir/src/micrortps_agent/Timesync_Subscriber.cpp.o[0m
[74.098s] [ 87%] [32m[1mLinking CXX executable vehicle_gps_position_listener[0m
[74.329s] [ 88%] [32mBuilding CXX object CMakeFiles/micrortps_agent.dir/src/micrortps_agent/TrajectoryBezier_Subscriber.cpp.o[0m
[74.446s] [ 89%] [32mBuilding CXX object CMakeFiles/micrortps_agent.dir/src/micrortps_agent/VehicleCommand_Subscriber.cpp.o[0m
[75.102s] [ 89%] Built target vehicle_gps_position_listener
[75.115s] [ 90%] [32mBuilding CXX object CMakeFiles/micrortps_agent.dir/src/micrortps_agent/VehicleLocalPositionSetpoint_Subscriber.cpp.o[0m
[76.266s] [ 91%] [32mBuilding CXX object CMakeFiles/micrortps_agent.dir/src/micrortps_agent/VehicleTrajectoryBezier_Subscriber.cpp.o[0m
[76.645s] [ 92%] [32mBuilding CXX object CMakeFiles/micrortps_agent.dir/src/micrortps_agent/VehicleTrajectoryWaypoint_Subscriber.cpp.o[0m
[77.017s] [ 93%] [32mBuilding CXX object CMakeFiles/micrortps_agent.dir/src/micrortps_agent/TrajectorySetpoint_Subscriber.cpp.o[0m
[77.567s] [ 94%] [32mBuilding CXX object CMakeFiles/micrortps_agent.dir/src/micrortps_agent/VehicleMocapOdometry_Subscriber.cpp.o[0m
[78.166s] [ 95%] [32mBuilding CXX object CMakeFiles/micrortps_agent.dir/src/micrortps_agent/VehicleVisualOdometry_Subscriber.cpp.o[0m
[83.475s] [ 96%] [32m[1mLinking CXX executable micrortps_agent[0m
[86.355s] [ 96%] Built target micrortps_agent
[88.130s] [ 97%] [32m[1mLinking CXX executable sensor_combined_listener[0m
[88.390s] [ 97%] Built target sensor_combined_listener
[89.720s] [ 98%] [32m[1mLinking CXX shared library libframe_transforms.so[0m
[139.825s] [ 98%] Built target frame_transforms
[139.835s] make: *** [Makefile:146: all] Error 2
