[0.016s] Invoking command in '/src/shared/build/px4_ros_extended': AMENT_PREFIX_PATH=/src/shared/install/px4_msgs:${AMENT_PREFIX_PATH} CMAKE_PREFIX_PATH=/src/shared/install/px4_msgs:/src/shared/ros_packages/install/px4_ros_extended:/src/shared/ros_packages/install/px4_ros_com:/src/shared/ros_packages/install/px4_msgs:/opt/ros/foxy LD_LIBRARY_PATH=/src/shared/install/px4_msgs/lib:${LD_LIBRARY_PATH} PYTHONPATH=/src/shared/install/px4_msgs/lib/python3.8/site-packages:${PYTHONPATH} /usr/local/bin/cmake /src/shared/ros_packages/px4_ros_extended -DCMAKE_INSTALL_PREFIX=/src/shared/install/px4_ros_extended
[0.087s] -- The C compiler identification is GNU 9.3.0
[0.135s] -- The CXX compiler identification is GNU 9.3.0
[0.142s] -- Detecting C compiler ABI info
[0.175s] -- Detecting C compiler ABI info - done
[0.180s] -- Check for working C compiler: /usr/lib/ccache/cc - skipped
[0.180s] -- Detecting C compile features
[0.180s] -- Detecting C compile features - done
[0.183s] -- Detecting CXX compiler ABI info
[0.225s] -- Detecting CXX compiler ABI info - done
[0.230s] -- Check for working CXX compiler: /usr/lib/ccache/c++ - skipped
[0.231s] -- Detecting CXX compile features
[0.231s] -- Detecting CXX compile features - done
[0.233s] -- Found ament_cmake: 0.9.12 (/opt/ros/foxy/share/ament_cmake/cmake)
[0.255s] -- Found PythonInterp: /usr/bin/python3 (found suitable version "3.8.10", minimum required is "3") 
[0.255s] -- Using PYTHON_EXECUTABLE: /usr/bin/python3
[0.441s] -- Found rclcpp: 2.4.3 (/opt/ros/foxy/share/rclcpp/cmake)
[0.493s] -- Using all available rosidl_typesupport_c: rosidl_typesupport_fastrtps_c;rosidl_typesupport_introspection_c
[0.499s] -- Found rosidl_adapter: 1.3.1 (/opt/ros/foxy/share/rosidl_adapter/cmake)
[0.586s] -- Found OpenSSL: /usr/lib/x86_64-linux-gnu/libcrypto.so (found version "1.1.1f")  
[0.616s] -- Found FastRTPS: /opt/ros/foxy/include  
[0.694s] -- Using all available rosidl_typesupport_cpp: rosidl_typesupport_fastrtps_cpp;rosidl_typesupport_introspection_cpp
[0.755s] -- Found rmw_implementation_cmake: 1.0.4 (/opt/ros/foxy/share/rmw_implementation_cmake/cmake)
[0.758s] -- Using RMW implementation 'rmw_fastrtps_cpp' as default
[0.760s] -- Looking for pthread.h
[0.820s] -- Looking for pthread.h - found
[0.821s] -- Performing Test CMAKE_HAVE_LIBC_PTHREAD
[0.884s] -- Performing Test CMAKE_HAVE_LIBC_PTHREAD - Failed
[0.884s] -- Looking for pthread_create in pthreads
[0.911s] -- Looking for pthread_create in pthreads - not found
[0.911s] -- Looking for pthread_create in pthread
[0.949s] -- Looking for pthread_create in pthread - found
[0.950s] -- Found Threads: TRUE  
[1.092s] -- Found px4_msgs: 2.0.1 (/src/shared/install/px4_msgs/share/px4_msgs/cmake)
[1.104s] -- Found gazebo_msgs: 3.5.3 (/opt/ros/foxy/share/gazebo_msgs/cmake)
[1.305s] -- Found rclpy: 1.0.13 (/opt/ros/foxy/share/rclpy/cmake)
[1.332s] -- Found ament_lint_auto: 0.9.8 (/opt/ros/foxy/share/ament_lint_auto/cmake)
[1.405s] -- Added test 'copyright' to check source files copyright and LICENSE
[1.408s] -- Added test 'cppcheck' to perform static code analysis on C / C++ code
[1.408s] -- Configured cppcheck include dirs: 
[1.408s] -- Configured cppcheck exclude dirs and/or files: 
[1.411s] -- Added test 'cpplint' to check C / C++ code against the Google style
[1.411s] -- Configured cpplint exclude dirs and/or files: 
[1.411s] -- Added test 'flake8' to check Python code syntax and style conventions
[1.412s] -- Added test 'lint_cmake' to check CMake code style
[1.414s] -- Added test 'pep257' to check Python code against some of the style conventions in PEP 257
[1.416s] -- Added test 'uncrustify' to check C / C++ code style
[1.416s] -- Configured uncrustify additional arguments: 
[1.417s] -- Added test 'xmllint' to check XML markup files
[1.418s] -- Configuring done
[1.430s] -- Generating done
[1.434s] -- Build files have been written to: /src/shared/build/px4_ros_extended
[1.447s] Invoked command in '/src/shared/build/px4_ros_extended' returned '0': AMENT_PREFIX_PATH=/src/shared/install/px4_msgs:${AMENT_PREFIX_PATH} CMAKE_PREFIX_PATH=/src/shared/install/px4_msgs:/src/shared/ros_packages/install/px4_ros_extended:/src/shared/ros_packages/install/px4_ros_com:/src/shared/ros_packages/install/px4_msgs:/opt/ros/foxy LD_LIBRARY_PATH=/src/shared/install/px4_msgs/lib:${LD_LIBRARY_PATH} PYTHONPATH=/src/shared/install/px4_msgs/lib/python3.8/site-packages:${PYTHONPATH} /usr/local/bin/cmake /src/shared/ros_packages/px4_ros_extended -DCMAKE_INSTALL_PREFIX=/src/shared/install/px4_ros_extended
[1.448s] Invoking command in '/src/shared/build/px4_ros_extended': AMENT_PREFIX_PATH=/src/shared/install/px4_msgs:${AMENT_PREFIX_PATH} CMAKE_PREFIX_PATH=/src/shared/install/px4_msgs:/src/shared/ros_packages/install/px4_ros_extended:/src/shared/ros_packages/install/px4_ros_com:/src/shared/ros_packages/install/px4_msgs:/opt/ros/foxy LD_LIBRARY_PATH=/src/shared/install/px4_msgs/lib:${LD_LIBRARY_PATH} PYTHONPATH=/src/shared/install/px4_msgs/lib/python3.8/site-packages:${PYTHONPATH} /usr/local/bin/cmake --build /src/shared/build/px4_ros_extended -- -j16 -l16
[1.496s] [ 25%] [32mBuilding CXX object CMakeFiles/env.dir/src_cpp/env.cpp.o[0m
[1.496s] [ 50%] [32mBuilding CXX object CMakeFiles/baseline_prec_land.dir/src_cpp/baseline_prec_land.cpp.o[0m
[191.550s] make[2]: *** [CMakeFiles/env.dir/build.make:76: CMakeFiles/env.dir/src_cpp/env.cpp.o] Interrupt
[191.589s] Traceback (most recent call last):
[191.595s]   File "/usr/local/bin/cmake", line 8, in <module>
[191.595s] make[2]: *** [CMakeFiles/baseline_prec_land.dir/build.make:76: CMakeFiles/baseline_prec_land.dir/src_cpp/baseline_prec_land.cpp.o] Interrupt
[191.630s] make[1]: *** [CMakeFiles/Makefile2:113: CMakeFiles/env.dir/all] Interrupt
[191.630s] make[1]: *** [CMakeFiles/Makefile2:165: CMakeFiles/baseline_prec_land.dir/all] Interrupt
[191.671s]     sys.exit(cmake())
[191.672s]   File "/usr/local/lib/python3.8/dist-packages/cmake/__init__.py", line 47, in cmake
[191.672s]     raise SystemExit(_program('cmake', sys.argv[1:]))
[191.672s]   File "/usr/local/lib/python3.8/dist-packages/cmake/__init__.py", line 43, in _program
[191.672s]     return subprocess.call([os.path.join(CMAKE_BIN_DIR, name)] + args)
[191.672s]   File "/usr/lib/python3.8/subprocess.py", line 342, in call
[191.672s]     return p.wait(timeout=timeout)
[191.672s]   File "/usr/lib/python3.8/subprocess.py", line 1083, in wait
[191.672s]     return self._wait(timeout=timeout)
[191.672s]   File "/usr/lib/python3.8/subprocess.py", line 1806, in _wait
[191.672s]     (pid, sts) = self._try_wait(0)
[191.672s]   File "/usr/lib/python3.8/subprocess.py", line 1764, in _try_wait
[191.672s]     (pid, sts) = os.waitpid(self.pid, wait_flags)
[191.673s] KeyboardInterrupt
[191.673s] make: *** [Makefile:146: all] Interrupt
