[0.021s] Invoking command in '/src/shared/ros_packages/build/px4_ros_com': CMAKE_PREFIX_PATH=/src/shared/ros_packages/install/px4_msgs:/src/shared/ros_packages/install/px4_ros_extended:/src/shared/ros_packages/install/px4_ros_com:/opt/ros/foxy LD_LIBRARY_PATH=/src/shared/ros_packages/install/px4_msgs/lib:/src/shared/ros_packages/install/px4_ros_com/lib:/usr/lib/x86_64-linux-gnu/gazebo-11/plugins:/opt/ros/foxy/opt/yaml_cpp_vendor/lib:/opt/ros/foxy/opt/rviz_ogre_vendor/lib:/opt/ros/foxy/lib/x86_64-linux-gnu:/opt/ros/foxy/lib PYTHONPATH=/src/shared/ros_packages/install/px4_msgs/lib/python3.8/site-packages:/src/shared/ros_packages/install/px4_ros_extended/lib/python3.8/site-packages:/opt/ros/foxy/lib/python3.8/site-packages /usr/local/bin/cmake --build /src/shared/ros_packages/build/px4_ros_com -- -j16 -l16
[0.116s] [35m[1mConsolidate compiler generated dependencies of target offboard_control[0m
[0.137s] [  2%] Built target frame_transforms
[0.165s] [  4%] Built target vehicle_gps_position_listener
[0.165s] [  6%] Built target debug_vect_advertiser
[0.166s] [  8%] Built target offboard_control
[0.166s] [ 10%] Built target sensor_combined_listener
[0.242s] [100%] Built target micrortps_agent
[0.251s] Invoked command in '/src/shared/ros_packages/build/px4_ros_com' returned '0': CMAKE_PREFIX_PATH=/src/shared/ros_packages/install/px4_msgs:/src/shared/ros_packages/install/px4_ros_extended:/src/shared/ros_packages/install/px4_ros_com:/opt/ros/foxy LD_LIBRARY_PATH=/src/shared/ros_packages/install/px4_msgs/lib:/src/shared/ros_packages/install/px4_ros_com/lib:/usr/lib/x86_64-linux-gnu/gazebo-11/plugins:/opt/ros/foxy/opt/yaml_cpp_vendor/lib:/opt/ros/foxy/opt/rviz_ogre_vendor/lib:/opt/ros/foxy/lib/x86_64-linux-gnu:/opt/ros/foxy/lib PYTHONPATH=/src/shared/ros_packages/install/px4_msgs/lib/python3.8/site-packages:/src/shared/ros_packages/install/px4_ros_extended/lib/python3.8/site-packages:/opt/ros/foxy/lib/python3.8/site-packages /usr/local/bin/cmake --build /src/shared/ros_packages/build/px4_ros_com -- -j16 -l16
[0.255s] Invoking command in '/src/shared/ros_packages/build/px4_ros_com': CMAKE_PREFIX_PATH=/src/shared/ros_packages/install/px4_msgs:/src/shared/ros_packages/install/px4_ros_extended:/src/shared/ros_packages/install/px4_ros_com:/opt/ros/foxy LD_LIBRARY_PATH=/src/shared/ros_packages/install/px4_msgs/lib:/src/shared/ros_packages/install/px4_ros_com/lib:/usr/lib/x86_64-linux-gnu/gazebo-11/plugins:/opt/ros/foxy/opt/yaml_cpp_vendor/lib:/opt/ros/foxy/opt/rviz_ogre_vendor/lib:/opt/ros/foxy/lib/x86_64-linux-gnu:/opt/ros/foxy/lib PYTHONPATH=/src/shared/ros_packages/install/px4_msgs/lib/python3.8/site-packages:/src/shared/ros_packages/install/px4_ros_extended/lib/python3.8/site-packages:/opt/ros/foxy/lib/python3.8/site-packages /usr/local/bin/cmake --install /src/shared/ros_packages/build/px4_ros_com
[0.284s] -- Install configuration: ""
[0.285s] -- Up-to-date: /src/shared/ros_packages/install/px4_ros_com/lib/px4_ros_com/sensor_combined_listener
[0.287s] -- Up-to-date: /src/shared/ros_packages/install/px4_ros_com/lib/px4_ros_com/vehicle_gps_position_listener
[0.288s] -- Up-to-date: /src/shared/ros_packages/install/px4_ros_com/lib/px4_ros_com/debug_vect_advertiser
[0.290s] -- Up-to-date: /src/shared/ros_packages/install/px4_ros_com/lib/px4_ros_com/offboard_control
[0.290s] -- Up-to-date: /src/shared/ros_packages/install/px4_ros_com/share/px4_ros_com/environment/library_path.sh
[0.290s] -- Up-to-date: /src/shared/ros_packages/install/px4_ros_com/share/px4_ros_com/environment/library_path.dsv
[0.290s] -- Up-to-date: /src/shared/ros_packages/install/px4_ros_com/include/px4_ros_com
[0.290s] -- Up-to-date: /src/shared/ros_packages/install/px4_ros_com/include/px4_ros_com/frame_transforms.h
[0.291s] -- Up-to-date: /src/shared/ros_packages/install/px4_ros_com/share/px4_ros_com/cmake
[0.291s] -- Up-to-date: /src/shared/ros_packages/install/px4_ros_com/share/px4_ros_com/cmake/GenerateMicroRTPSAgent.cmake
[0.291s] -- Up-to-date: /src/shared/ros_packages/install/px4_ros_com/share/px4_ros_com/cmake/EnableSanitizers.cmake
[0.291s] -- Up-to-date: /src/shared/ros_packages/install/px4_ros_com/share/px4_ros_com/cmake/EnableC++XX.cmake
[0.291s] -- Up-to-date: /src/shared/ros_packages/install/px4_ros_com/lib/libframe_transforms.so
[0.292s] -- Up-to-date: /src/shared/ros_packages/install/px4_ros_com/bin/micrortps_agent
[0.293s] -- Up-to-date: /src/shared/ros_packages/install/px4_ros_com/share/px4_ros_com/launch
[0.293s] -- Up-to-date: /src/shared/ros_packages/install/px4_ros_com/share/px4_ros_com/launch/sensor_combined_listener.launch.py
[0.293s] -- Up-to-date: /src/shared/ros_packages/install/px4_ros_com/share/px4_ros_com/test
[0.293s] -- Up-to-date: /src/shared/ros_packages/install/px4_ros_com/share/px4_ros_com/test/pipeline_io_test.py
[0.293s] -- Up-to-date: /src/shared/ros_packages/install/px4_ros_com/share/px4_ros_com/test/test_input.py
[0.293s] -- Up-to-date: /src/shared/ros_packages/install/px4_ros_com/share/px4_ros_com/test/test_output.py
[0.294s] -- Up-to-date: /src/shared/ros_packages/install/px4_ros_com/share/px4_ros_com/test/__init__.py
[0.294s] -- Up-to-date: /src/shared/ros_packages/install/px4_ros_com/share/ament_index/resource_index/package_run_dependencies/px4_ros_com
[0.294s] -- Up-to-date: /src/shared/ros_packages/install/px4_ros_com/share/ament_index/resource_index/parent_prefix_path/px4_ros_com
[0.294s] -- Up-to-date: /src/shared/ros_packages/install/px4_ros_com/share/px4_ros_com/environment/ament_prefix_path.sh
[0.294s] -- Up-to-date: /src/shared/ros_packages/install/px4_ros_com/share/px4_ros_com/environment/ament_prefix_path.dsv
[0.294s] -- Up-to-date: /src/shared/ros_packages/install/px4_ros_com/share/px4_ros_com/environment/path.sh
[0.294s] -- Up-to-date: /src/shared/ros_packages/install/px4_ros_com/share/px4_ros_com/environment/path.dsv
[0.294s] -- Up-to-date: /src/shared/ros_packages/install/px4_ros_com/share/px4_ros_com/local_setup.bash
[0.294s] -- Up-to-date: /src/shared/ros_packages/install/px4_ros_com/share/px4_ros_com/local_setup.sh
[0.294s] -- Up-to-date: /src/shared/ros_packages/install/px4_ros_com/share/px4_ros_com/local_setup.zsh
[0.295s] -- Up-to-date: /src/shared/ros_packages/install/px4_ros_com/share/px4_ros_com/local_setup.dsv
[0.295s] -- Installing: /src/shared/ros_packages/install/px4_ros_com/share/px4_ros_com/package.dsv
[0.295s] -- Up-to-date: /src/shared/ros_packages/install/px4_ros_com/share/ament_index/resource_index/packages/px4_ros_com
[0.297s] -- Up-to-date: /src/shared/ros_packages/install/px4_ros_com/share/px4_ros_com/cmake/export_frame_transformsExport.cmake
[0.297s] -- Up-to-date: /src/shared/ros_packages/install/px4_ros_com/share/px4_ros_com/cmake/export_frame_transformsExport-noconfig.cmake
[0.297s] -- Up-to-date: /src/shared/ros_packages/install/px4_ros_com/share/px4_ros_com/cmake/ament_cmake_export_dependencies-extras.cmake
[0.297s] -- Up-to-date: /src/shared/ros_packages/install/px4_ros_com/share/px4_ros_com/cmake/ament_cmake_export_targets-extras.cmake
[0.297s] -- Up-to-date: /src/shared/ros_packages/install/px4_ros_com/share/px4_ros_com/cmake/ament_cmake_export_include_directories-extras.cmake
[0.297s] -- Up-to-date: /src/shared/ros_packages/install/px4_ros_com/share/px4_ros_com/cmake/ament_cmake_export_libraries-extras.cmake
[0.297s] -- Up-to-date: /src/shared/ros_packages/install/px4_ros_com/share/px4_ros_com/cmake/px4_ros_comConfig.cmake
[0.297s] -- Up-to-date: /src/shared/ros_packages/install/px4_ros_com/share/px4_ros_com/cmake/px4_ros_comConfig-version.cmake
[0.298s] -- Up-to-date: /src/shared/ros_packages/install/px4_ros_com/share/px4_ros_com/package.xml
[0.303s] Invoked command in '/src/shared/ros_packages/build/px4_ros_com' returned '0': CMAKE_PREFIX_PATH=/src/shared/ros_packages/install/px4_msgs:/src/shared/ros_packages/install/px4_ros_extended:/src/shared/ros_packages/install/px4_ros_com:/opt/ros/foxy LD_LIBRARY_PATH=/src/shared/ros_packages/install/px4_msgs/lib:/src/shared/ros_packages/install/px4_ros_com/lib:/usr/lib/x86_64-linux-gnu/gazebo-11/plugins:/opt/ros/foxy/opt/yaml_cpp_vendor/lib:/opt/ros/foxy/opt/rviz_ogre_vendor/lib:/opt/ros/foxy/lib/x86_64-linux-gnu:/opt/ros/foxy/lib PYTHONPATH=/src/shared/ros_packages/install/px4_msgs/lib/python3.8/site-packages:/src/shared/ros_packages/install/px4_ros_extended/lib/python3.8/site-packages:/opt/ros/foxy/lib/python3.8/site-packages /usr/local/bin/cmake --install /src/shared/ros_packages/build/px4_ros_com
