[0.800s] DEBUG:colcon:Command line arguments: ['/usr/bin/colcon', 'build']
[0.800s] DEBUG:colcon:Parsed command line arguments: Namespace(allow_overriding=[], ament_cmake_args=None, base_paths=['.'], build_base='build', catkin_cmake_args=None, catkin_skip_building_tests=False, cmake_args=None, cmake_clean_cache=False, cmake_clean_first=False, cmake_force_configure=False, cmake_target=None, cmake_target_skip_unavailable=False, continue_on_error=False, event_handlers=None, executor='parallel', ignore_user_meta=False, install_base='install', log_base=None, log_level=None, main=<bound method BuildVerb.main of <colcon_core.verb.build.BuildVerb object at 0x7f1d54f905e0>>, merge_install=False, metas=['./colcon.meta'], mixin=None, mixin_files=None, mixin_verb=('build',), packages_above=None, packages_above_and_dependencies=None, packages_above_depth=None, packages_end=None, packages_ignore=None, packages_ignore_regex=None, packages_select=None, packages_select_build_failed=False, packages_select_by_dep=None, packages_select_regex=None, packages_select_test_failures=False, packages_skip=None, packages_skip_build_finished=False, packages_skip_by_dep=None, packages_skip_regex=None, packages_skip_test_passed=False, packages_skip_up_to=None, packages_start=None, packages_up_to=None, packages_up_to_regex=None, parallel_workers=16, paths=None, symlink_install=False, test_result_base=None, verb_extension=<colcon_core.verb.build.BuildVerb object at 0x7f1d54f905e0>, verb_name='build', verb_parser=<colcon_mixin.mixin.mixin_argument.MixinArgumentDecorator object at 0x7f1d54f066a0>)
[1.194s] Level 1:colcon.colcon_core.package_discovery:discover_packages(colcon_meta) check parameters
[1.197s] INFO:colcon.colcon_metadata.package_discovery.colcon_meta:Using configuration from '/root/.colcon/metadata/default/Gazebo.meta'
[1.198s] INFO:colcon.colcon_metadata.package_discovery.colcon_meta:Using configuration from '/root/.colcon/metadata/default/fastdds.meta'
[1.200s] INFO:colcon.colcon_metadata.package_discovery.colcon_meta:Using configuration from '/root/.colcon/metadata/default/fastrtps.meta'
[1.200s] Level 1:colcon.colcon_core.package_discovery:discover_packages(recursive) check parameters
[1.200s] Level 1:colcon.colcon_core.package_discovery:discover_packages(ignore) check parameters
[1.200s] Level 1:colcon.colcon_core.package_discovery:discover_packages(path) check parameters
[1.200s] Level 1:colcon.colcon_core.package_discovery:discover_packages(colcon_meta) discover
[1.200s] Level 1:colcon.colcon_core.package_discovery:discover_packages(recursive) discover
[1.200s] INFO:colcon.colcon_core.package_discovery:Crawling recursively for packages in '/src/shared'
[1.200s] Level 1:colcon.colcon_core.package_identification:_identify(.) by extensions ['ignore', 'ignore_ament_install']
[1.200s] Level 1:colcon.colcon_core.package_identification:_identify(.) by extension 'ignore'
[1.200s] Level 1:colcon.colcon_core.package_identification:_identify(.) by extension 'ignore_ament_install'
[1.201s] Level 1:colcon.colcon_core.package_identification:_identify(.) by extensions ['colcon_pkg']
[1.201s] Level 1:colcon.colcon_core.package_identification:_identify(.) by extension 'colcon_pkg'
[1.201s] Level 1:colcon.colcon_core.package_identification:_identify(.) by extensions ['colcon_meta']
[1.201s] Level 1:colcon.colcon_core.package_identification:_identify(.) by extension 'colcon_meta'
[1.201s] Level 1:colcon.colcon_core.package_identification:_identify(.) by extensions ['ros']
[1.201s] Level 1:colcon.colcon_core.package_identification:_identify(.) by extension 'ros'
[1.230s] Level 1:colcon.colcon_core.package_identification:_identify(.) by extensions ['cmake', 'python']
[1.231s] Level 1:colcon.colcon_core.package_identification:_identify(.) by extension 'cmake'
[1.231s] Level 1:colcon.colcon_core.package_identification:_identify(.) by extension 'python'
[1.231s] Level 1:colcon.colcon_core.package_identification:_identify(.) by extensions ['python_setup_py']
[1.231s] Level 1:colcon.colcon_core.package_identification:_identify(.) by extension 'python_setup_py'
[1.231s] Level 1:colcon.colcon_core.package_identification:_identify(build) by extensions ['ignore', 'ignore_ament_install']
[1.231s] Level 1:colcon.colcon_core.package_identification:_identify(build) by extension 'ignore'
[1.232s] Level 1:colcon.colcon_core.package_identification:_identify(build) ignored
[1.232s] Level 1:colcon.colcon_core.package_identification:_identify(install) by extensions ['ignore', 'ignore_ament_install']
[1.232s] Level 1:colcon.colcon_core.package_identification:_identify(install) by extension 'ignore'
[1.232s] Level 1:colcon.colcon_core.package_identification:_identify(install) ignored
[1.232s] Level 1:colcon.colcon_core.package_identification:_identify(log) by extensions ['ignore', 'ignore_ament_install']
[1.232s] Level 1:colcon.colcon_core.package_identification:_identify(log) by extension 'ignore'
[1.232s] Level 1:colcon.colcon_core.package_identification:_identify(log) ignored
[1.233s] Level 1:colcon.colcon_core.package_identification:_identify(logs) by extensions ['ignore', 'ignore_ament_install']
[1.233s] Level 1:colcon.colcon_core.package_identification:_identify(logs) by extension 'ignore'
[1.233s] Level 1:colcon.colcon_core.package_identification:_identify(logs) by extension 'ignore_ament_install'
[1.233s] Level 1:colcon.colcon_core.package_identification:_identify(logs) by extensions ['colcon_pkg']
[1.233s] Level 1:colcon.colcon_core.package_identification:_identify(logs) by extension 'colcon_pkg'
[1.233s] Level 1:colcon.colcon_core.package_identification:_identify(logs) by extensions ['colcon_meta']
[1.233s] Level 1:colcon.colcon_core.package_identification:_identify(logs) by extension 'colcon_meta'
[1.233s] Level 1:colcon.colcon_core.package_identification:_identify(logs) by extensions ['ros']
[1.233s] Level 1:colcon.colcon_core.package_identification:_identify(logs) by extension 'ros'
[1.234s] Level 1:colcon.colcon_core.package_identification:_identify(logs) by extensions ['cmake', 'python']
[1.234s] Level 1:colcon.colcon_core.package_identification:_identify(logs) by extension 'cmake'
[1.234s] Level 1:colcon.colcon_core.package_identification:_identify(logs) by extension 'python'
[1.234s] Level 1:colcon.colcon_core.package_identification:_identify(logs) by extensions ['python_setup_py']
[1.234s] Level 1:colcon.colcon_core.package_identification:_identify(logs) by extension 'python_setup_py'
[1.234s] Level 1:colcon.colcon_core.package_identification:_identify(models) by extensions ['ignore', 'ignore_ament_install']
[1.234s] Level 1:colcon.colcon_core.package_identification:_identify(models) by extension 'ignore'
[1.234s] Level 1:colcon.colcon_core.package_identification:_identify(models) by extension 'ignore_ament_install'
[1.234s] Level 1:colcon.colcon_core.package_identification:_identify(models) by extensions ['colcon_pkg']
[1.234s] Level 1:colcon.colcon_core.package_identification:_identify(models) by extension 'colcon_pkg'
[1.234s] Level 1:colcon.colcon_core.package_identification:_identify(models) by extensions ['colcon_meta']
[1.235s] Level 1:colcon.colcon_core.package_identification:_identify(models) by extension 'colcon_meta'
[1.235s] Level 1:colcon.colcon_core.package_identification:_identify(models) by extensions ['ros']
[1.235s] Level 1:colcon.colcon_core.package_identification:_identify(models) by extension 'ros'
[1.235s] Level 1:colcon.colcon_core.package_identification:_identify(models) by extensions ['cmake', 'python']
[1.235s] Level 1:colcon.colcon_core.package_identification:_identify(models) by extension 'cmake'
[1.235s] Level 1:colcon.colcon_core.package_identification:_identify(models) by extension 'python'
[1.235s] Level 1:colcon.colcon_core.package_identification:_identify(models) by extensions ['python_setup_py']
[1.235s] Level 1:colcon.colcon_core.package_identification:_identify(models) by extension 'python_setup_py'
[1.235s] Level 1:colcon.colcon_core.package_identification:_identify(ros_packages) by extensions ['ignore', 'ignore_ament_install']
[1.235s] Level 1:colcon.colcon_core.package_identification:_identify(ros_packages) by extension 'ignore'
[1.235s] Level 1:colcon.colcon_core.package_identification:_identify(ros_packages) by extension 'ignore_ament_install'
[1.235s] Level 1:colcon.colcon_core.package_identification:_identify(ros_packages) by extensions ['colcon_pkg']
[1.235s] Level 1:colcon.colcon_core.package_identification:_identify(ros_packages) by extension 'colcon_pkg'
[1.236s] Level 1:colcon.colcon_core.package_identification:_identify(ros_packages) by extensions ['colcon_meta']
[1.236s] Level 1:colcon.colcon_core.package_identification:_identify(ros_packages) by extension 'colcon_meta'
[1.236s] Level 1:colcon.colcon_core.package_identification:_identify(ros_packages) by extensions ['ros']
[1.236s] Level 1:colcon.colcon_core.package_identification:_identify(ros_packages) by extension 'ros'
[1.236s] Level 1:colcon.colcon_core.package_identification:_identify(ros_packages) by extensions ['cmake', 'python']
[1.236s] Level 1:colcon.colcon_core.package_identification:_identify(ros_packages) by extension 'cmake'
[1.236s] Level 1:colcon.colcon_core.package_identification:_identify(ros_packages) by extension 'python'
[1.236s] Level 1:colcon.colcon_core.package_identification:_identify(ros_packages) by extensions ['python_setup_py']
[1.236s] Level 1:colcon.colcon_core.package_identification:_identify(ros_packages) by extension 'python_setup_py'
[1.236s] Level 1:colcon.colcon_core.package_identification:_identify(ros_packages/build) by extensions ['ignore', 'ignore_ament_install']
[1.236s] Level 1:colcon.colcon_core.package_identification:_identify(ros_packages/build) by extension 'ignore'
[1.236s] Level 1:colcon.colcon_core.package_identification:_identify(ros_packages/build) ignored
[1.236s] Level 1:colcon.colcon_core.package_identification:_identify(ros_packages/install) by extensions ['ignore', 'ignore_ament_install']
[1.237s] Level 1:colcon.colcon_core.package_identification:_identify(ros_packages/install) by extension 'ignore'
[1.237s] Level 1:colcon.colcon_core.package_identification:_identify(ros_packages/install) ignored
[1.237s] Level 1:colcon.colcon_core.package_identification:_identify(ros_packages/log) by extensions ['ignore', 'ignore_ament_install']
[1.237s] Level 1:colcon.colcon_core.package_identification:_identify(ros_packages/log) by extension 'ignore'
[1.237s] Level 1:colcon.colcon_core.package_identification:_identify(ros_packages/log) ignored
[1.238s] Level 1:colcon.colcon_core.package_identification:_identify(ros_packages/px4_msgs) by extensions ['ignore', 'ignore_ament_install']
[1.238s] Level 1:colcon.colcon_core.package_identification:_identify(ros_packages/px4_msgs) by extension 'ignore'
[1.238s] Level 1:colcon.colcon_core.package_identification:_identify(ros_packages/px4_msgs) by extension 'ignore_ament_install'
[1.238s] Level 1:colcon.colcon_core.package_identification:_identify(ros_packages/px4_msgs) by extensions ['colcon_pkg']
[1.238s] Level 1:colcon.colcon_core.package_identification:_identify(ros_packages/px4_msgs) by extension 'colcon_pkg'
[1.238s] Level 1:colcon.colcon_core.package_identification:_identify(ros_packages/px4_msgs) by extensions ['colcon_meta']
[1.238s] Level 1:colcon.colcon_core.package_identification:_identify(ros_packages/px4_msgs) by extension 'colcon_meta'
[1.238s] Level 1:colcon.colcon_core.package_identification:_identify(ros_packages/px4_msgs) by extensions ['ros']
[1.238s] Level 1:colcon.colcon_core.package_identification:_identify(ros_packages/px4_msgs) by extension 'ros'
[1.249s] DEBUG:colcon.colcon_core.package_identification:Package 'ros_packages/px4_msgs' with type 'ros.ament_cmake' and name 'px4_msgs'
[1.249s] Level 1:colcon.colcon_core.package_identification:_identify(ros_packages/px4_ros_com) by extensions ['ignore', 'ignore_ament_install']
[1.249s] Level 1:colcon.colcon_core.package_identification:_identify(ros_packages/px4_ros_com) by extension 'ignore'
[1.249s] Level 1:colcon.colcon_core.package_identification:_identify(ros_packages/px4_ros_com) by extension 'ignore_ament_install'
[1.250s] Level 1:colcon.colcon_core.package_identification:_identify(ros_packages/px4_ros_com) by extensions ['colcon_pkg']
[1.250s] Level 1:colcon.colcon_core.package_identification:_identify(ros_packages/px4_ros_com) by extension 'colcon_pkg'
[1.250s] Level 1:colcon.colcon_core.package_identification:_identify(ros_packages/px4_ros_com) by extensions ['colcon_meta']
[1.250s] Level 1:colcon.colcon_core.package_identification:_identify(ros_packages/px4_ros_com) by extension 'colcon_meta'
[1.250s] Level 1:colcon.colcon_core.package_identification:_identify(ros_packages/px4_ros_com) by extensions ['ros']
[1.250s] Level 1:colcon.colcon_core.package_identification:_identify(ros_packages/px4_ros_com) by extension 'ros'
[1.252s] DEBUG:colcon.colcon_core.package_identification:Package 'ros_packages/px4_ros_com' with type 'ros.ament_cmake' and name 'px4_ros_com'
[1.252s] Level 1:colcon.colcon_core.package_identification:_identify(ros_packages/px4_ros_extended) by extensions ['ignore', 'ignore_ament_install']
[1.252s] Level 1:colcon.colcon_core.package_identification:_identify(ros_packages/px4_ros_extended) by extension 'ignore'
[1.252s] Level 1:colcon.colcon_core.package_identification:_identify(ros_packages/px4_ros_extended) by extension 'ignore_ament_install'
[1.253s] Level 1:colcon.colcon_core.package_identification:_identify(ros_packages/px4_ros_extended) by extensions ['colcon_pkg']
[1.253s] Level 1:colcon.colcon_core.package_identification:_identify(ros_packages/px4_ros_extended) by extension 'colcon_pkg'
[1.253s] Level 1:colcon.colcon_core.package_identification:_identify(ros_packages/px4_ros_extended) by extensions ['colcon_meta']
[1.253s] Level 1:colcon.colcon_core.package_identification:_identify(ros_packages/px4_ros_extended) by extension 'colcon_meta'
[1.253s] Level 1:colcon.colcon_core.package_identification:_identify(ros_packages/px4_ros_extended) by extensions ['ros']
[1.253s] Level 1:colcon.colcon_core.package_identification:_identify(ros_packages/px4_ros_extended) by extension 'ros'
[1.255s] DEBUG:colcon.colcon_core.package_identification:Package 'ros_packages/px4_ros_extended' with type 'ros.ament_cmake' and name 'px4_ros_extended'
[1.255s] Level 1:colcon.colcon_core.package_discovery:discover_packages(recursive) using defaults
[1.255s] Level 1:colcon.colcon_core.package_discovery:discover_packages(ignore) discover
[1.255s] Level 1:colcon.colcon_core.package_discovery:discover_packages(ignore) using defaults
[1.255s] Level 1:colcon.colcon_core.package_discovery:discover_packages(path) discover
[1.255s] Level 1:colcon.colcon_core.package_discovery:discover_packages(path) using defaults
[1.322s] Level 1:colcon.colcon_core.package_discovery:discover_packages(prefix_path) check parameters
[1.322s] Level 1:colcon.colcon_core.package_discovery:discover_packages(prefix_path) discover
[1.330s] DEBUG:colcon.colcon_installed_package_information.package_discovery:Found 3 installed packages in /src/shared/ros_packages/install
[1.333s] DEBUG:colcon.colcon_installed_package_information.package_discovery:Found 264 installed packages in /opt/ros/foxy
[1.335s] Level 1:colcon.colcon_core.package_discovery:discover_packages(prefix_path) using defaults
[1.490s] Level 5:colcon.colcon_core.verb:set package 'px4_msgs' build argument 'cmake_args' from command line to 'None'
[1.490s] Level 5:colcon.colcon_core.verb:set package 'px4_msgs' build argument 'cmake_target' from command line to 'None'
[1.490s] Level 5:colcon.colcon_core.verb:set package 'px4_msgs' build argument 'cmake_target_skip_unavailable' from command line to 'False'
[1.490s] Level 5:colcon.colcon_core.verb:set package 'px4_msgs' build argument 'cmake_clean_cache' from command line to 'False'
[1.490s] Level 5:colcon.colcon_core.verb:set package 'px4_msgs' build argument 'cmake_clean_first' from command line to 'False'
[1.490s] Level 5:colcon.colcon_core.verb:set package 'px4_msgs' build argument 'cmake_force_configure' from command line to 'False'
[1.490s] Level 5:colcon.colcon_core.verb:set package 'px4_msgs' build argument 'ament_cmake_args' from command line to 'None'
[1.490s] Level 5:colcon.colcon_core.verb:set package 'px4_msgs' build argument 'catkin_cmake_args' from command line to 'None'
[1.491s] Level 5:colcon.colcon_core.verb:set package 'px4_msgs' build argument 'catkin_skip_building_tests' from command line to 'False'
[1.491s] DEBUG:colcon.colcon_core.verb:Building package 'px4_msgs' with the following arguments: {'ament_cmake_args': None, 'build_base': '/src/shared/build/px4_msgs', 'catkin_cmake_args': None, 'catkin_skip_building_tests': False, 'cmake_args': None, 'cmake_clean_cache': False, 'cmake_clean_first': False, 'cmake_force_configure': False, 'cmake_target': None, 'cmake_target_skip_unavailable': False, 'install_base': '/src/shared/install/px4_msgs', 'merge_install': False, 'path': '/src/shared/ros_packages/px4_msgs', 'symlink_install': False, 'test_result_base': None}
[1.491s] Level 5:colcon.colcon_core.verb:set package 'px4_ros_com' build argument 'cmake_args' from command line to 'None'
[1.491s] Level 5:colcon.colcon_core.verb:set package 'px4_ros_com' build argument 'cmake_target' from command line to 'None'
[1.491s] Level 5:colcon.colcon_core.verb:set package 'px4_ros_com' build argument 'cmake_target_skip_unavailable' from command line to 'False'
[1.491s] Level 5:colcon.colcon_core.verb:set package 'px4_ros_com' build argument 'cmake_clean_cache' from command line to 'False'
[1.491s] Level 5:colcon.colcon_core.verb:set package 'px4_ros_com' build argument 'cmake_clean_first' from command line to 'False'
[1.491s] Level 5:colcon.colcon_core.verb:set package 'px4_ros_com' build argument 'cmake_force_configure' from command line to 'False'
[1.491s] Level 5:colcon.colcon_core.verb:set package 'px4_ros_com' build argument 'ament_cmake_args' from command line to 'None'
[1.491s] Level 5:colcon.colcon_core.verb:set package 'px4_ros_com' build argument 'catkin_cmake_args' from command line to 'None'
[1.491s] Level 5:colcon.colcon_core.verb:set package 'px4_ros_com' build argument 'catkin_skip_building_tests' from command line to 'False'
[1.491s] DEBUG:colcon.colcon_core.verb:Building package 'px4_ros_com' with the following arguments: {'ament_cmake_args': None, 'build_base': '/src/shared/build/px4_ros_com', 'catkin_cmake_args': None, 'catkin_skip_building_tests': False, 'cmake_args': None, 'cmake_clean_cache': False, 'cmake_clean_first': False, 'cmake_force_configure': False, 'cmake_target': None, 'cmake_target_skip_unavailable': False, 'install_base': '/src/shared/install/px4_ros_com', 'merge_install': False, 'path': '/src/shared/ros_packages/px4_ros_com', 'symlink_install': False, 'test_result_base': None}
[1.492s] Level 5:colcon.colcon_core.verb:set package 'px4_ros_extended' build argument 'cmake_args' from command line to 'None'
[1.492s] Level 5:colcon.colcon_core.verb:set package 'px4_ros_extended' build argument 'cmake_target' from command line to 'None'
[1.492s] Level 5:colcon.colcon_core.verb:set package 'px4_ros_extended' build argument 'cmake_target_skip_unavailable' from command line to 'False'
[1.492s] Level 5:colcon.colcon_core.verb:set package 'px4_ros_extended' build argument 'cmake_clean_cache' from command line to 'False'
[1.492s] Level 5:colcon.colcon_core.verb:set package 'px4_ros_extended' build argument 'cmake_clean_first' from command line to 'False'
[1.492s] Level 5:colcon.colcon_core.verb:set package 'px4_ros_extended' build argument 'cmake_force_configure' from command line to 'False'
[1.492s] Level 5:colcon.colcon_core.verb:set package 'px4_ros_extended' build argument 'ament_cmake_args' from command line to 'None'
[1.492s] Level 5:colcon.colcon_core.verb:set package 'px4_ros_extended' build argument 'catkin_cmake_args' from command line to 'None'
[1.492s] Level 5:colcon.colcon_core.verb:set package 'px4_ros_extended' build argument 'catkin_skip_building_tests' from command line to 'False'
[1.492s] DEBUG:colcon.colcon_core.verb:Building package 'px4_ros_extended' with the following arguments: {'ament_cmake_args': None, 'build_base': '/src/shared/build/px4_ros_extended', 'catkin_cmake_args': None, 'catkin_skip_building_tests': False, 'cmake_args': None, 'cmake_clean_cache': False, 'cmake_clean_first': False, 'cmake_force_configure': False, 'cmake_target': None, 'cmake_target_skip_unavailable': False, 'install_base': '/src/shared/install/px4_ros_extended', 'merge_install': False, 'path': '/src/shared/ros_packages/px4_ros_extended', 'symlink_install': False, 'test_result_base': None}
[1.493s] INFO:colcon.colcon_core.executor:Executing jobs using 'parallel' executor
[1.494s] DEBUG:colcon.colcon_parallel_executor.executor.parallel:run_until_complete
[1.494s] INFO:colcon.colcon_ros.task.ament_cmake.build:Building ROS package in '/src/shared/ros_packages/px4_msgs' with build type 'ament_cmake'
[1.494s] INFO:colcon.colcon_cmake.task.cmake.build:Building CMake package in '/src/shared/ros_packages/px4_msgs'
[1.509s] INFO:colcon.colcon_core.plugin_system:Skipping extension 'colcon_core.shell.bat': Not used on non-Windows systems
[1.509s] INFO:colcon.colcon_core.shell:Skip shell extension 'powershell' for command environment: Not usable outside of PowerShell
[1.509s] DEBUG:colcon.colcon_core.shell:Skip shell extension 'dsv' for command environment
[1.534s] DEBUG:colcon.colcon_core.event_handler.log_command:Invoking command in '/src/shared/build/px4_msgs': CMAKE_PREFIX_PATH=${CMAKE_PREFIX_PATH}:/opt/ros/foxy /usr/local/bin/cmake --build /src/shared/build/px4_msgs -- -j16 -l16
[4.252s] DEBUG:colcon.colcon_core.event_handler.log_command:Invoked command in '/src/shared/build/px4_msgs' returned '0': CMAKE_PREFIX_PATH=${CMAKE_PREFIX_PATH}:/opt/ros/foxy /usr/local/bin/cmake --build /src/shared/build/px4_msgs -- -j16 -l16
[4.317s] DEBUG:colcon.colcon_core.event_handler.log_command:Invoking command in '/src/shared/build/px4_msgs': CMAKE_PREFIX_PATH=${CMAKE_PREFIX_PATH}:/opt/ros/foxy /usr/local/bin/cmake --install /src/shared/build/px4_msgs
[5.048s] Level 1:colcon.colcon_core.environment:create_environment_scripts_only(px4_msgs)
[5.128s] Level 1:colcon.colcon_core.environment:checking '/src/shared/install/px4_msgs' for CMake module files
[5.178s] Level 1:colcon.colcon_core.environment:checking '/src/shared/install/px4_msgs' for CMake config files
[5.206s] DEBUG:colcon.colcon_core.event_handler.log_command:Invoked command in '/src/shared/build/px4_msgs' returned '0': CMAKE_PREFIX_PATH=${CMAKE_PREFIX_PATH}:/opt/ros/foxy /usr/local/bin/cmake --install /src/shared/build/px4_msgs
[5.214s] Level 1:colcon.colcon_core.shell:create_environment_hook('px4_msgs', 'cmake_prefix_path')
[5.214s] INFO:colcon.colcon_core.shell:Creating environment hook '/src/shared/install/px4_msgs/share/px4_msgs/hook/cmake_prefix_path.ps1'
[5.218s] INFO:colcon.colcon_core.shell:Creating environment descriptor '/src/shared/install/px4_msgs/share/px4_msgs/hook/cmake_prefix_path.dsv'
[5.219s] INFO:colcon.colcon_core.shell:Creating environment hook '/src/shared/install/px4_msgs/share/px4_msgs/hook/cmake_prefix_path.sh'
[5.222s] Level 1:colcon.colcon_core.environment:checking '/src/shared/install/px4_msgs/lib'
[5.223s] Level 1:colcon.colcon_core.shell:create_environment_hook('px4_msgs', 'ld_library_path_lib')
[5.223s] INFO:colcon.colcon_core.shell:Creating environment hook '/src/shared/install/px4_msgs/share/px4_msgs/hook/ld_library_path_lib.ps1'
[5.224s] INFO:colcon.colcon_core.shell:Creating environment descriptor '/src/shared/install/px4_msgs/share/px4_msgs/hook/ld_library_path_lib.dsv'
[5.224s] INFO:colcon.colcon_core.shell:Creating environment hook '/src/shared/install/px4_msgs/share/px4_msgs/hook/ld_library_path_lib.sh'
[5.225s] Level 1:colcon.colcon_core.environment:checking '/src/shared/install/px4_msgs/bin'
[5.225s] Level 1:colcon.colcon_core.environment:checking '/src/shared/install/px4_msgs/lib/pkgconfig/px4_msgs.pc'
[5.225s] Level 1:colcon.colcon_core.environment:checking '/src/shared/install/px4_msgs/lib/python3.8/site-packages'
[5.226s] Level 1:colcon.colcon_core.shell:create_environment_hook('px4_msgs', 'pythonpath')
[5.226s] INFO:colcon.colcon_core.shell:Creating environment hook '/src/shared/install/px4_msgs/share/px4_msgs/hook/pythonpath.ps1'
[5.226s] INFO:colcon.colcon_core.shell:Creating environment descriptor '/src/shared/install/px4_msgs/share/px4_msgs/hook/pythonpath.dsv'
[5.228s] INFO:colcon.colcon_core.shell:Creating environment hook '/src/shared/install/px4_msgs/share/px4_msgs/hook/pythonpath.sh'
[5.229s] Level 1:colcon.colcon_core.environment:checking '/src/shared/install/px4_msgs/bin'
[5.230s] INFO:colcon.colcon_core.shell:Creating package script '/src/shared/install/px4_msgs/share/px4_msgs/package.ps1'
[5.232s] INFO:colcon.colcon_core.shell:Creating package descriptor '/src/shared/install/px4_msgs/share/px4_msgs/package.dsv'
[5.233s] INFO:colcon.colcon_core.shell:Creating package script '/src/shared/install/px4_msgs/share/px4_msgs/package.sh'
[5.236s] INFO:colcon.colcon_core.shell:Creating package script '/src/shared/install/px4_msgs/share/px4_msgs/package.bash'
[5.238s] INFO:colcon.colcon_core.shell:Creating package script '/src/shared/install/px4_msgs/share/px4_msgs/package.zsh'
[5.241s] Level 1:colcon.colcon_core.environment:create_file_with_runtime_dependencies(/src/shared/install/px4_msgs/share/colcon-core/packages/px4_msgs)
[5.242s] Level 1:colcon.colcon_core.environment:create_environment_scripts_only(px4_msgs)
[5.242s] Level 1:colcon.colcon_core.environment:checking '/src/shared/install/px4_msgs' for CMake module files
[5.243s] Level 1:colcon.colcon_core.environment:checking '/src/shared/install/px4_msgs' for CMake config files
[5.250s] Level 1:colcon.colcon_core.shell:create_environment_hook('px4_msgs', 'cmake_prefix_path')
[5.250s] INFO:colcon.colcon_core.shell:Creating environment hook '/src/shared/install/px4_msgs/share/px4_msgs/hook/cmake_prefix_path.ps1'
[5.251s] INFO:colcon.colcon_core.shell:Creating environment descriptor '/src/shared/install/px4_msgs/share/px4_msgs/hook/cmake_prefix_path.dsv'
[5.252s] INFO:colcon.colcon_core.shell:Creating environment hook '/src/shared/install/px4_msgs/share/px4_msgs/hook/cmake_prefix_path.sh'
[5.254s] Level 1:colcon.colcon_core.environment:checking '/src/shared/install/px4_msgs/lib'
[5.254s] Level 1:colcon.colcon_core.shell:create_environment_hook('px4_msgs', 'ld_library_path_lib')
[5.254s] INFO:colcon.colcon_core.shell:Creating environment hook '/src/shared/install/px4_msgs/share/px4_msgs/hook/ld_library_path_lib.ps1'
[5.255s] INFO:colcon.colcon_core.shell:Creating environment descriptor '/src/shared/install/px4_msgs/share/px4_msgs/hook/ld_library_path_lib.dsv'
[5.256s] INFO:colcon.colcon_core.shell:Creating environment hook '/src/shared/install/px4_msgs/share/px4_msgs/hook/ld_library_path_lib.sh'
[5.257s] Level 1:colcon.colcon_core.environment:checking '/src/shared/install/px4_msgs/bin'
[5.258s] Level 1:colcon.colcon_core.environment:checking '/src/shared/install/px4_msgs/lib/pkgconfig/px4_msgs.pc'
[5.258s] Level 1:colcon.colcon_core.environment:checking '/src/shared/install/px4_msgs/lib/python3.8/site-packages'
[5.258s] Level 1:colcon.colcon_core.shell:create_environment_hook('px4_msgs', 'pythonpath')
[5.259s] INFO:colcon.colcon_core.shell:Creating environment hook '/src/shared/install/px4_msgs/share/px4_msgs/hook/pythonpath.ps1'
[5.259s] INFO:colcon.colcon_core.shell:Creating environment descriptor '/src/shared/install/px4_msgs/share/px4_msgs/hook/pythonpath.dsv'
[5.260s] INFO:colcon.colcon_core.shell:Creating environment hook '/src/shared/install/px4_msgs/share/px4_msgs/hook/pythonpath.sh'
[5.262s] Level 1:colcon.colcon_core.environment:checking '/src/shared/install/px4_msgs/bin'
[5.263s] INFO:colcon.colcon_core.shell:Creating package script '/src/shared/install/px4_msgs/share/px4_msgs/package.ps1'
[5.264s] INFO:colcon.colcon_core.shell:Creating package descriptor '/src/shared/install/px4_msgs/share/px4_msgs/package.dsv'
[5.265s] INFO:colcon.colcon_core.shell:Creating package script '/src/shared/install/px4_msgs/share/px4_msgs/package.sh'
[5.266s] INFO:colcon.colcon_core.shell:Creating package script '/src/shared/install/px4_msgs/share/px4_msgs/package.bash'
[5.267s] INFO:colcon.colcon_core.shell:Creating package script '/src/shared/install/px4_msgs/share/px4_msgs/package.zsh'
[5.268s] Level 1:colcon.colcon_core.environment:create_file_with_runtime_dependencies(/src/shared/install/px4_msgs/share/colcon-core/packages/px4_msgs)
[5.268s] INFO:colcon.colcon_ros.task.ament_cmake.build:Building ROS package in '/src/shared/ros_packages/px4_ros_com' with build type 'ament_cmake'
[5.269s] INFO:colcon.colcon_cmake.task.cmake.build:Building CMake package in '/src/shared/ros_packages/px4_ros_com'
[5.270s] INFO:colcon.colcon_core.shell:Skip shell extension 'powershell' for command environment: Not usable outside of PowerShell
[5.270s] DEBUG:colcon.colcon_core.shell:Skip shell extension 'dsv' for command environment
[5.284s] INFO:colcon.colcon_ros.task.ament_cmake.build:Building ROS package in '/src/shared/ros_packages/px4_ros_extended' with build type 'ament_cmake'
[5.285s] INFO:colcon.colcon_cmake.task.cmake.build:Building CMake package in '/src/shared/ros_packages/px4_ros_extended'
[5.286s] INFO:colcon.colcon_core.shell:Skip shell extension 'powershell' for command environment: Not usable outside of PowerShell
[5.286s] DEBUG:colcon.colcon_core.shell:Skip shell extension 'dsv' for command environment
[5.320s] DEBUG:colcon.colcon_core.event_handler.log_command:Invoking command in '/src/shared/build/px4_ros_com': AMENT_PREFIX_PATH=/src/shared/install/px4_msgs:${AMENT_PREFIX_PATH} CMAKE_PREFIX_PATH=/src/shared/install/px4_msgs:/src/shared/ros_packages/install/px4_ros_extended:/src/shared/ros_packages/install/px4_ros_com:/src/shared/ros_packages/install/px4_msgs:/opt/ros/foxy LD_LIBRARY_PATH=/src/shared/install/px4_msgs/lib:${LD_LIBRARY_PATH} PYTHONPATH=/src/shared/install/px4_msgs/lib/python3.8/site-packages:${PYTHONPATH} /usr/local/bin/cmake --build /src/shared/build/px4_ros_com -- -j16 -l16
[5.335s] DEBUG:colcon.colcon_core.event_handler.log_command:Invoking command in '/src/shared/build/px4_ros_extended': AMENT_PREFIX_PATH=/src/shared/install/px4_msgs:${AMENT_PREFIX_PATH} CMAKE_PREFIX_PATH=/src/shared/install/px4_msgs:/src/shared/ros_packages/install/px4_ros_extended:/src/shared/ros_packages/install/px4_ros_com:/src/shared/ros_packages/install/px4_msgs:/opt/ros/foxy LD_LIBRARY_PATH=/src/shared/install/px4_msgs/lib:${LD_LIBRARY_PATH} PYTHONPATH=/src/shared/install/px4_msgs/lib/python3.8/site-packages:${PYTHONPATH} /usr/local/bin/cmake --build /src/shared/build/px4_ros_extended -- -j16 -l16
[151.297s] DEBUG:colcon.colcon_core.event_handler.log_command:Invoked command in '/src/shared/build/px4_ros_extended' returned '0': AMENT_PREFIX_PATH=/src/shared/install/px4_msgs:${AMENT_PREFIX_PATH} CMAKE_PREFIX_PATH=/src/shared/install/px4_msgs:/src/shared/ros_packages/install/px4_ros_extended:/src/shared/ros_packages/install/px4_ros_com:/src/shared/ros_packages/install/px4_msgs:/opt/ros/foxy LD_LIBRARY_PATH=/src/shared/install/px4_msgs/lib:${LD_LIBRARY_PATH} PYTHONPATH=/src/shared/install/px4_msgs/lib/python3.8/site-packages:${PYTHONPATH} /usr/local/bin/cmake --build /src/shared/build/px4_ros_extended -- -j16 -l16
[151.422s] DEBUG:colcon.colcon_core.event_handler.log_command:Invoking command in '/src/shared/build/px4_ros_extended': AMENT_PREFIX_PATH=/src/shared/install/px4_msgs:${AMENT_PREFIX_PATH} CMAKE_PREFIX_PATH=/src/shared/install/px4_msgs:/src/shared/ros_packages/install/px4_ros_extended:/src/shared/ros_packages/install/px4_ros_com:/src/shared/ros_packages/install/px4_msgs:/opt/ros/foxy LD_LIBRARY_PATH=/src/shared/install/px4_msgs/lib:${LD_LIBRARY_PATH} PYTHONPATH=/src/shared/install/px4_msgs/lib/python3.8/site-packages:${PYTHONPATH} /usr/local/bin/cmake --install /src/shared/build/px4_ros_extended
[151.811s] DEBUG:colcon.colcon_core.event_handler.log_command:Invoked command in '/src/shared/build/px4_ros_extended' returned '0': AMENT_PREFIX_PATH=/src/shared/install/px4_msgs:${AMENT_PREFIX_PATH} CMAKE_PREFIX_PATH=/src/shared/install/px4_msgs:/src/shared/ros_packages/install/px4_ros_extended:/src/shared/ros_packages/install/px4_ros_com:/src/shared/ros_packages/install/px4_msgs:/opt/ros/foxy LD_LIBRARY_PATH=/src/shared/install/px4_msgs/lib:${LD_LIBRARY_PATH} PYTHONPATH=/src/shared/install/px4_msgs/lib/python3.8/site-packages:${PYTHONPATH} /usr/local/bin/cmake --install /src/shared/build/px4_ros_extended
[151.813s] Level 1:colcon.colcon_core.environment:create_environment_scripts_only(px4_ros_extended)
[151.872s] Level 1:colcon.colcon_core.environment:checking '/src/shared/install/px4_ros_extended' for CMake module files
[151.877s] Level 1:colcon.colcon_core.environment:checking '/src/shared/install/px4_ros_extended' for CMake config files
[151.894s] Level 1:colcon.colcon_core.shell:create_environment_hook('px4_ros_extended', 'cmake_prefix_path')
[151.914s] INFO:colcon.colcon_core.shell:Creating environment hook '/src/shared/install/px4_ros_extended/share/px4_ros_extended/hook/cmake_prefix_path.ps1'
[152.000s] INFO:colcon.colcon_core.shell:Creating environment descriptor '/src/shared/install/px4_ros_extended/share/px4_ros_extended/hook/cmake_prefix_path.dsv'
[152.009s] INFO:colcon.colcon_core.shell:Creating environment hook '/src/shared/install/px4_ros_extended/share/px4_ros_extended/hook/cmake_prefix_path.sh'
[152.028s] Level 1:colcon.colcon_core.environment:checking '/src/shared/install/px4_ros_extended/lib'
[152.029s] Level 1:colcon.colcon_core.environment:checking '/src/shared/install/px4_ros_extended/bin'
[152.030s] Level 1:colcon.colcon_core.environment:checking '/src/shared/install/px4_ros_extended/lib/pkgconfig/px4_ros_extended.pc'
[152.048s] Level 1:colcon.colcon_core.environment:checking '/src/shared/install/px4_ros_extended/lib/python3.8/site-packages'
[152.048s] Level 1:colcon.colcon_core.shell:create_environment_hook('px4_ros_extended', 'pythonpath')
[152.049s] INFO:colcon.colcon_core.shell:Creating environment hook '/src/shared/install/px4_ros_extended/share/px4_ros_extended/hook/pythonpath.ps1'
[152.050s] INFO:colcon.colcon_core.shell:Creating environment descriptor '/src/shared/install/px4_ros_extended/share/px4_ros_extended/hook/pythonpath.dsv'
[152.052s] INFO:colcon.colcon_core.shell:Creating environment hook '/src/shared/install/px4_ros_extended/share/px4_ros_extended/hook/pythonpath.sh'
[152.053s] Level 1:colcon.colcon_core.environment:checking '/src/shared/install/px4_ros_extended/bin'
[152.054s] INFO:colcon.colcon_core.shell:Creating package script '/src/shared/install/px4_ros_extended/share/px4_ros_extended/package.ps1'
[152.059s] INFO:colcon.colcon_core.shell:Creating package descriptor '/src/shared/install/px4_ros_extended/share/px4_ros_extended/package.dsv'
[152.061s] INFO:colcon.colcon_core.shell:Creating package script '/src/shared/install/px4_ros_extended/share/px4_ros_extended/package.sh'
[152.063s] INFO:colcon.colcon_core.shell:Creating package script '/src/shared/install/px4_ros_extended/share/px4_ros_extended/package.bash'
[152.069s] INFO:colcon.colcon_core.shell:Creating package script '/src/shared/install/px4_ros_extended/share/px4_ros_extended/package.zsh'
[152.076s] Level 1:colcon.colcon_core.environment:create_file_with_runtime_dependencies(/src/shared/install/px4_ros_extended/share/colcon-core/packages/px4_ros_extended)
[152.083s] Level 1:colcon.colcon_core.environment:create_environment_scripts_only(px4_ros_extended)
[152.084s] Level 1:colcon.colcon_core.environment:checking '/src/shared/install/px4_ros_extended' for CMake module files
[152.084s] Level 1:colcon.colcon_core.environment:checking '/src/shared/install/px4_ros_extended' for CMake config files
[152.085s] Level 1:colcon.colcon_core.shell:create_environment_hook('px4_ros_extended', 'cmake_prefix_path')
[152.085s] INFO:colcon.colcon_core.shell:Creating environment hook '/src/shared/install/px4_ros_extended/share/px4_ros_extended/hook/cmake_prefix_path.ps1'
[152.086s] INFO:colcon.colcon_core.shell:Creating environment descriptor '/src/shared/install/px4_ros_extended/share/px4_ros_extended/hook/cmake_prefix_path.dsv'
[152.087s] INFO:colcon.colcon_core.shell:Creating environment hook '/src/shared/install/px4_ros_extended/share/px4_ros_extended/hook/cmake_prefix_path.sh'
[152.101s] Level 1:colcon.colcon_core.environment:checking '/src/shared/install/px4_ros_extended/lib'
[152.101s] Level 1:colcon.colcon_core.environment:checking '/src/shared/install/px4_ros_extended/bin'
[152.101s] Level 1:colcon.colcon_core.environment:checking '/src/shared/install/px4_ros_extended/lib/pkgconfig/px4_ros_extended.pc'
[152.102s] Level 1:colcon.colcon_core.environment:checking '/src/shared/install/px4_ros_extended/lib/python3.8/site-packages'
[152.102s] Level 1:colcon.colcon_core.shell:create_environment_hook('px4_ros_extended', 'pythonpath')
[152.102s] INFO:colcon.colcon_core.shell:Creating environment hook '/src/shared/install/px4_ros_extended/share/px4_ros_extended/hook/pythonpath.ps1'
[152.103s] INFO:colcon.colcon_core.shell:Creating environment descriptor '/src/shared/install/px4_ros_extended/share/px4_ros_extended/hook/pythonpath.dsv'
[152.104s] INFO:colcon.colcon_core.shell:Creating environment hook '/src/shared/install/px4_ros_extended/share/px4_ros_extended/hook/pythonpath.sh'
[152.105s] Level 1:colcon.colcon_core.environment:checking '/src/shared/install/px4_ros_extended/bin'
[152.105s] INFO:colcon.colcon_core.shell:Creating package script '/src/shared/install/px4_ros_extended/share/px4_ros_extended/package.ps1'
[152.106s] INFO:colcon.colcon_core.shell:Creating package descriptor '/src/shared/install/px4_ros_extended/share/px4_ros_extended/package.dsv'
[152.107s] INFO:colcon.colcon_core.shell:Creating package script '/src/shared/install/px4_ros_extended/share/px4_ros_extended/package.sh'
[152.108s] INFO:colcon.colcon_core.shell:Creating package script '/src/shared/install/px4_ros_extended/share/px4_ros_extended/package.bash'
[152.109s] INFO:colcon.colcon_core.shell:Creating package script '/src/shared/install/px4_ros_extended/share/px4_ros_extended/package.zsh'
[152.109s] Level 1:colcon.colcon_core.environment:create_file_with_runtime_dependencies(/src/shared/install/px4_ros_extended/share/colcon-core/packages/px4_ros_extended)
[240.628s] DEBUG:colcon.colcon_core.event_handler.log_command:Invoked command in '/src/shared/build/px4_ros_com' returned '0': AMENT_PREFIX_PATH=/src/shared/install/px4_msgs:${AMENT_PREFIX_PATH} CMAKE_PREFIX_PATH=/src/shared/install/px4_msgs:/src/shared/ros_packages/install/px4_ros_extended:/src/shared/ros_packages/install/px4_ros_com:/src/shared/ros_packages/install/px4_msgs:/opt/ros/foxy LD_LIBRARY_PATH=/src/shared/install/px4_msgs/lib:${LD_LIBRARY_PATH} PYTHONPATH=/src/shared/install/px4_msgs/lib/python3.8/site-packages:${PYTHONPATH} /usr/local/bin/cmake --build /src/shared/build/px4_ros_com -- -j16 -l16
[240.642s] DEBUG:colcon.colcon_core.event_handler.log_command:Invoking command in '/src/shared/build/px4_ros_com': AMENT_PREFIX_PATH=/src/shared/install/px4_msgs:${AMENT_PREFIX_PATH} CMAKE_PREFIX_PATH=/src/shared/install/px4_msgs:/src/shared/ros_packages/install/px4_ros_extended:/src/shared/ros_packages/install/px4_ros_com:/src/shared/ros_packages/install/px4_msgs:/opt/ros/foxy LD_LIBRARY_PATH=/src/shared/install/px4_msgs/lib:${LD_LIBRARY_PATH} PYTHONPATH=/src/shared/install/px4_msgs/lib/python3.8/site-packages:${PYTHONPATH} /usr/local/bin/cmake --install /src/shared/build/px4_ros_com
[240.985s] Level 1:colcon.colcon_core.environment:create_environment_scripts_only(px4_ros_com)
[240.986s] Level 1:colcon.colcon_core.environment:checking '/src/shared/install/px4_ros_com' for CMake module files
[240.987s] DEBUG:colcon.colcon_core.event_handler.log_command:Invoked command in '/src/shared/build/px4_ros_com' returned '0': AMENT_PREFIX_PATH=/src/shared/install/px4_msgs:${AMENT_PREFIX_PATH} CMAKE_PREFIX_PATH=/src/shared/install/px4_msgs:/src/shared/ros_packages/install/px4_ros_extended:/src/shared/ros_packages/install/px4_ros_com:/src/shared/ros_packages/install/px4_msgs:/opt/ros/foxy LD_LIBRARY_PATH=/src/shared/install/px4_msgs/lib:${LD_LIBRARY_PATH} PYTHONPATH=/src/shared/install/px4_msgs/lib/python3.8/site-packages:${PYTHONPATH} /usr/local/bin/cmake --install /src/shared/build/px4_ros_com
[240.988s] Level 1:colcon.colcon_core.environment:checking '/src/shared/install/px4_ros_com' for CMake config files
[240.989s] Level 1:colcon.colcon_core.shell:create_environment_hook('px4_ros_com', 'cmake_prefix_path')
[240.989s] INFO:colcon.colcon_core.shell:Creating environment hook '/src/shared/install/px4_ros_com/share/px4_ros_com/hook/cmake_prefix_path.ps1'
[240.991s] INFO:colcon.colcon_core.shell:Creating environment descriptor '/src/shared/install/px4_ros_com/share/px4_ros_com/hook/cmake_prefix_path.dsv'
[240.991s] INFO:colcon.colcon_core.shell:Creating environment hook '/src/shared/install/px4_ros_com/share/px4_ros_com/hook/cmake_prefix_path.sh'
[240.993s] Level 1:colcon.colcon_core.environment:checking '/src/shared/install/px4_ros_com/lib'
[240.993s] Level 1:colcon.colcon_core.shell:create_environment_hook('px4_ros_com', 'ld_library_path_lib')
[240.993s] INFO:colcon.colcon_core.shell:Creating environment hook '/src/shared/install/px4_ros_com/share/px4_ros_com/hook/ld_library_path_lib.ps1'
[240.995s] INFO:colcon.colcon_core.shell:Creating environment descriptor '/src/shared/install/px4_ros_com/share/px4_ros_com/hook/ld_library_path_lib.dsv'
[240.996s] INFO:colcon.colcon_core.shell:Creating environment hook '/src/shared/install/px4_ros_com/share/px4_ros_com/hook/ld_library_path_lib.sh'
[240.997s] Level 1:colcon.colcon_core.environment:checking '/src/shared/install/px4_ros_com/bin'
[240.997s] Level 1:colcon.colcon_core.shell:create_environment_hook('px4_ros_com', 'path')
[240.999s] INFO:colcon.colcon_core.shell:Creating environment hook '/src/shared/install/px4_ros_com/share/px4_ros_com/hook/path.ps1'
[241.000s] INFO:colcon.colcon_core.shell:Creating environment descriptor '/src/shared/install/px4_ros_com/share/px4_ros_com/hook/path.dsv'
[241.001s] INFO:colcon.colcon_core.shell:Creating environment hook '/src/shared/install/px4_ros_com/share/px4_ros_com/hook/path.sh'
[241.001s] Level 1:colcon.colcon_core.environment:checking '/src/shared/install/px4_ros_com/lib/pkgconfig/px4_ros_com.pc'
[241.002s] Level 1:colcon.colcon_core.environment:checking '/src/shared/install/px4_ros_com/lib/python3.8/site-packages'
[241.002s] Level 1:colcon.colcon_core.environment:checking '/src/shared/install/px4_ros_com/bin'
[241.002s] Level 1:colcon.colcon_core.shell:create_environment_hook('px4_ros_com', 'pythonscriptspath')
[241.003s] INFO:colcon.colcon_core.shell:Creating environment hook '/src/shared/install/px4_ros_com/share/px4_ros_com/hook/pythonscriptspath.ps1'
[241.005s] INFO:colcon.colcon_core.shell:Creating environment descriptor '/src/shared/install/px4_ros_com/share/px4_ros_com/hook/pythonscriptspath.dsv'
[241.006s] INFO:colcon.colcon_core.shell:Creating environment hook '/src/shared/install/px4_ros_com/share/px4_ros_com/hook/pythonscriptspath.sh'
[241.006s] INFO:colcon.colcon_core.shell:Creating package script '/src/shared/install/px4_ros_com/share/px4_ros_com/package.ps1'
[241.007s] INFO:colcon.colcon_core.shell:Creating package descriptor '/src/shared/install/px4_ros_com/share/px4_ros_com/package.dsv'
[241.009s] INFO:colcon.colcon_core.shell:Creating package script '/src/shared/install/px4_ros_com/share/px4_ros_com/package.sh'
[241.010s] INFO:colcon.colcon_core.shell:Creating package script '/src/shared/install/px4_ros_com/share/px4_ros_com/package.bash'
[241.010s] INFO:colcon.colcon_core.shell:Creating package script '/src/shared/install/px4_ros_com/share/px4_ros_com/package.zsh'
[241.011s] Level 1:colcon.colcon_core.environment:create_file_with_runtime_dependencies(/src/shared/install/px4_ros_com/share/colcon-core/packages/px4_ros_com)
[241.014s] Level 1:colcon.colcon_core.environment:create_environment_scripts_only(px4_ros_com)
[241.014s] Level 1:colcon.colcon_core.environment:checking '/src/shared/install/px4_ros_com' for CMake module files
[241.016s] Level 1:colcon.colcon_core.environment:checking '/src/shared/install/px4_ros_com' for CMake config files
[241.016s] Level 1:colcon.colcon_core.shell:create_environment_hook('px4_ros_com', 'cmake_prefix_path')
[241.016s] INFO:colcon.colcon_core.shell:Creating environment hook '/src/shared/install/px4_ros_com/share/px4_ros_com/hook/cmake_prefix_path.ps1'
[241.018s] INFO:colcon.colcon_core.shell:Creating environment descriptor '/src/shared/install/px4_ros_com/share/px4_ros_com/hook/cmake_prefix_path.dsv'
[241.019s] INFO:colcon.colcon_core.shell:Creating environment hook '/src/shared/install/px4_ros_com/share/px4_ros_com/hook/cmake_prefix_path.sh'
[241.022s] Level 1:colcon.colcon_core.environment:checking '/src/shared/install/px4_ros_com/lib'
[241.023s] Level 1:colcon.colcon_core.shell:create_environment_hook('px4_ros_com', 'ld_library_path_lib')
[241.023s] INFO:colcon.colcon_core.shell:Creating environment hook '/src/shared/install/px4_ros_com/share/px4_ros_com/hook/ld_library_path_lib.ps1'
[241.024s] INFO:colcon.colcon_core.shell:Creating environment descriptor '/src/shared/install/px4_ros_com/share/px4_ros_com/hook/ld_library_path_lib.dsv'
[241.025s] INFO:colcon.colcon_core.shell:Creating environment hook '/src/shared/install/px4_ros_com/share/px4_ros_com/hook/ld_library_path_lib.sh'
[241.027s] Level 1:colcon.colcon_core.environment:checking '/src/shared/install/px4_ros_com/bin'
[241.027s] Level 1:colcon.colcon_core.shell:create_environment_hook('px4_ros_com', 'path')
[241.027s] INFO:colcon.colcon_core.shell:Creating environment hook '/src/shared/install/px4_ros_com/share/px4_ros_com/hook/path.ps1'
[241.028s] INFO:colcon.colcon_core.shell:Creating environment descriptor '/src/shared/install/px4_ros_com/share/px4_ros_com/hook/path.dsv'
[241.030s] INFO:colcon.colcon_core.shell:Creating environment hook '/src/shared/install/px4_ros_com/share/px4_ros_com/hook/path.sh'
[241.031s] Level 1:colcon.colcon_core.environment:checking '/src/shared/install/px4_ros_com/lib/pkgconfig/px4_ros_com.pc'
[241.031s] Level 1:colcon.colcon_core.environment:checking '/src/shared/install/px4_ros_com/lib/python3.8/site-packages'
[241.032s] Level 1:colcon.colcon_core.environment:checking '/src/shared/install/px4_ros_com/bin'
[241.032s] Level 1:colcon.colcon_core.shell:create_environment_hook('px4_ros_com', 'pythonscriptspath')
[241.033s] INFO:colcon.colcon_core.shell:Creating environment hook '/src/shared/install/px4_ros_com/share/px4_ros_com/hook/pythonscriptspath.ps1'
[241.034s] INFO:colcon.colcon_core.shell:Creating environment descriptor '/src/shared/install/px4_ros_com/share/px4_ros_com/hook/pythonscriptspath.dsv'
[241.036s] INFO:colcon.colcon_core.shell:Creating environment hook '/src/shared/install/px4_ros_com/share/px4_ros_com/hook/pythonscriptspath.sh'
[241.039s] INFO:colcon.colcon_core.shell:Creating package script '/src/shared/install/px4_ros_com/share/px4_ros_com/package.ps1'
[241.041s] INFO:colcon.colcon_core.shell:Creating package descriptor '/src/shared/install/px4_ros_com/share/px4_ros_com/package.dsv'
[241.044s] INFO:colcon.colcon_core.shell:Creating package script '/src/shared/install/px4_ros_com/share/px4_ros_com/package.sh'
[241.045s] INFO:colcon.colcon_core.shell:Creating package script '/src/shared/install/px4_ros_com/share/px4_ros_com/package.bash'
[241.046s] INFO:colcon.colcon_core.shell:Creating package script '/src/shared/install/px4_ros_com/share/px4_ros_com/package.zsh'
[241.047s] Level 1:colcon.colcon_core.environment:create_file_with_runtime_dependencies(/src/shared/install/px4_ros_com/share/colcon-core/packages/px4_ros_com)
[241.054s] DEBUG:colcon.colcon_parallel_executor.executor.parallel:closing loop
[241.074s] DEBUG:colcon.colcon_parallel_executor.executor.parallel:loop closed
[241.076s] DEBUG:colcon.colcon_parallel_executor.executor.parallel:run_until_complete finished with '0'
[241.081s] DEBUG:colcon.colcon_core.event_reactor:joining thread
[241.323s] INFO:colcon.colcon_core.plugin_system:Skipping extension 'colcon_notification.desktop_notification.notify_send': Could not find 'notify-send'
[241.323s] INFO:colcon.colcon_core.plugin_system:Skipping extension 'colcon_notification.desktop_notification.terminal_notifier': Not used on non-Darwin systems
[241.324s] INFO:colcon.colcon_core.plugin_system:Skipping extension 'colcon_notification.desktop_notification.win32': Not used on non-Windows systems
[241.324s] INFO:colcon.colcon_notification.desktop_notification:Sending desktop notification using 'notify2'
[241.344s] DEBUG:colcon.colcon_notification.desktop_notification.notify2:Failed to initialize notify2: org.freedesktop.DBus.Error.Spawn.ExecFailed: /usr/bin/dbus-launch terminated abnormally without any error message
[241.345s] DEBUG:colcon.colcon_core.event_reactor:joined thread
[241.356s] INFO:colcon.colcon_core.shell:Creating prefix script '/src/shared/install/local_setup.ps1'
[241.365s] INFO:colcon.colcon_core.shell:Creating prefix util module '/src/shared/install/_local_setup_util_ps1.py'
[241.377s] INFO:colcon.colcon_core.shell:Creating prefix chain script '/src/shared/install/setup.ps1'
[241.396s] INFO:colcon.colcon_core.shell:Creating prefix script '/src/shared/install/local_setup.sh'
[241.399s] INFO:colcon.colcon_core.shell:Creating prefix util module '/src/shared/install/_local_setup_util_sh.py'
[241.402s] INFO:colcon.colcon_core.shell:Creating prefix chain script '/src/shared/install/setup.sh'
[241.406s] INFO:colcon.colcon_core.shell:Creating prefix script '/src/shared/install/local_setup.bash'
[241.409s] INFO:colcon.colcon_core.shell:Creating prefix chain script '/src/shared/install/setup.bash'
[241.413s] INFO:colcon.colcon_core.shell:Creating prefix script '/src/shared/install/local_setup.zsh'
[241.415s] INFO:colcon.colcon_core.shell:Creating prefix chain script '/src/shared/install/setup.zsh'
