[0.048s] Invoking command in '/src/shared/build/px4_ros_com': AMENT_PREFIX_PATH=/src/shared/install/px4_msgs:${AMENT_PREFIX_PATH} CMAKE_PREFIX_PATH=/src/shared/install/px4_msgs:/src/shared/ros_packages/install/px4_ros_extended:/src/shared/ros_packages/install/px4_ros_com:/src/shared/ros_packages/install/px4_msgs:/opt/ros/foxy LD_LIBRARY_PATH=/src/shared/install/px4_msgs/lib:${LD_LIBRARY_PATH} PYTHONPATH=/src/shared/install/px4_msgs/lib/python3.8/site-packages:${PYTHONPATH} /usr/local/bin/cmake --build /src/shared/build/px4_ros_com -- -j16 -l16
[0.195s] [35m[1mConsolidate compiler generated dependencies of target offboard_control[0m
[0.196s] [35m[1mConsolidate compiler generated dependencies of target debug_vect_advertiser[0m
[0.216s] [35m[1mConsolidate compiler generated dependencies of target sensor_combined_listener[0m
[0.217s] [35m[1mConsolidate compiler generated dependencies of target frame_transforms[0m
[0.217s] [35m[1mConsolidate compiler generated dependencies of target vehicle_gps_position_listener[0m
[0.260s] [  1%] [32mBuilding CXX object CMakeFiles/frame_transforms.dir/src/lib/frame_transforms.cpp.o[0m
[0.268s] [  2%] [32mBuilding CXX object CMakeFiles/offboard_control.dir/src/examples/offboard/offboard_control.cpp.o[0m
[0.269s] [  3%] [32mBuilding CXX object CMakeFiles/sensor_combined_listener.dir/src/examples/listeners/sensor_combined_listener.cpp.o[0m
[0.270s] [  5%] Built target vehicle_gps_position_listener
[0.272s] [  7%] Built target debug_vect_advertiser
[0.290s] [35m[1mConsolidate compiler generated dependencies of target micrortps_agent[0m
[0.414s] [  9%] [32mBuilding CXX object CMakeFiles/micrortps_agent.dir/src/micrortps_agent/microRTPS_agent.cpp.o[0m
[0.414s] [  9%] [32mBuilding CXX object CMakeFiles/micrortps_agent.dir/src/micrortps_agent/microRTPS_timesync.cpp.o[0m
[0.416s] [ 10%] [32mBuilding CXX object CMakeFiles/micrortps_agent.dir/src/micrortps_agent/RtpsTopics.cpp.o[0m
[0.417s] [ 11%] [32mBuilding CXX object CMakeFiles/micrortps_agent.dir/src/micrortps_agent/PositionSetpointPubSubTypes.cpp.o[0m
[0.419s] [ 12%] [32mBuilding CXX object CMakeFiles/micrortps_agent.dir/src/micrortps_agent/PositionSetpointTripletPubSubTypes.cpp.o[0m
[0.425s] [ 13%] [32mBuilding CXX object CMakeFiles/micrortps_agent.dir/src/micrortps_agent/TimesyncPubSubTypes.cpp.o[0m
[0.426s] [ 14%] [32mBuilding CXX object CMakeFiles/micrortps_agent.dir/src/micrortps_agent/TelemetryStatusPubSubTypes.cpp.o[0m
[0.439s] [ 15%] [32mBuilding CXX object CMakeFiles/micrortps_agent.dir/src/micrortps_agent/TrajectoryBezierPubSubTypes.cpp.o[0m
[0.443s] [ 16%] [32mBuilding CXX object CMakeFiles/micrortps_agent.dir/src/micrortps_agent/VehicleCommandPubSubTypes.cpp.o[0m
[0.444s] [ 17%] [32mBuilding CXX object CMakeFiles/micrortps_agent.dir/src/micrortps_agent/VehicleLocalPositionSetpointPubSubTypes.cpp.o[0m
[0.446s] [ 18%] [32mBuilding CXX object CMakeFiles/micrortps_agent.dir/src/micrortps_agent/VehicleTrajectoryBezierPubSubTypes.cpp.o[0m
[0.454s] [ 19%] [32mBuilding CXX object CMakeFiles/micrortps_agent.dir/src/micrortps_agent/VehicleTrajectoryWaypoint.cpp.o[0m
[0.465s] [ 20%] [32mBuilding CXX object CMakeFiles/micrortps_agent.dir/src/micrortps_agent/VehicleTrajectoryWaypointPubSubTypes.cpp.o[0m
[2.736s] [ 21%] [32mBuilding CXX object CMakeFiles/micrortps_agent.dir/src/micrortps_agent/TrajectorySetpoint.cpp.o[0m
[8.002s] [ 22%] [32mBuilding CXX object CMakeFiles/micrortps_agent.dir/src/micrortps_agent/TrajectorySetpointPubSubTypes.cpp.o[0m
[39.440s] [ 23%] [32mBuilding CXX object CMakeFiles/micrortps_agent.dir/src/micrortps_agent/VehicleMocapOdometry.cpp.o[0m
[39.482s] [ 24%] [32mBuilding CXX object CMakeFiles/micrortps_agent.dir/src/micrortps_agent/VehicleMocapOdometryPubSubTypes.cpp.o[0m
[39.482s] [ 25%] [32mBuilding CXX object CMakeFiles/micrortps_agent.dir/src/micrortps_agent/VehicleVisualOdometry.cpp.o[0m
[39.718s] [ 26%] [32mBuilding CXX object CMakeFiles/micrortps_agent.dir/src/micrortps_agent/VehicleVisualOdometryPubSubTypes.cpp.o[0m
[40.754s] [ 27%] [32mBuilding CXX object CMakeFiles/micrortps_agent.dir/src/micrortps_agent/CollisionConstraints.cpp.o[0m
[40.895s] [ 28%] [32mBuilding CXX object CMakeFiles/micrortps_agent.dir/src/micrortps_agent/CollisionConstraintsPubSubTypes.cpp.o[0m
[41.302s] [ 29%] [32mBuilding CXX object CMakeFiles/micrortps_agent.dir/src/micrortps_agent/SensorCombined.cpp.o[0m
[41.975s] [ 30%] [32mBuilding CXX object CMakeFiles/micrortps_agent.dir/src/micrortps_agent/SensorCombinedPubSubTypes.cpp.o[0m
[42.092s] [ 31%] [32mBuilding CXX object CMakeFiles/micrortps_agent.dir/src/micrortps_agent/TimesyncStatus.cpp.o[0m
[42.755s] [ 32%] [32mBuilding CXX object CMakeFiles/micrortps_agent.dir/src/micrortps_agent/TimesyncStatusPubSubTypes.cpp.o[0m
[43.462s] [ 33%] [32mBuilding CXX object CMakeFiles/micrortps_agent.dir/src/micrortps_agent/TrajectoryWaypoint.cpp.o[0m
[45.805s] [ 34%] [32mBuilding CXX object CMakeFiles/micrortps_agent.dir/src/micrortps_agent/TrajectoryWaypointPubSubTypes.cpp.o[0m
[45.990s] [ 35%] [32mBuilding CXX object CMakeFiles/micrortps_agent.dir/src/micrortps_agent/VehicleControlMode.cpp.o[0m
[46.035s] [ 36%] [32mBuilding CXX object CMakeFiles/micrortps_agent.dir/src/micrortps_agent/VehicleControlModePubSubTypes.cpp.o[0m
[46.045s] [ 37%] [32mBuilding CXX object CMakeFiles/micrortps_agent.dir/src/micrortps_agent/VehicleOdometry.cpp.o[0m
[46.303s] [ 38%] [32mBuilding CXX object CMakeFiles/micrortps_agent.dir/src/micrortps_agent/VehicleOdometryPubSubTypes.cpp.o[0m
[47.312s] [ 39%] [32mBuilding CXX object CMakeFiles/micrortps_agent.dir/src/micrortps_agent/VehicleStatus.cpp.o[0m
[47.415s] [ 40%] [32mBuilding CXX object CMakeFiles/micrortps_agent.dir/src/micrortps_agent/VehicleStatusPubSubTypes.cpp.o[0m
[47.465s] [ 41%] [32mBuilding CXX object CMakeFiles/micrortps_agent.dir/src/micrortps_agent/VehicleTrajectoryWaypointDesired.cpp.o[0m
[54.303s] [ 42%] [32mBuilding CXX object CMakeFiles/micrortps_agent.dir/src/micrortps_agent/CollisionConstraints_Publisher.cpp.o[0m
[54.323s] [ 43%] [32mBuilding CXX object CMakeFiles/micrortps_agent.dir/src/micrortps_agent/VehicleTrajectoryWaypointDesiredPubSubTypes.cpp.o[0m
[54.432s] [ 44%] [32mBuilding CXX object CMakeFiles/micrortps_agent.dir/src/micrortps_agent/SensorCombined_Publisher.cpp.o[0m
[54.550s] [ 45%] [32mBuilding CXX object CMakeFiles/micrortps_agent.dir/src/micrortps_agent/Timesync_Publisher.cpp.o[0m
[54.675s] [ 46%] [32mBuilding CXX object CMakeFiles/micrortps_agent.dir/src/micrortps_agent/TimesyncStatus_Publisher.cpp.o[0m
[54.695s] [ 47%] [32mBuilding CXX object CMakeFiles/micrortps_agent.dir/src/micrortps_agent/TrajectoryWaypoint_Publisher.cpp.o[0m
[56.613s] [ 48%] [32mBuilding CXX object CMakeFiles/micrortps_agent.dir/src/micrortps_agent/VehicleControlMode_Publisher.cpp.o[0m
[57.142s] [ 50%] [32mBuilding CXX object CMakeFiles/micrortps_agent.dir/src/micrortps_agent/VehicleOdometry_Publisher.cpp.o[0m
[57.197s] [ 51%] [32mBuilding CXX object CMakeFiles/micrortps_agent.dir/src/micrortps_agent/VehicleStatus_Publisher.cpp.o[0m
[58.485s] [ 52%] [32mBuilding CXX object CMakeFiles/micrortps_agent.dir/src/micrortps_agent/VehicleTrajectoryWaypointDesired_Publisher.cpp.o[0m
[82.388s] [ 53%] [32mBuilding CXX object CMakeFiles/micrortps_agent.dir/src/micrortps_agent/DebugKeyValue_Subscriber.cpp.o[0m
[82.395s] [ 54%] [32mBuilding CXX object CMakeFiles/micrortps_agent.dir/src/micrortps_agent/DebugArray_Subscriber.cpp.o[0m
[82.395s] [ 55%] [32mBuilding CXX object CMakeFiles/micrortps_agent.dir/src/micrortps_agent/DebugValue_Subscriber.cpp.o[0m
[82.550s] [ 56%] [32mBuilding CXX object CMakeFiles/micrortps_agent.dir/src/micrortps_agent/DebugVect_Subscriber.cpp.o[0m
[87.564s] [ 57%] [32mBuilding CXX object CMakeFiles/micrortps_agent.dir/src/micrortps_agent/OffboardControlMode_Subscriber.cpp.o[0m
[91.280s] [ 58%] [32mBuilding CXX object CMakeFiles/micrortps_agent.dir/src/micrortps_agent/OnboardComputerStatus_Subscriber.cpp.o[0m
[91.760s] [ 59%] [32mBuilding CXX object CMakeFiles/micrortps_agent.dir/src/micrortps_agent/OpticalFlow_Subscriber.cpp.o[0m
[92.039s] [ 60%] [32mBuilding CXX object CMakeFiles/micrortps_agent.dir/src/micrortps_agent/PositionSetpoint_Subscriber.cpp.o[0m
[92.403s] [ 61%] [32mBuilding CXX object CMakeFiles/micrortps_agent.dir/src/micrortps_agent/PositionSetpointTriplet_Subscriber.cpp.o[0m
[92.428s] [ 62%] [32mBuilding CXX object CMakeFiles/micrortps_agent.dir/src/micrortps_agent/TelemetryStatus_Subscriber.cpp.o[0m
[97.371s] [ 64%] [32mBuilding CXX object CMakeFiles/micrortps_agent.dir/src/micrortps_agent/Timesync_Subscriber.cpp.o[0m
[97.372s] [ 64%] [32mBuilding CXX object CMakeFiles/micrortps_agent.dir/src/micrortps_agent/TrajectoryBezier_Subscriber.cpp.o[0m
[97.387s] [ 65%] [32mBuilding CXX object CMakeFiles/micrortps_agent.dir/src/micrortps_agent/VehicleCommand_Subscriber.cpp.o[0m
[99.180s] [ 66%] [32mBuilding CXX object CMakeFiles/micrortps_agent.dir/src/micrortps_agent/VehicleLocalPositionSetpoint_Subscriber.cpp.o[0m
[101.385s] [ 67%] [32mBuilding CXX object CMakeFiles/micrortps_agent.dir/src/micrortps_agent/VehicleTrajectoryBezier_Subscriber.cpp.o[0m
[101.770s] [ 68%] [32mBuilding CXX object CMakeFiles/micrortps_agent.dir/src/micrortps_agent/VehicleTrajectoryWaypoint_Subscriber.cpp.o[0m
[106.431s] [ 69%] [32mBuilding CXX object CMakeFiles/micrortps_agent.dir/src/micrortps_agent/TrajectorySetpoint_Subscriber.cpp.o[0m
[106.582s] [ 70%] [32mBuilding CXX object CMakeFiles/micrortps_agent.dir/src/micrortps_agent/VehicleMocapOdometry_Subscriber.cpp.o[0m
[106.733s] [ 71%] [32mBuilding CXX object CMakeFiles/micrortps_agent.dir/src/micrortps_agent/VehicleVisualOdometry_Subscriber.cpp.o[0m
[129.379s] [ 72%] [32m[1mLinking CXX executable micrortps_agent[0m
[133.766s] [ 73%] [32m[1mLinking CXX executable sensor_combined_listener[0m
[134.364s] [ 73%] Built target sensor_combined_listener
[134.796s] [ 97%] Built target micrortps_agent
[136.796s] [ 98%] [32m[1mLinking CXX shared library libframe_transforms.so[0m
[141.333s] [100%] [32m[1mLinking CXX executable offboard_control[0m
[141.944s] [100%] Built target offboard_control
[235.006s] [100%] Built target frame_transforms
[235.356s] Invoked command in '/src/shared/build/px4_ros_com' returned '0': AMENT_PREFIX_PATH=/src/shared/install/px4_msgs:${AMENT_PREFIX_PATH} CMAKE_PREFIX_PATH=/src/shared/install/px4_msgs:/src/shared/ros_packages/install/px4_ros_extended:/src/shared/ros_packages/install/px4_ros_com:/src/shared/ros_packages/install/px4_msgs:/opt/ros/foxy LD_LIBRARY_PATH=/src/shared/install/px4_msgs/lib:${LD_LIBRARY_PATH} PYTHONPATH=/src/shared/install/px4_msgs/lib/python3.8/site-packages:${PYTHONPATH} /usr/local/bin/cmake --build /src/shared/build/px4_ros_com -- -j16 -l16
[235.371s] Invoking command in '/src/shared/build/px4_ros_com': AMENT_PREFIX_PATH=/src/shared/install/px4_msgs:${AMENT_PREFIX_PATH} CMAKE_PREFIX_PATH=/src/shared/install/px4_msgs:/src/shared/ros_packages/install/px4_ros_extended:/src/shared/ros_packages/install/px4_ros_com:/src/shared/ros_packages/install/px4_msgs:/opt/ros/foxy LD_LIBRARY_PATH=/src/shared/install/px4_msgs/lib:${LD_LIBRARY_PATH} PYTHONPATH=/src/shared/install/px4_msgs/lib/python3.8/site-packages:${PYTHONPATH} /usr/local/bin/cmake --install /src/shared/build/px4_ros_com
[235.439s] -- Install configuration: ""
[235.440s] -- Installing: /src/shared/install/px4_ros_com/lib/px4_ros_com/sensor_combined_listener
[235.456s] -- Set runtime path of "/src/shared/install/px4_ros_com/lib/px4_ros_com/sensor_combined_listener" to ""
[235.457s] -- Installing: /src/shared/install/px4_ros_com/lib/px4_ros_com/vehicle_gps_position_listener
[235.510s] -- Set runtime path of "/src/shared/install/px4_ros_com/lib/px4_ros_com/vehicle_gps_position_listener" to ""
[235.511s] -- Installing: /src/shared/install/px4_ros_com/lib/px4_ros_com/debug_vect_advertiser
[235.527s] -- Set runtime path of "/src/shared/install/px4_ros_com/lib/px4_ros_com/debug_vect_advertiser" to ""
[235.528s] -- Installing: /src/shared/install/px4_ros_com/lib/px4_ros_com/offboard_control
[235.544s] -- Set runtime path of "/src/shared/install/px4_ros_com/lib/px4_ros_com/offboard_control" to ""
[235.546s] -- Installing: /src/shared/install/px4_ros_com/share/px4_ros_com/environment/library_path.sh
[235.547s] -- Installing: /src/shared/install/px4_ros_com/share/px4_ros_com/environment/library_path.dsv
[235.548s] -- Installing: /src/shared/install/px4_ros_com/include/px4_ros_com
[235.549s] -- Installing: /src/shared/install/px4_ros_com/include/px4_ros_com/frame_transforms.h
[235.549s] -- Installing: /src/shared/install/px4_ros_com/share/px4_ros_com/cmake
[235.550s] -- Installing: /src/shared/install/px4_ros_com/share/px4_ros_com/cmake/GenerateMicroRTPSAgent.cmake
[235.551s] -- Installing: /src/shared/install/px4_ros_com/share/px4_ros_com/cmake/EnableSanitizers.cmake
[235.552s] -- Installing: /src/shared/install/px4_ros_com/share/px4_ros_com/cmake/EnableC++XX.cmake
[235.553s] -- Installing: /src/shared/install/px4_ros_com/lib/libframe_transforms.so
[235.585s] -- Set runtime path of "/src/shared/install/px4_ros_com/lib/libframe_transforms.so" to ""
[235.585s] -- Installing: /src/shared/install/px4_ros_com/bin/micrortps_agent
[235.678s] -- Set runtime path of "/src/shared/install/px4_ros_com/bin/micrortps_agent" to ""
[235.678s] -- Installing: /src/shared/install/px4_ros_com/share/px4_ros_com/launch
[235.678s] -- Installing: /src/shared/install/px4_ros_com/share/px4_ros_com/launch/sensor_combined_listener.launch.py
[235.679s] -- Installing: /src/shared/install/px4_ros_com/share/px4_ros_com/test
[235.680s] -- Installing: /src/shared/install/px4_ros_com/share/px4_ros_com/test/pipeline_io_test.py
[235.680s] -- Installing: /src/shared/install/px4_ros_com/share/px4_ros_com/test/test_input.py
[235.681s] -- Installing: /src/shared/install/px4_ros_com/share/px4_ros_com/test/test_output.py
[235.682s] -- Installing: /src/shared/install/px4_ros_com/share/px4_ros_com/test/__init__.py
[235.684s] -- Installing: /src/shared/install/px4_ros_com/share/ament_index/resource_index/package_run_dependencies/px4_ros_com
[235.685s] -- Installing: /src/shared/install/px4_ros_com/share/ament_index/resource_index/parent_prefix_path/px4_ros_com
[235.686s] -- Installing: /src/shared/install/px4_ros_com/share/px4_ros_com/environment/ament_prefix_path.sh
[235.687s] -- Installing: /src/shared/install/px4_ros_com/share/px4_ros_com/environment/ament_prefix_path.dsv
[235.687s] -- Installing: /src/shared/install/px4_ros_com/share/px4_ros_com/environment/path.sh
[235.688s] -- Installing: /src/shared/install/px4_ros_com/share/px4_ros_com/environment/path.dsv
[235.688s] -- Installing: /src/shared/install/px4_ros_com/share/px4_ros_com/local_setup.bash
[235.689s] -- Installing: /src/shared/install/px4_ros_com/share/px4_ros_com/local_setup.sh
[235.689s] -- Installing: /src/shared/install/px4_ros_com/share/px4_ros_com/local_setup.zsh
[235.690s] -- Installing: /src/shared/install/px4_ros_com/share/px4_ros_com/local_setup.dsv
[235.691s] -- Installing: /src/shared/install/px4_ros_com/share/px4_ros_com/package.dsv
[235.692s] -- Installing: /src/shared/install/px4_ros_com/share/ament_index/resource_index/packages/px4_ros_com
[235.694s] -- Installing: /src/shared/install/px4_ros_com/share/px4_ros_com/cmake/export_frame_transformsExport.cmake
[235.696s] -- Installing: /src/shared/install/px4_ros_com/share/px4_ros_com/cmake/export_frame_transformsExport-noconfig.cmake
[235.697s] -- Installing: /src/shared/install/px4_ros_com/share/px4_ros_com/cmake/ament_cmake_export_dependencies-extras.cmake
[235.698s] -- Installing: /src/shared/install/px4_ros_com/share/px4_ros_com/cmake/ament_cmake_export_targets-extras.cmake
[235.699s] -- Installing: /src/shared/install/px4_ros_com/share/px4_ros_com/cmake/ament_cmake_export_include_directories-extras.cmake
[235.701s] -- Installing: /src/shared/install/px4_ros_com/share/px4_ros_com/cmake/ament_cmake_export_libraries-extras.cmake
[235.702s] -- Installing: /src/shared/install/px4_ros_com/share/px4_ros_com/cmake/px4_ros_comConfig.cmake
[235.702s] -- Installing: /src/shared/install/px4_ros_com/share/px4_ros_com/cmake/px4_ros_comConfig-version.cmake
[235.703s] -- Installing: /src/shared/install/px4_ros_com/share/px4_ros_com/package.xml
[235.716s] Invoked command in '/src/shared/build/px4_ros_com' returned '0': AMENT_PREFIX_PATH=/src/shared/install/px4_msgs:${AMENT_PREFIX_PATH} CMAKE_PREFIX_PATH=/src/shared/install/px4_msgs:/src/shared/ros_packages/install/px4_ros_extended:/src/shared/ros_packages/install/px4_ros_com:/src/shared/ros_packages/install/px4_msgs:/opt/ros/foxy LD_LIBRARY_PATH=/src/shared/install/px4_msgs/lib:${LD_LIBRARY_PATH} PYTHONPATH=/src/shared/install/px4_msgs/lib/python3.8/site-packages:${PYTHONPATH} /usr/local/bin/cmake --install /src/shared/build/px4_ros_com
