[0.307s] DEBUG:colcon:Command line arguments: ['/usr/bin/colcon', 'build', '--parallel-workers', '1', '--executor', 'sequential']
[0.307s] DEBUG:colcon:Parsed command line arguments: Namespace(allow_overriding=[], ament_cmake_args=None, base_paths=['.'], build_base='build', catkin_cmake_args=None, catkin_skip_building_tests=False, cmake_args=None, cmake_clean_cache=False, cmake_clean_first=False, cmake_force_configure=False, cmake_target=None, cmake_target_skip_unavailable=False, continue_on_error=False, event_handlers=None, executor='sequential', ignore_user_meta=False, install_base='install', log_base=None, log_level=None, main=<bound method BuildVerb.main of <colcon_core.verb.build.BuildVerb object at 0x7f057e27a5b0>>, merge_install=False, metas=['./colcon.meta'], mixin=None, mixin_files=None, mixin_verb=('build',), packages_above=None, packages_above_and_dependencies=None, packages_above_depth=None, packages_end=None, packages_ignore=None, packages_ignore_regex=None, packages_select=None, packages_select_build_failed=False, packages_select_by_dep=None, packages_select_regex=None, packages_select_test_failures=False, packages_skip=None, packages_skip_build_finished=False, packages_skip_by_dep=None, packages_skip_regex=None, packages_skip_test_passed=False, packages_skip_up_to=None, packages_start=None, packages_up_to=None, packages_up_to_regex=None, parallel_workers=1, paths=None, symlink_install=False, test_result_base=None, verb_extension=<colcon_core.verb.build.BuildVerb object at 0x7f057e27a5b0>, verb_name='build', verb_parser=<colcon_mixin.mixin.mixin_argument.MixinArgumentDecorator object at 0x7f057e1f0670>)
[0.502s] Level 1:colcon.colcon_core.package_discovery:discover_packages(colcon_meta) check parameters
[0.502s] INFO:colcon.colcon_metadata.package_discovery.colcon_meta:Using configuration from '/root/.colcon/metadata/default/Gazebo.meta'
[0.503s] INFO:colcon.colcon_metadata.package_discovery.colcon_meta:Using configuration from '/root/.colcon/metadata/default/fastdds.meta'
[0.503s] INFO:colcon.colcon_metadata.package_discovery.colcon_meta:Using configuration from '/root/.colcon/metadata/default/fastrtps.meta'
[0.503s] Level 1:colcon.colcon_core.package_discovery:discover_packages(recursive) check parameters
[0.503s] Level 1:colcon.colcon_core.package_discovery:discover_packages(ignore) check parameters
[0.503s] Level 1:colcon.colcon_core.package_discovery:discover_packages(path) check parameters
[0.503s] Level 1:colcon.colcon_core.package_discovery:discover_packages(colcon_meta) discover
[0.503s] Level 1:colcon.colcon_core.package_discovery:discover_packages(recursive) discover
[0.503s] INFO:colcon.colcon_core.package_discovery:Crawling recursively for packages in '/src/shared/ros_packages'
[0.503s] Level 1:colcon.colcon_core.package_identification:_identify(.) by extensions ['ignore', 'ignore_ament_install']
[0.503s] Level 1:colcon.colcon_core.package_identification:_identify(.) by extension 'ignore'
[0.504s] Level 1:colcon.colcon_core.package_identification:_identify(.) by extension 'ignore_ament_install'
[0.504s] Level 1:colcon.colcon_core.package_identification:_identify(.) by extensions ['colcon_pkg']
[0.504s] Level 1:colcon.colcon_core.package_identification:_identify(.) by extension 'colcon_pkg'
[0.504s] Level 1:colcon.colcon_core.package_identification:_identify(.) by extensions ['colcon_meta']
[0.504s] Level 1:colcon.colcon_core.package_identification:_identify(.) by extension 'colcon_meta'
[0.504s] Level 1:colcon.colcon_core.package_identification:_identify(.) by extensions ['ros']
[0.504s] Level 1:colcon.colcon_core.package_identification:_identify(.) by extension 'ros'
[0.517s] Level 1:colcon.colcon_core.package_identification:_identify(.) by extensions ['cmake', 'python']
[0.517s] Level 1:colcon.colcon_core.package_identification:_identify(.) by extension 'cmake'
[0.517s] Level 1:colcon.colcon_core.package_identification:_identify(.) by extension 'python'
[0.517s] Level 1:colcon.colcon_core.package_identification:_identify(.) by extensions ['python_setup_py']
[0.517s] Level 1:colcon.colcon_core.package_identification:_identify(.) by extension 'python_setup_py'
[0.517s] Level 1:colcon.colcon_core.package_identification:_identify(build) by extensions ['ignore', 'ignore_ament_install']
[0.517s] Level 1:colcon.colcon_core.package_identification:_identify(build) by extension 'ignore'
[0.517s] Level 1:colcon.colcon_core.package_identification:_identify(build) ignored
[0.517s] Level 1:colcon.colcon_core.package_identification:_identify(install) by extensions ['ignore', 'ignore_ament_install']
[0.517s] Level 1:colcon.colcon_core.package_identification:_identify(install) by extension 'ignore'
[0.517s] Level 1:colcon.colcon_core.package_identification:_identify(install) ignored
[0.517s] Level 1:colcon.colcon_core.package_identification:_identify(log) by extensions ['ignore', 'ignore_ament_install']
[0.518s] Level 1:colcon.colcon_core.package_identification:_identify(log) by extension 'ignore'
[0.518s] Level 1:colcon.colcon_core.package_identification:_identify(log) ignored
[0.518s] Level 1:colcon.colcon_core.package_identification:_identify(px4_msgs) by extensions ['ignore', 'ignore_ament_install']
[0.518s] Level 1:colcon.colcon_core.package_identification:_identify(px4_msgs) by extension 'ignore'
[0.518s] Level 1:colcon.colcon_core.package_identification:_identify(px4_msgs) by extension 'ignore_ament_install'
[0.518s] Level 1:colcon.colcon_core.package_identification:_identify(px4_msgs) by extensions ['colcon_pkg']
[0.518s] Level 1:colcon.colcon_core.package_identification:_identify(px4_msgs) by extension 'colcon_pkg'
[0.518s] Level 1:colcon.colcon_core.package_identification:_identify(px4_msgs) by extensions ['colcon_meta']
[0.518s] Level 1:colcon.colcon_core.package_identification:_identify(px4_msgs) by extension 'colcon_meta'
[0.518s] Level 1:colcon.colcon_core.package_identification:_identify(px4_msgs) by extensions ['ros']
[0.518s] Level 1:colcon.colcon_core.package_identification:_identify(px4_msgs) by extension 'ros'
[0.522s] DEBUG:colcon.colcon_core.package_identification:Package 'px4_msgs' with type 'ros.ament_cmake' and name 'px4_msgs'
[0.522s] Level 1:colcon.colcon_core.package_identification:_identify(px4_ros_com) by extensions ['ignore', 'ignore_ament_install']
[0.523s] Level 1:colcon.colcon_core.package_identification:_identify(px4_ros_com) by extension 'ignore'
[0.523s] Level 1:colcon.colcon_core.package_identification:_identify(px4_ros_com) by extension 'ignore_ament_install'
[0.523s] Level 1:colcon.colcon_core.package_identification:_identify(px4_ros_com) by extensions ['colcon_pkg']
[0.523s] Level 1:colcon.colcon_core.package_identification:_identify(px4_ros_com) by extension 'colcon_pkg'
[0.523s] Level 1:colcon.colcon_core.package_identification:_identify(px4_ros_com) by extensions ['colcon_meta']
[0.523s] Level 1:colcon.colcon_core.package_identification:_identify(px4_ros_com) by extension 'colcon_meta'
[0.523s] Level 1:colcon.colcon_core.package_identification:_identify(px4_ros_com) by extensions ['ros']
[0.523s] Level 1:colcon.colcon_core.package_identification:_identify(px4_ros_com) by extension 'ros'
[0.524s] DEBUG:colcon.colcon_core.package_identification:Package 'px4_ros_com' with type 'ros.ament_cmake' and name 'px4_ros_com'
[0.524s] Level 1:colcon.colcon_core.package_identification:_identify(px4_ros_extended) by extensions ['ignore', 'ignore_ament_install']
[0.524s] Level 1:colcon.colcon_core.package_identification:_identify(px4_ros_extended) by extension 'ignore'
[0.524s] Level 1:colcon.colcon_core.package_identification:_identify(px4_ros_extended) by extension 'ignore_ament_install'
[0.524s] Level 1:colcon.colcon_core.package_identification:_identify(px4_ros_extended) by extensions ['colcon_pkg']
[0.524s] Level 1:colcon.colcon_core.package_identification:_identify(px4_ros_extended) by extension 'colcon_pkg'
[0.524s] Level 1:colcon.colcon_core.package_identification:_identify(px4_ros_extended) by extensions ['colcon_meta']
[0.525s] Level 1:colcon.colcon_core.package_identification:_identify(px4_ros_extended) by extension 'colcon_meta'
[0.525s] Level 1:colcon.colcon_core.package_identification:_identify(px4_ros_extended) by extensions ['ros']
[0.525s] Level 1:colcon.colcon_core.package_identification:_identify(px4_ros_extended) by extension 'ros'
[0.525s] DEBUG:colcon.colcon_core.package_identification:Package 'px4_ros_extended' with type 'ros.ament_cmake' and name 'px4_ros_extended'
[0.525s] Level 1:colcon.colcon_core.package_discovery:discover_packages(recursive) using defaults
[0.526s] Level 1:colcon.colcon_core.package_discovery:discover_packages(ignore) discover
[0.526s] Level 1:colcon.colcon_core.package_discovery:discover_packages(ignore) using defaults
[0.526s] Level 1:colcon.colcon_core.package_discovery:discover_packages(path) discover
[0.526s] Level 1:colcon.colcon_core.package_discovery:discover_packages(path) using defaults
[0.548s] Level 1:colcon.colcon_core.package_discovery:discover_packages(prefix_path) check parameters
[0.548s] Level 1:colcon.colcon_core.package_discovery:discover_packages(prefix_path) discover
[0.549s] DEBUG:colcon.colcon_installed_package_information.package_discovery:Found 2 installed packages in /src/shared/ros_packages/install
[0.551s] DEBUG:colcon.colcon_installed_package_information.package_discovery:Found 264 installed packages in /opt/ros/foxy
[0.552s] Level 1:colcon.colcon_core.package_discovery:discover_packages(prefix_path) using defaults
[0.607s] Level 5:colcon.colcon_core.verb:set package 'px4_msgs' build argument 'cmake_args' from command line to 'None'
[0.607s] Level 5:colcon.colcon_core.verb:set package 'px4_msgs' build argument 'cmake_target' from command line to 'None'
[0.607s] Level 5:colcon.colcon_core.verb:set package 'px4_msgs' build argument 'cmake_target_skip_unavailable' from command line to 'False'
[0.607s] Level 5:colcon.colcon_core.verb:set package 'px4_msgs' build argument 'cmake_clean_cache' from command line to 'False'
[0.607s] Level 5:colcon.colcon_core.verb:set package 'px4_msgs' build argument 'cmake_clean_first' from command line to 'False'
[0.607s] Level 5:colcon.colcon_core.verb:set package 'px4_msgs' build argument 'cmake_force_configure' from command line to 'False'
[0.607s] Level 5:colcon.colcon_core.verb:set package 'px4_msgs' build argument 'ament_cmake_args' from command line to 'None'
[0.607s] Level 5:colcon.colcon_core.verb:set package 'px4_msgs' build argument 'catkin_cmake_args' from command line to 'None'
[0.607s] Level 5:colcon.colcon_core.verb:set package 'px4_msgs' build argument 'catkin_skip_building_tests' from command line to 'False'
[0.607s] DEBUG:colcon.colcon_core.verb:Building package 'px4_msgs' with the following arguments: {'ament_cmake_args': None, 'build_base': '/src/shared/ros_packages/build/px4_msgs', 'catkin_cmake_args': None, 'catkin_skip_building_tests': False, 'cmake_args': None, 'cmake_clean_cache': False, 'cmake_clean_first': False, 'cmake_force_configure': False, 'cmake_target': None, 'cmake_target_skip_unavailable': False, 'install_base': '/src/shared/ros_packages/install/px4_msgs', 'merge_install': False, 'path': '/src/shared/ros_packages/px4_msgs', 'symlink_install': False, 'test_result_base': None}
[0.607s] Level 5:colcon.colcon_core.verb:set package 'px4_ros_com' build argument 'cmake_args' from command line to 'None'
[0.607s] Level 5:colcon.colcon_core.verb:set package 'px4_ros_com' build argument 'cmake_target' from command line to 'None'
[0.607s] Level 5:colcon.colcon_core.verb:set package 'px4_ros_com' build argument 'cmake_target_skip_unavailable' from command line to 'False'
[0.607s] Level 5:colcon.colcon_core.verb:set package 'px4_ros_com' build argument 'cmake_clean_cache' from command line to 'False'
[0.607s] Level 5:colcon.colcon_core.verb:set package 'px4_ros_com' build argument 'cmake_clean_first' from command line to 'False'
[0.607s] Level 5:colcon.colcon_core.verb:set package 'px4_ros_com' build argument 'cmake_force_configure' from command line to 'False'
[0.607s] Level 5:colcon.colcon_core.verb:set package 'px4_ros_com' build argument 'ament_cmake_args' from command line to 'None'
[0.607s] Level 5:colcon.colcon_core.verb:set package 'px4_ros_com' build argument 'catkin_cmake_args' from command line to 'None'
[0.607s] Level 5:colcon.colcon_core.verb:set package 'px4_ros_com' build argument 'catkin_skip_building_tests' from command line to 'False'
[0.607s] DEBUG:colcon.colcon_core.verb:Building package 'px4_ros_com' with the following arguments: {'ament_cmake_args': None, 'build_base': '/src/shared/ros_packages/build/px4_ros_com', 'catkin_cmake_args': None, 'catkin_skip_building_tests': False, 'cmake_args': None, 'cmake_clean_cache': False, 'cmake_clean_first': False, 'cmake_force_configure': False, 'cmake_target': None, 'cmake_target_skip_unavailable': False, 'install_base': '/src/shared/ros_packages/install/px4_ros_com', 'merge_install': False, 'path': '/src/shared/ros_packages/px4_ros_com', 'symlink_install': False, 'test_result_base': None}
[0.608s] Level 5:colcon.colcon_core.verb:set package 'px4_ros_extended' build argument 'cmake_args' from command line to 'None'
[0.608s] Level 5:colcon.colcon_core.verb:set package 'px4_ros_extended' build argument 'cmake_target' from command line to 'None'
[0.608s] Level 5:colcon.colcon_core.verb:set package 'px4_ros_extended' build argument 'cmake_target_skip_unavailable' from command line to 'False'
[0.608s] Level 5:colcon.colcon_core.verb:set package 'px4_ros_extended' build argument 'cmake_clean_cache' from command line to 'False'
[0.608s] Level 5:colcon.colcon_core.verb:set package 'px4_ros_extended' build argument 'cmake_clean_first' from command line to 'False'
[0.608s] Level 5:colcon.colcon_core.verb:set package 'px4_ros_extended' build argument 'cmake_force_configure' from command line to 'False'
[0.608s] Level 5:colcon.colcon_core.verb:set package 'px4_ros_extended' build argument 'ament_cmake_args' from command line to 'None'
[0.608s] Level 5:colcon.colcon_core.verb:set package 'px4_ros_extended' build argument 'catkin_cmake_args' from command line to 'None'
[0.608s] Level 5:colcon.colcon_core.verb:set package 'px4_ros_extended' build argument 'catkin_skip_building_tests' from command line to 'False'
[0.608s] DEBUG:colcon.colcon_core.verb:Building package 'px4_ros_extended' with the following arguments: {'ament_cmake_args': None, 'build_base': '/src/shared/ros_packages/build/px4_ros_extended', 'catkin_cmake_args': None, 'catkin_skip_building_tests': False, 'cmake_args': None, 'cmake_clean_cache': False, 'cmake_clean_first': False, 'cmake_force_configure': False, 'cmake_target': None, 'cmake_target_skip_unavailable': False, 'install_base': '/src/shared/ros_packages/install/px4_ros_extended', 'merge_install': False, 'path': '/src/shared/ros_packages/px4_ros_extended', 'symlink_install': False, 'test_result_base': None}
[0.608s] INFO:colcon.colcon_core.executor:Executing jobs using 'sequential' executor
[0.609s] DEBUG:colcon.colcon_core.executor.sequential:run_until_complete 'px4_msgs'
[0.609s] INFO:colcon.colcon_ros.task.ament_cmake.build:Building ROS package in '/src/shared/ros_packages/px4_msgs' with build type 'ament_cmake'
[0.609s] INFO:colcon.colcon_cmake.task.cmake.build:Building CMake package in '/src/shared/ros_packages/px4_msgs'
[0.612s] INFO:colcon.colcon_core.plugin_system:Skipping extension 'colcon_core.shell.bat': Not used on non-Windows systems
[0.612s] INFO:colcon.colcon_core.shell:Skip shell extension 'powershell' for command environment: Not usable outside of PowerShell
[0.612s] DEBUG:colcon.colcon_core.shell:Skip shell extension 'dsv' for command environment
[0.623s] DEBUG:colcon.colcon_core.event_handler.log_command:Invoking command in '/src/shared/ros_packages/build/px4_msgs': CMAKE_PREFIX_PATH=${CMAKE_PREFIX_PATH}:/opt/ros/foxy /usr/local/bin/cmake --build /src/shared/ros_packages/build/px4_msgs
[2.658s] DEBUG:colcon.colcon_core.event_handler.log_command:Invoked command in '/src/shared/ros_packages/build/px4_msgs' returned '0': CMAKE_PREFIX_PATH=${CMAKE_PREFIX_PATH}:/opt/ros/foxy /usr/local/bin/cmake --build /src/shared/ros_packages/build/px4_msgs
[2.696s] DEBUG:colcon.colcon_core.event_handler.log_command:Invoking command in '/src/shared/ros_packages/build/px4_msgs': CMAKE_PREFIX_PATH=${CMAKE_PREFIX_PATH}:/opt/ros/foxy /usr/local/bin/cmake --install /src/shared/ros_packages/build/px4_msgs
[3.055s] Level 1:colcon.colcon_core.environment:create_environment_scripts_only(px4_msgs)
[3.104s] DEBUG:colcon.colcon_core.event_handler.log_command:Invoked command in '/src/shared/ros_packages/build/px4_msgs' returned '0': CMAKE_PREFIX_PATH=${CMAKE_PREFIX_PATH}:/opt/ros/foxy /usr/local/bin/cmake --install /src/shared/ros_packages/build/px4_msgs
[3.106s] Level 1:colcon.colcon_core.environment:checking '/src/shared/ros_packages/install/px4_msgs' for CMake module files
[3.106s] Level 1:colcon.colcon_core.environment:checking '/src/shared/ros_packages/install/px4_msgs' for CMake config files
[3.109s] Level 1:colcon.colcon_core.shell:create_environment_hook('px4_msgs', 'cmake_prefix_path')
[3.109s] INFO:colcon.colcon_core.shell:Creating environment hook '/src/shared/ros_packages/install/px4_msgs/share/px4_msgs/hook/cmake_prefix_path.ps1'
[3.110s] INFO:colcon.colcon_core.shell:Creating environment descriptor '/src/shared/ros_packages/install/px4_msgs/share/px4_msgs/hook/cmake_prefix_path.dsv'
[3.110s] INFO:colcon.colcon_core.shell:Creating environment hook '/src/shared/ros_packages/install/px4_msgs/share/px4_msgs/hook/cmake_prefix_path.sh'
[3.111s] Level 1:colcon.colcon_core.environment:checking '/src/shared/ros_packages/install/px4_msgs/lib'
[3.111s] Level 1:colcon.colcon_core.shell:create_environment_hook('px4_msgs', 'ld_library_path_lib')
[3.112s] INFO:colcon.colcon_core.shell:Creating environment hook '/src/shared/ros_packages/install/px4_msgs/share/px4_msgs/hook/ld_library_path_lib.ps1'
[3.112s] INFO:colcon.colcon_core.shell:Creating environment descriptor '/src/shared/ros_packages/install/px4_msgs/share/px4_msgs/hook/ld_library_path_lib.dsv'
[3.112s] INFO:colcon.colcon_core.shell:Creating environment hook '/src/shared/ros_packages/install/px4_msgs/share/px4_msgs/hook/ld_library_path_lib.sh'
[3.113s] Level 1:colcon.colcon_core.environment:checking '/src/shared/ros_packages/install/px4_msgs/bin'
[3.113s] Level 1:colcon.colcon_core.environment:checking '/src/shared/ros_packages/install/px4_msgs/lib/pkgconfig/px4_msgs.pc'
[3.113s] Level 1:colcon.colcon_core.environment:checking '/src/shared/ros_packages/install/px4_msgs/lib/python3.8/site-packages'
[3.113s] Level 1:colcon.colcon_core.shell:create_environment_hook('px4_msgs', 'pythonpath')
[3.113s] INFO:colcon.colcon_core.shell:Creating environment hook '/src/shared/ros_packages/install/px4_msgs/share/px4_msgs/hook/pythonpath.ps1'
[3.114s] INFO:colcon.colcon_core.shell:Creating environment descriptor '/src/shared/ros_packages/install/px4_msgs/share/px4_msgs/hook/pythonpath.dsv'
[3.114s] INFO:colcon.colcon_core.shell:Creating environment hook '/src/shared/ros_packages/install/px4_msgs/share/px4_msgs/hook/pythonpath.sh'
[3.114s] Level 1:colcon.colcon_core.environment:checking '/src/shared/ros_packages/install/px4_msgs/bin'
[3.115s] INFO:colcon.colcon_core.shell:Creating package script '/src/shared/ros_packages/install/px4_msgs/share/px4_msgs/package.ps1'
[3.115s] INFO:colcon.colcon_core.shell:Creating package descriptor '/src/shared/ros_packages/install/px4_msgs/share/px4_msgs/package.dsv'
[3.116s] INFO:colcon.colcon_core.shell:Creating package script '/src/shared/ros_packages/install/px4_msgs/share/px4_msgs/package.sh'
[3.116s] INFO:colcon.colcon_core.shell:Creating package script '/src/shared/ros_packages/install/px4_msgs/share/px4_msgs/package.bash'
[3.117s] INFO:colcon.colcon_core.shell:Creating package script '/src/shared/ros_packages/install/px4_msgs/share/px4_msgs/package.zsh'
[3.117s] Level 1:colcon.colcon_core.environment:create_file_with_runtime_dependencies(/src/shared/ros_packages/install/px4_msgs/share/colcon-core/packages/px4_msgs)
[3.118s] Level 1:colcon.colcon_core.environment:create_environment_scripts_only(px4_msgs)
[3.118s] Level 1:colcon.colcon_core.environment:checking '/src/shared/ros_packages/install/px4_msgs' for CMake module files
[3.119s] Level 1:colcon.colcon_core.environment:checking '/src/shared/ros_packages/install/px4_msgs' for CMake config files
[3.121s] Level 1:colcon.colcon_core.shell:create_environment_hook('px4_msgs', 'cmake_prefix_path')
[3.121s] INFO:colcon.colcon_core.shell:Creating environment hook '/src/shared/ros_packages/install/px4_msgs/share/px4_msgs/hook/cmake_prefix_path.ps1'
[3.122s] INFO:colcon.colcon_core.shell:Creating environment descriptor '/src/shared/ros_packages/install/px4_msgs/share/px4_msgs/hook/cmake_prefix_path.dsv'
[3.122s] INFO:colcon.colcon_core.shell:Creating environment hook '/src/shared/ros_packages/install/px4_msgs/share/px4_msgs/hook/cmake_prefix_path.sh'
[3.122s] Level 1:colcon.colcon_core.environment:checking '/src/shared/ros_packages/install/px4_msgs/lib'
[3.123s] Level 1:colcon.colcon_core.shell:create_environment_hook('px4_msgs', 'ld_library_path_lib')
[3.123s] INFO:colcon.colcon_core.shell:Creating environment hook '/src/shared/ros_packages/install/px4_msgs/share/px4_msgs/hook/ld_library_path_lib.ps1'
[3.123s] INFO:colcon.colcon_core.shell:Creating environment descriptor '/src/shared/ros_packages/install/px4_msgs/share/px4_msgs/hook/ld_library_path_lib.dsv'
[3.123s] INFO:colcon.colcon_core.shell:Creating environment hook '/src/shared/ros_packages/install/px4_msgs/share/px4_msgs/hook/ld_library_path_lib.sh'
[3.124s] Level 1:colcon.colcon_core.environment:checking '/src/shared/ros_packages/install/px4_msgs/bin'
[3.124s] Level 1:colcon.colcon_core.environment:checking '/src/shared/ros_packages/install/px4_msgs/lib/pkgconfig/px4_msgs.pc'
[3.124s] Level 1:colcon.colcon_core.environment:checking '/src/shared/ros_packages/install/px4_msgs/lib/python3.8/site-packages'
[3.124s] Level 1:colcon.colcon_core.shell:create_environment_hook('px4_msgs', 'pythonpath')
[3.124s] INFO:colcon.colcon_core.shell:Creating environment hook '/src/shared/ros_packages/install/px4_msgs/share/px4_msgs/hook/pythonpath.ps1'
[3.124s] INFO:colcon.colcon_core.shell:Creating environment descriptor '/src/shared/ros_packages/install/px4_msgs/share/px4_msgs/hook/pythonpath.dsv'
[3.125s] INFO:colcon.colcon_core.shell:Creating environment hook '/src/shared/ros_packages/install/px4_msgs/share/px4_msgs/hook/pythonpath.sh'
[3.125s] Level 1:colcon.colcon_core.environment:checking '/src/shared/ros_packages/install/px4_msgs/bin'
[3.125s] INFO:colcon.colcon_core.shell:Creating package script '/src/shared/ros_packages/install/px4_msgs/share/px4_msgs/package.ps1'
[3.126s] INFO:colcon.colcon_core.shell:Creating package descriptor '/src/shared/ros_packages/install/px4_msgs/share/px4_msgs/package.dsv'
[3.126s] INFO:colcon.colcon_core.shell:Creating package script '/src/shared/ros_packages/install/px4_msgs/share/px4_msgs/package.sh'
[3.127s] INFO:colcon.colcon_core.shell:Creating package script '/src/shared/ros_packages/install/px4_msgs/share/px4_msgs/package.bash'
[3.127s] INFO:colcon.colcon_core.shell:Creating package script '/src/shared/ros_packages/install/px4_msgs/share/px4_msgs/package.zsh'
[3.127s] Level 1:colcon.colcon_core.environment:create_file_with_runtime_dependencies(/src/shared/ros_packages/install/px4_msgs/share/colcon-core/packages/px4_msgs)
[3.128s] DEBUG:colcon.colcon_core.executor.sequential:run_until_complete 'px4_msgs' finished with '0'
[3.128s] DEBUG:colcon.colcon_core.executor.sequential:run_until_complete 'px4_ros_com'
[3.128s] INFO:colcon.colcon_ros.task.ament_cmake.build:Building ROS package in '/src/shared/ros_packages/px4_ros_com' with build type 'ament_cmake'
[3.128s] INFO:colcon.colcon_cmake.task.cmake.build:Building CMake package in '/src/shared/ros_packages/px4_ros_com'
[3.128s] INFO:colcon.colcon_core.shell:Skip shell extension 'powershell' for command environment: Not usable outside of PowerShell
[3.128s] DEBUG:colcon.colcon_core.shell:Skip shell extension 'dsv' for command environment
[3.144s] DEBUG:colcon.colcon_core.event_handler.log_command:Invoking command in '/src/shared/ros_packages/build/px4_ros_com': CMAKE_PREFIX_PATH=${CMAKE_PREFIX_PATH}:/opt/ros/foxy /usr/local/bin/cmake --build /src/shared/ros_packages/build/px4_ros_com
[9.275s] DEBUG:colcon.colcon_core.event_handler.log_command:Invoked command in '/src/shared/ros_packages/build/px4_ros_com' returned '0': CMAKE_PREFIX_PATH=${CMAKE_PREFIX_PATH}:/opt/ros/foxy /usr/local/bin/cmake --build /src/shared/ros_packages/build/px4_ros_com
[9.281s] DEBUG:colcon.colcon_core.event_handler.log_command:Invoking command in '/src/shared/ros_packages/build/px4_ros_com': CMAKE_PREFIX_PATH=${CMAKE_PREFIX_PATH}:/opt/ros/foxy /usr/local/bin/cmake --install /src/shared/ros_packages/build/px4_ros_com
[9.434s] Level 1:colcon.colcon_core.environment:create_environment_scripts_only(px4_ros_com)
[9.434s] Level 1:colcon.colcon_core.environment:checking '/src/shared/ros_packages/install/px4_ros_com' for CMake module files
[9.435s] DEBUG:colcon.colcon_core.event_handler.log_command:Invoked command in '/src/shared/ros_packages/build/px4_ros_com' returned '0': CMAKE_PREFIX_PATH=${CMAKE_PREFIX_PATH}:/opt/ros/foxy /usr/local/bin/cmake --install /src/shared/ros_packages/build/px4_ros_com
[9.435s] Level 1:colcon.colcon_core.environment:checking '/src/shared/ros_packages/install/px4_ros_com' for CMake config files
[9.436s] Level 1:colcon.colcon_core.shell:create_environment_hook('px4_ros_com', 'cmake_prefix_path')
[9.436s] INFO:colcon.colcon_core.shell:Creating environment hook '/src/shared/ros_packages/install/px4_ros_com/share/px4_ros_com/hook/cmake_prefix_path.ps1'
[9.436s] INFO:colcon.colcon_core.shell:Creating environment descriptor '/src/shared/ros_packages/install/px4_ros_com/share/px4_ros_com/hook/cmake_prefix_path.dsv'
[9.437s] INFO:colcon.colcon_core.shell:Creating environment hook '/src/shared/ros_packages/install/px4_ros_com/share/px4_ros_com/hook/cmake_prefix_path.sh'
[9.437s] Level 1:colcon.colcon_core.environment:checking '/src/shared/ros_packages/install/px4_ros_com/lib'
[9.437s] Level 1:colcon.colcon_core.shell:create_environment_hook('px4_ros_com', 'ld_library_path_lib')
[9.437s] INFO:colcon.colcon_core.shell:Creating environment hook '/src/shared/ros_packages/install/px4_ros_com/share/px4_ros_com/hook/ld_library_path_lib.ps1'
[9.438s] INFO:colcon.colcon_core.shell:Creating environment descriptor '/src/shared/ros_packages/install/px4_ros_com/share/px4_ros_com/hook/ld_library_path_lib.dsv'
[9.438s] INFO:colcon.colcon_core.shell:Creating environment hook '/src/shared/ros_packages/install/px4_ros_com/share/px4_ros_com/hook/ld_library_path_lib.sh'
[9.438s] Level 1:colcon.colcon_core.environment:checking '/src/shared/ros_packages/install/px4_ros_com/bin'
[9.438s] Level 1:colcon.colcon_core.shell:create_environment_hook('px4_ros_com', 'path')
[9.438s] INFO:colcon.colcon_core.shell:Creating environment hook '/src/shared/ros_packages/install/px4_ros_com/share/px4_ros_com/hook/path.ps1'
[9.439s] INFO:colcon.colcon_core.shell:Creating environment descriptor '/src/shared/ros_packages/install/px4_ros_com/share/px4_ros_com/hook/path.dsv'
[9.439s] INFO:colcon.colcon_core.shell:Creating environment hook '/src/shared/ros_packages/install/px4_ros_com/share/px4_ros_com/hook/path.sh'
[9.439s] Level 1:colcon.colcon_core.environment:checking '/src/shared/ros_packages/install/px4_ros_com/lib/pkgconfig/px4_ros_com.pc'
[9.439s] Level 1:colcon.colcon_core.environment:checking '/src/shared/ros_packages/install/px4_ros_com/lib/python3.8/site-packages'
[9.440s] Level 1:colcon.colcon_core.environment:checking '/src/shared/ros_packages/install/px4_ros_com/bin'
[9.440s] Level 1:colcon.colcon_core.shell:create_environment_hook('px4_ros_com', 'pythonscriptspath')
[9.440s] INFO:colcon.colcon_core.shell:Creating environment hook '/src/shared/ros_packages/install/px4_ros_com/share/px4_ros_com/hook/pythonscriptspath.ps1'
[9.440s] INFO:colcon.colcon_core.shell:Creating environment descriptor '/src/shared/ros_packages/install/px4_ros_com/share/px4_ros_com/hook/pythonscriptspath.dsv'
[9.440s] INFO:colcon.colcon_core.shell:Creating environment hook '/src/shared/ros_packages/install/px4_ros_com/share/px4_ros_com/hook/pythonscriptspath.sh'
[9.441s] INFO:colcon.colcon_core.shell:Creating package script '/src/shared/ros_packages/install/px4_ros_com/share/px4_ros_com/package.ps1'
[9.441s] INFO:colcon.colcon_core.shell:Creating package descriptor '/src/shared/ros_packages/install/px4_ros_com/share/px4_ros_com/package.dsv'
[9.442s] INFO:colcon.colcon_core.shell:Creating package script '/src/shared/ros_packages/install/px4_ros_com/share/px4_ros_com/package.sh'
[9.442s] INFO:colcon.colcon_core.shell:Creating package script '/src/shared/ros_packages/install/px4_ros_com/share/px4_ros_com/package.bash'
[9.442s] INFO:colcon.colcon_core.shell:Creating package script '/src/shared/ros_packages/install/px4_ros_com/share/px4_ros_com/package.zsh'
[9.443s] Level 1:colcon.colcon_core.environment:create_file_with_runtime_dependencies(/src/shared/ros_packages/install/px4_ros_com/share/colcon-core/packages/px4_ros_com)
[9.443s] Level 1:colcon.colcon_core.environment:create_environment_scripts_only(px4_ros_com)
[9.443s] Level 1:colcon.colcon_core.environment:checking '/src/shared/ros_packages/install/px4_ros_com' for CMake module files
[9.444s] Level 1:colcon.colcon_core.environment:checking '/src/shared/ros_packages/install/px4_ros_com' for CMake config files
[9.444s] Level 1:colcon.colcon_core.shell:create_environment_hook('px4_ros_com', 'cmake_prefix_path')
[9.444s] INFO:colcon.colcon_core.shell:Creating environment hook '/src/shared/ros_packages/install/px4_ros_com/share/px4_ros_com/hook/cmake_prefix_path.ps1'
[9.445s] INFO:colcon.colcon_core.shell:Creating environment descriptor '/src/shared/ros_packages/install/px4_ros_com/share/px4_ros_com/hook/cmake_prefix_path.dsv'
[9.445s] INFO:colcon.colcon_core.shell:Creating environment hook '/src/shared/ros_packages/install/px4_ros_com/share/px4_ros_com/hook/cmake_prefix_path.sh'
[9.446s] Level 1:colcon.colcon_core.environment:checking '/src/shared/ros_packages/install/px4_ros_com/lib'
[9.446s] Level 1:colcon.colcon_core.shell:create_environment_hook('px4_ros_com', 'ld_library_path_lib')
[9.446s] INFO:colcon.colcon_core.shell:Creating environment hook '/src/shared/ros_packages/install/px4_ros_com/share/px4_ros_com/hook/ld_library_path_lib.ps1'
[9.446s] INFO:colcon.colcon_core.shell:Creating environment descriptor '/src/shared/ros_packages/install/px4_ros_com/share/px4_ros_com/hook/ld_library_path_lib.dsv'
[9.447s] INFO:colcon.colcon_core.shell:Creating environment hook '/src/shared/ros_packages/install/px4_ros_com/share/px4_ros_com/hook/ld_library_path_lib.sh'
[9.447s] Level 1:colcon.colcon_core.environment:checking '/src/shared/ros_packages/install/px4_ros_com/bin'
[9.447s] Level 1:colcon.colcon_core.shell:create_environment_hook('px4_ros_com', 'path')
[9.447s] INFO:colcon.colcon_core.shell:Creating environment hook '/src/shared/ros_packages/install/px4_ros_com/share/px4_ros_com/hook/path.ps1'
[9.448s] INFO:colcon.colcon_core.shell:Creating environment descriptor '/src/shared/ros_packages/install/px4_ros_com/share/px4_ros_com/hook/path.dsv'
[9.448s] INFO:colcon.colcon_core.shell:Creating environment hook '/src/shared/ros_packages/install/px4_ros_com/share/px4_ros_com/hook/path.sh'
[9.449s] Level 1:colcon.colcon_core.environment:checking '/src/shared/ros_packages/install/px4_ros_com/lib/pkgconfig/px4_ros_com.pc'
[9.449s] Level 1:colcon.colcon_core.environment:checking '/src/shared/ros_packages/install/px4_ros_com/lib/python3.8/site-packages'
[9.449s] Level 1:colcon.colcon_core.environment:checking '/src/shared/ros_packages/install/px4_ros_com/bin'
[9.449s] Level 1:colcon.colcon_core.shell:create_environment_hook('px4_ros_com', 'pythonscriptspath')
[9.449s] INFO:colcon.colcon_core.shell:Creating environment hook '/src/shared/ros_packages/install/px4_ros_com/share/px4_ros_com/hook/pythonscriptspath.ps1'
[9.449s] INFO:colcon.colcon_core.shell:Creating environment descriptor '/src/shared/ros_packages/install/px4_ros_com/share/px4_ros_com/hook/pythonscriptspath.dsv'
[9.450s] INFO:colcon.colcon_core.shell:Creating environment hook '/src/shared/ros_packages/install/px4_ros_com/share/px4_ros_com/hook/pythonscriptspath.sh'
[9.450s] INFO:colcon.colcon_core.shell:Creating package script '/src/shared/ros_packages/install/px4_ros_com/share/px4_ros_com/package.ps1'
[9.451s] INFO:colcon.colcon_core.shell:Creating package descriptor '/src/shared/ros_packages/install/px4_ros_com/share/px4_ros_com/package.dsv'
[9.451s] INFO:colcon.colcon_core.shell:Creating package script '/src/shared/ros_packages/install/px4_ros_com/share/px4_ros_com/package.sh'
[9.452s] INFO:colcon.colcon_core.shell:Creating package script '/src/shared/ros_packages/install/px4_ros_com/share/px4_ros_com/package.bash'
[9.452s] INFO:colcon.colcon_core.shell:Creating package script '/src/shared/ros_packages/install/px4_ros_com/share/px4_ros_com/package.zsh'
[9.452s] Level 1:colcon.colcon_core.environment:create_file_with_runtime_dependencies(/src/shared/ros_packages/install/px4_ros_com/share/colcon-core/packages/px4_ros_com)
[9.453s] DEBUG:colcon.colcon_core.executor.sequential:run_until_complete 'px4_ros_com' finished with '0'
[9.453s] DEBUG:colcon.colcon_core.executor.sequential:run_until_complete 'px4_ros_extended'
[9.453s] INFO:colcon.colcon_ros.task.ament_cmake.build:Building ROS package in '/src/shared/ros_packages/px4_ros_extended' with build type 'ament_cmake'
[9.453s] INFO:colcon.colcon_cmake.task.cmake.build:Building CMake package in '/src/shared/ros_packages/px4_ros_extended'
[9.453s] INFO:colcon.colcon_core.shell:Skip shell extension 'powershell' for command environment: Not usable outside of PowerShell
[9.453s] DEBUG:colcon.colcon_core.shell:Skip shell extension 'dsv' for command environment
[9.469s] DEBUG:colcon.colcon_core.event_handler.log_command:Invoking command in '/src/shared/ros_packages/build/px4_ros_extended': CMAKE_PREFIX_PATH=${CMAKE_PREFIX_PATH}:/opt/ros/foxy /usr/local/bin/cmake --build /src/shared/ros_packages/build/px4_ros_extended
[20.323s] DEBUG:colcon.colcon_core.event_handler.log_command:Invoked command in '/src/shared/ros_packages/build/px4_ros_extended' returned '0': CMAKE_PREFIX_PATH=${CMAKE_PREFIX_PATH}:/opt/ros/foxy /usr/local/bin/cmake --build /src/shared/ros_packages/build/px4_ros_extended
[20.324s] DEBUG:colcon.colcon_core.event_handler.log_command:Invoking command in '/src/shared/ros_packages/build/px4_ros_extended': CMAKE_PREFIX_PATH=${CMAKE_PREFIX_PATH}:/opt/ros/foxy /usr/local/bin/cmake --install /src/shared/ros_packages/build/px4_ros_extended
[20.420s] Level 1:colcon.colcon_core.environment:create_environment_scripts_only(px4_ros_extended)
[20.420s] Level 1:colcon.colcon_core.environment:checking '/src/shared/ros_packages/install/px4_ros_extended' for CMake module files
[20.421s] DEBUG:colcon.colcon_core.event_handler.log_command:Invoked command in '/src/shared/ros_packages/build/px4_ros_extended' returned '0': CMAKE_PREFIX_PATH=${CMAKE_PREFIX_PATH}:/opt/ros/foxy /usr/local/bin/cmake --install /src/shared/ros_packages/build/px4_ros_extended
[20.421s] Level 1:colcon.colcon_core.environment:checking '/src/shared/ros_packages/install/px4_ros_extended' for CMake config files
[20.422s] Level 1:colcon.colcon_core.shell:create_environment_hook('px4_ros_extended', 'cmake_prefix_path')
[20.422s] INFO:colcon.colcon_core.shell:Creating environment hook '/src/shared/ros_packages/install/px4_ros_extended/share/px4_ros_extended/hook/cmake_prefix_path.ps1'
[20.422s] INFO:colcon.colcon_core.shell:Creating environment descriptor '/src/shared/ros_packages/install/px4_ros_extended/share/px4_ros_extended/hook/cmake_prefix_path.dsv'
[20.423s] INFO:colcon.colcon_core.shell:Creating environment hook '/src/shared/ros_packages/install/px4_ros_extended/share/px4_ros_extended/hook/cmake_prefix_path.sh'
[20.423s] Level 1:colcon.colcon_core.environment:checking '/src/shared/ros_packages/install/px4_ros_extended/lib'
[20.423s] Level 1:colcon.colcon_core.environment:checking '/src/shared/ros_packages/install/px4_ros_extended/bin'
[20.423s] Level 1:colcon.colcon_core.environment:checking '/src/shared/ros_packages/install/px4_ros_extended/lib/pkgconfig/px4_ros_extended.pc'
[20.424s] Level 1:colcon.colcon_core.environment:checking '/src/shared/ros_packages/install/px4_ros_extended/lib/python3.8/site-packages'
[20.424s] Level 1:colcon.colcon_core.shell:create_environment_hook('px4_ros_extended', 'pythonpath')
[20.424s] INFO:colcon.colcon_core.shell:Creating environment hook '/src/shared/ros_packages/install/px4_ros_extended/share/px4_ros_extended/hook/pythonpath.ps1'
[20.424s] INFO:colcon.colcon_core.shell:Creating environment descriptor '/src/shared/ros_packages/install/px4_ros_extended/share/px4_ros_extended/hook/pythonpath.dsv'
[20.424s] INFO:colcon.colcon_core.shell:Creating environment hook '/src/shared/ros_packages/install/px4_ros_extended/share/px4_ros_extended/hook/pythonpath.sh'
[20.425s] Level 1:colcon.colcon_core.environment:checking '/src/shared/ros_packages/install/px4_ros_extended/bin'
[20.425s] INFO:colcon.colcon_core.shell:Creating package script '/src/shared/ros_packages/install/px4_ros_extended/share/px4_ros_extended/package.ps1'
[20.425s] INFO:colcon.colcon_core.shell:Creating package descriptor '/src/shared/ros_packages/install/px4_ros_extended/share/px4_ros_extended/package.dsv'
[20.426s] INFO:colcon.colcon_core.shell:Creating package script '/src/shared/ros_packages/install/px4_ros_extended/share/px4_ros_extended/package.sh'
[20.426s] INFO:colcon.colcon_core.shell:Creating package script '/src/shared/ros_packages/install/px4_ros_extended/share/px4_ros_extended/package.bash'
[20.426s] INFO:colcon.colcon_core.shell:Creating package script '/src/shared/ros_packages/install/px4_ros_extended/share/px4_ros_extended/package.zsh'
[20.427s] Level 1:colcon.colcon_core.environment:create_file_with_runtime_dependencies(/src/shared/ros_packages/install/px4_ros_extended/share/colcon-core/packages/px4_ros_extended)
[20.427s] Level 1:colcon.colcon_core.environment:create_environment_scripts_only(px4_ros_extended)
[20.428s] Level 1:colcon.colcon_core.environment:checking '/src/shared/ros_packages/install/px4_ros_extended' for CMake module files
[20.428s] Level 1:colcon.colcon_core.environment:checking '/src/shared/ros_packages/install/px4_ros_extended' for CMake config files
[20.428s] Level 1:colcon.colcon_core.shell:create_environment_hook('px4_ros_extended', 'cmake_prefix_path')
[20.428s] INFO:colcon.colcon_core.shell:Creating environment hook '/src/shared/ros_packages/install/px4_ros_extended/share/px4_ros_extended/hook/cmake_prefix_path.ps1'
[20.429s] INFO:colcon.colcon_core.shell:Creating environment descriptor '/src/shared/ros_packages/install/px4_ros_extended/share/px4_ros_extended/hook/cmake_prefix_path.dsv'
[20.429s] INFO:colcon.colcon_core.shell:Creating environment hook '/src/shared/ros_packages/install/px4_ros_extended/share/px4_ros_extended/hook/cmake_prefix_path.sh'
[20.430s] Level 1:colcon.colcon_core.environment:checking '/src/shared/ros_packages/install/px4_ros_extended/lib'
[20.430s] Level 1:colcon.colcon_core.environment:checking '/src/shared/ros_packages/install/px4_ros_extended/bin'
[20.430s] Level 1:colcon.colcon_core.environment:checking '/src/shared/ros_packages/install/px4_ros_extended/lib/pkgconfig/px4_ros_extended.pc'
[20.430s] Level 1:colcon.colcon_core.environment:checking '/src/shared/ros_packages/install/px4_ros_extended/lib/python3.8/site-packages'
[20.430s] Level 1:colcon.colcon_core.shell:create_environment_hook('px4_ros_extended', 'pythonpath')
[20.430s] INFO:colcon.colcon_core.shell:Creating environment hook '/src/shared/ros_packages/install/px4_ros_extended/share/px4_ros_extended/hook/pythonpath.ps1'
[20.430s] INFO:colcon.colcon_core.shell:Creating environment descriptor '/src/shared/ros_packages/install/px4_ros_extended/share/px4_ros_extended/hook/pythonpath.dsv'
[20.431s] INFO:colcon.colcon_core.shell:Creating environment hook '/src/shared/ros_packages/install/px4_ros_extended/share/px4_ros_extended/hook/pythonpath.sh'
[20.431s] Level 1:colcon.colcon_core.environment:checking '/src/shared/ros_packages/install/px4_ros_extended/bin'
[20.431s] INFO:colcon.colcon_core.shell:Creating package script '/src/shared/ros_packages/install/px4_ros_extended/share/px4_ros_extended/package.ps1'
[20.432s] INFO:colcon.colcon_core.shell:Creating package descriptor '/src/shared/ros_packages/install/px4_ros_extended/share/px4_ros_extended/package.dsv'
[20.432s] INFO:colcon.colcon_core.shell:Creating package script '/src/shared/ros_packages/install/px4_ros_extended/share/px4_ros_extended/package.sh'
[20.433s] INFO:colcon.colcon_core.shell:Creating package script '/src/shared/ros_packages/install/px4_ros_extended/share/px4_ros_extended/package.bash'
[20.433s] INFO:colcon.colcon_core.shell:Creating package script '/src/shared/ros_packages/install/px4_ros_extended/share/px4_ros_extended/package.zsh'
[20.434s] Level 1:colcon.colcon_core.environment:create_file_with_runtime_dependencies(/src/shared/ros_packages/install/px4_ros_extended/share/colcon-core/packages/px4_ros_extended)
[20.434s] DEBUG:colcon.colcon_core.executor.sequential:run_until_complete 'px4_ros_extended' finished with '0'
[20.435s] DEBUG:colcon.colcon_core.executor.sequential:closing loop
[20.435s] DEBUG:colcon.colcon_core.executor.sequential:loop closed
[20.435s] DEBUG:colcon.colcon_core.event_reactor:joining thread
[20.442s] INFO:colcon.colcon_core.plugin_system:Skipping extension 'colcon_notification.desktop_notification.notify_send': Could not find 'notify-send'
[20.442s] INFO:colcon.colcon_core.plugin_system:Skipping extension 'colcon_notification.desktop_notification.terminal_notifier': Not used on non-Darwin systems
[20.442s] INFO:colcon.colcon_core.plugin_system:Skipping extension 'colcon_notification.desktop_notification.win32': Not used on non-Windows systems
[20.442s] INFO:colcon.colcon_notification.desktop_notification:Sending desktop notification using 'notify2'
[20.444s] DEBUG:colcon.colcon_notification.desktop_notification.notify2:Failed to initialize notify2: org.freedesktop.DBus.Error.Spawn.ExecFailed: /usr/bin/dbus-launch terminated abnormally without any error message
[20.445s] DEBUG:colcon.colcon_core.event_reactor:joined thread
[20.445s] INFO:colcon.colcon_core.shell:Creating prefix script '/src/shared/ros_packages/install/local_setup.ps1'
[20.447s] INFO:colcon.colcon_core.shell:Creating prefix util module '/src/shared/ros_packages/install/_local_setup_util_ps1.py'
[20.448s] INFO:colcon.colcon_core.shell:Creating prefix chain script '/src/shared/ros_packages/install/setup.ps1'
[20.449s] INFO:colcon.colcon_core.shell:Creating prefix script '/src/shared/ros_packages/install/local_setup.sh'
[20.449s] INFO:colcon.colcon_core.shell:Creating prefix util module '/src/shared/ros_packages/install/_local_setup_util_sh.py'
[20.450s] INFO:colcon.colcon_core.shell:Creating prefix chain script '/src/shared/ros_packages/install/setup.sh'
[20.451s] INFO:colcon.colcon_core.shell:Creating prefix script '/src/shared/ros_packages/install/local_setup.bash'
[20.451s] INFO:colcon.colcon_core.shell:Creating prefix chain script '/src/shared/ros_packages/install/setup.bash'
[20.452s] INFO:colcon.colcon_core.shell:Creating prefix script '/src/shared/ros_packages/install/local_setup.zsh'
[20.453s] INFO:colcon.colcon_core.shell:Creating prefix chain script '/src/shared/ros_packages/install/setup.zsh'
