[35m[1mConsolidate compiler generated dependencies of target offboard_control[0m
[  1%] [32mBuilding CXX object CMakeFiles/offboard_control.dir/src/examples/offboard/offboard_control.cpp.o[0m
[  2%] [32m[1mLinking CXX executable offboard_control[0m
[  2%] Built target offboard_control
[35m[1mConsolidate compiler generated dependencies of target debug_vect_advertiser[0m
[  4%] Built target debug_vect_advertiser
[35m[1mConsolidate compiler generated dependencies of target micrortps_agent[0m
[ 93%] Built target micrortps_agent
[35m[1mConsolidate compiler generated dependencies of target frame_transforms[0m
[ 95%] Built target frame_transforms
[35m[1mConsolidate compiler generated dependencies of target sensor_combined_listener[0m
[ 97%] Built target sensor_combined_listener
[35m[1mConsolidate compiler generated dependencies of target vehicle_gps_position_listener[0m
[100%] Built target vehicle_gps_position_listener
-- Install configuration: ""
-- Installing: /src/shared/ros_packages/install/px4_ros_com/lib/px4_ros_com/sensor_combined_listener
-- Set runtime path of "/src/shared/ros_packages/install/px4_ros_com/lib/px4_ros_com/sensor_combined_listener" to ""
-- Installing: /src/shared/ros_packages/install/px4_ros_com/lib/px4_ros_com/vehicle_gps_position_listener
-- Set runtime path of "/src/shared/ros_packages/install/px4_ros_com/lib/px4_ros_com/vehicle_gps_position_listener" to ""
-- Installing: /src/shared/ros_packages/install/px4_ros_com/lib/px4_ros_com/debug_vect_advertiser
-- Set runtime path of "/src/shared/ros_packages/install/px4_ros_com/lib/px4_ros_com/debug_vect_advertiser" to ""
-- Installing: /src/shared/ros_packages/install/px4_ros_com/lib/px4_ros_com/offboard_control
-- Set runtime path of "/src/shared/ros_packages/install/px4_ros_com/lib/px4_ros_com/offboard_control" to ""
-- Installing: /src/shared/ros_packages/install/px4_ros_com/share/px4_ros_com/environment/library_path.sh
-- Installing: /src/shared/ros_packages/install/px4_ros_com/share/px4_ros_com/environment/library_path.dsv
-- Installing: /src/shared/ros_packages/install/px4_ros_com/include/px4_ros_com
-- Installing: /src/shared/ros_packages/install/px4_ros_com/include/px4_ros_com/frame_transforms.h
-- Installing: /src/shared/ros_packages/install/px4_ros_com/share/px4_ros_com/cmake
-- Installing: /src/shared/ros_packages/install/px4_ros_com/share/px4_ros_com/cmake/GenerateMicroRTPSAgent.cmake
-- Installing: /src/shared/ros_packages/install/px4_ros_com/share/px4_ros_com/cmake/EnableSanitizers.cmake
-- Installing: /src/shared/ros_packages/install/px4_ros_com/share/px4_ros_com/cmake/EnableC++XX.cmake
-- Installing: /src/shared/ros_packages/install/px4_ros_com/lib/libframe_transforms.so
-- Set runtime path of "/src/shared/ros_packages/install/px4_ros_com/lib/libframe_transforms.so" to ""
-- Installing: /src/shared/ros_packages/install/px4_ros_com/bin/micrortps_agent
-- Set runtime path of "/src/shared/ros_packages/install/px4_ros_com/bin/micrortps_agent" to ""
-- Installing: /src/shared/ros_packages/install/px4_ros_com/share/px4_ros_com/launch
-- Installing: /src/shared/ros_packages/install/px4_ros_com/share/px4_ros_com/launch/sensor_combined_listener.launch.py
-- Installing: /src/shared/ros_packages/install/px4_ros_com/share/px4_ros_com/test
-- Installing: /src/shared/ros_packages/install/px4_ros_com/share/px4_ros_com/test/pipeline_io_test.py
-- Installing: /src/shared/ros_packages/install/px4_ros_com/share/px4_ros_com/test/test_input.py
-- Installing: /src/shared/ros_packages/install/px4_ros_com/share/px4_ros_com/test/test_output.py
-- Installing: /src/shared/ros_packages/install/px4_ros_com/share/px4_ros_com/test/__init__.py
-- Installing: /src/shared/ros_packages/install/px4_ros_com/share/ament_index/resource_index/package_run_dependencies/px4_ros_com
-- Installing: /src/shared/ros_packages/install/px4_ros_com/share/ament_index/resource_index/parent_prefix_path/px4_ros_com
-- Installing: /src/shared/ros_packages/install/px4_ros_com/share/px4_ros_com/environment/ament_prefix_path.sh
-- Installing: /src/shared/ros_packages/install/px4_ros_com/share/px4_ros_com/environment/ament_prefix_path.dsv
-- Installing: /src/shared/ros_packages/install/px4_ros_com/share/px4_ros_com/environment/path.sh
-- Installing: /src/shared/ros_packages/install/px4_ros_com/share/px4_ros_com/environment/path.dsv
-- Installing: /src/shared/ros_packages/install/px4_ros_com/share/px4_ros_com/local_setup.bash
-- Installing: /src/shared/ros_packages/install/px4_ros_com/share/px4_ros_com/local_setup.sh
-- Installing: /src/shared/ros_packages/install/px4_ros_com/share/px4_ros_com/local_setup.zsh
-- Installing: /src/shared/ros_packages/install/px4_ros_com/share/px4_ros_com/local_setup.dsv
-- Installing: /src/shared/ros_packages/install/px4_ros_com/share/px4_ros_com/package.dsv
-- Installing: /src/shared/ros_packages/install/px4_ros_com/share/ament_index/resource_index/packages/px4_ros_com
-- Installing: /src/shared/ros_packages/install/px4_ros_com/share/px4_ros_com/cmake/export_frame_transformsExport.cmake
-- Installing: /src/shared/ros_packages/install/px4_ros_com/share/px4_ros_com/cmake/export_frame_transformsExport-noconfig.cmake
-- Installing: /src/shared/ros_packages/install/px4_ros_com/share/px4_ros_com/cmake/ament_cmake_export_dependencies-extras.cmake
-- Installing: /src/shared/ros_packages/install/px4_ros_com/share/px4_ros_com/cmake/ament_cmake_export_targets-extras.cmake
-- Installing: /src/shared/ros_packages/install/px4_ros_com/share/px4_ros_com/cmake/ament_cmake_export_include_directories-extras.cmake
-- Installing: /src/shared/ros_packages/install/px4_ros_com/share/px4_ros_com/cmake/ament_cmake_export_libraries-extras.cmake
-- Installing: /src/shared/ros_packages/install/px4_ros_com/share/px4_ros_com/cmake/px4_ros_comConfig.cmake
-- Installing: /src/shared/ros_packages/install/px4_ros_com/share/px4_ros_com/cmake/px4_ros_comConfig-version.cmake
-- Installing: /src/shared/ros_packages/install/px4_ros_com/share/px4_ros_com/package.xml
