-- The C compiler identification is GNU 9.3.0
-- The CXX compiler identification is GNU 9.3.0
-- Detecting C compiler ABI info
-- Detecting C compiler ABI info - done
-- Check for working C compiler: /usr/lib/ccache/cc - skipped
-- Detecting C compile features
-- Detecting C compile features - done
-- Detecting CXX compiler ABI info
-- Detecting CXX compiler ABI info - done
-- Check for working CXX compiler: /usr/lib/ccache/c++ - skipped
-- Detecting CXX compile features
-- Detecting CXX compile features - done
-- Performing Test COMPILER_SUPPORTS_CXX17
-- Performing Test COMPILER_SUPPORTS_CXX17 - Success
-- Performing Test COMPILER_SUPPORTS_CXX14
-- Performing Test COMPILER_SUPPORTS_CXX14 - Success
-- Performing Test COMPILER_SUPPORTS_CXX11
-- Performing Test COMPILER_SUPPORTS_CXX11 - Success
-- Performing Test COMPILER_SUPPORTS_CXX0X
-- Performing Test COMPILER_SUPPORTS_CXX0X - Success
-- Using C++17 compiler
-- Found ament_cmake: 0.9.12 (/opt/ros/foxy/share/ament_cmake/cmake)
-- Found PythonInterp: /usr/bin/python3 (found suitable version "3.8.10", minimum required is "3") 
-- Using PYTHON_EXECUTABLE: /usr/bin/python3
-- Found builtin_interfaces: 1.0.0 (/opt/ros/foxy/share/builtin_interfaces/cmake)
-- Using all available rosidl_typesupport_c: rosidl_typesupport_fastrtps_c;rosidl_typesupport_introspection_c
-- Found rosidl_adapter: 1.3.1 (/opt/ros/foxy/share/rosidl_adapter/cmake)
-- Found OpenSSL: /usr/lib/x86_64-linux-gnu/libcrypto.so (found version "1.1.1f")  
-- Found FastRTPS: /opt/ros/foxy/include  
-- Using all available rosidl_typesupport_cpp: rosidl_typesupport_fastrtps_cpp;rosidl_typesupport_introspection_cpp
-- Found rclcpp: 2.4.3 (/opt/ros/foxy/share/rclcpp/cmake)
-- Found rmw_implementation_cmake: 1.0.4 (/opt/ros/foxy/share/rmw_implementation_cmake/cmake)
-- Using RMW implementation 'rmw_fastrtps_cpp' as default
-- Looking for pthread.h
-- Looking for pthread.h - found
-- Performing Test CMAKE_HAVE_LIBC_PTHREAD
-- Performing Test CMAKE_HAVE_LIBC_PTHREAD - Failed
-- Looking for pthread_create in pthreads
-- Looking for pthread_create in pthreads - not found
-- Looking for pthread_create in pthread
-- Looking for pthread_create in pthread - found
-- Found Threads: TRUE  
-- Found rmw_fastrtps_cpp: 1.3.2 (/opt/ros/foxy/share/rmw_fastrtps_cpp/cmake)
-- Found px4_msgs: 2.0.1 (/src/shared/install/px4_msgs/share/px4_msgs/cmake)
-- Found sensor_msgs: 2.0.5 (/opt/ros/foxy/share/sensor_msgs/cmake)
-- Found eigen3_cmake_module: 0.1.1 (/opt/ros/foxy/share/eigen3_cmake_module/cmake)
-- fastrtpsgen found in /usr/local/bin
Picked up JAVA_TOOL_OPTIONS: -Dfile.encoding=UTF8
Picked up JAVA_TOOL_OPTIONS: -Dfile.encoding=UTF8
openjdk version "1.8.0_292"
OpenJDK Runtime Environment (build 1.8.0_292-8u292-b10-0ubuntu1~20.04-b10)
OpenJDK 64-Bit Server VM (build 25.292-b10, mixed mode)
-- fastrtpsgen version 1.0.4
-- px4_msgs message dir under /src/shared/install/px4_msgs/share/px4_msgs/msg
-- IDL definitions under /src/shared/install/px4_msgs/share/px4_msgs/msg
-- Retrieving list of msgs to send...
-- List of msgs to send: DebugArray, DebugKeyValue, DebugValue, DebugVect, OffboardControlMode, OnboardComputerStatus, OpticalFlow, PositionSetpoint, PositionSetpointTriplet, TelemetryStatus, Timesync, TrajectoryBezier, VehicleCommand, VehicleLocalPositionSetpoint, VehicleTrajectoryBezier, VehicleTrajectoryWaypoint, TrajectorySetpoint, VehicleMocapOdometry, VehicleVisualOdometry
-- Retrieving list of msgs to receive...
-- List of msgs to receive: CollisionConstraints, SensorCombined, Timesync, TimesyncStatus, TrajectoryWaypoint, VehicleControlMode, VehicleOdometry, VehicleStatus
-- Configuring done
-- Generating done
-- Build files have been written to: /src/shared/build/px4_ros_com
[  1%] [34m[1mGenerating micro-RTPS agent code...[0m
[  2%] [32mBuilding CXX object CMakeFiles/offboard_control.dir/src/examples/offboard/offboard_control.cpp.o[0m
[  3%] [32mBuilding CXX object CMakeFiles/debug_vect_advertiser.dir/src/examples/advertisers/debug_vect_advertiser.cpp.o[0m
[  4%] [32mBuilding CXX object CMakeFiles/sensor_combined_listener.dir/src/examples/listeners/sensor_combined_listener.cpp.o[0m
[  5%] [32mBuilding CXX object CMakeFiles/vehicle_gps_position_listener.dir/src/examples/listeners/vehicle_gps_position_listener.cpp.o[0m
[  6%] [32mBuilding CXX object CMakeFiles/frame_transforms.dir/src/lib/frame_transforms.cpp.o[0m
[ 10%] [32mBuilding CXX object CMakeFiles/micrortps_agent.dir/src/micrortps_agent/DebugArray.cpp.o[0m
[ 10%] [32mBuilding CXX object CMakeFiles/micrortps_agent.dir/src/micrortps_agent/RtpsTopics.cpp.o[0m
[ 11%] [32mBuilding CXX object CMakeFiles/micrortps_agent.dir/src/micrortps_agent/microRTPS_agent.cpp.o[0m
[ 11%] [32mBuilding CXX object CMakeFiles/micrortps_agent.dir/src/micrortps_agent/microRTPS_timesync.cpp.o[0m
[ 11%] [32mBuilding CXX object CMakeFiles/micrortps_agent.dir/src/micrortps_agent/microRTPS_transport.cpp.o[0m
[ 12%] [32mBuilding CXX object CMakeFiles/micrortps_agent.dir/src/micrortps_agent/DebugArrayPubSubTypes.cpp.o[0m
[ 13%] [32mBuilding CXX object CMakeFiles/micrortps_agent.dir/src/micrortps_agent/DebugKeyValue.cpp.o[0m
[ 14%] [32mBuilding CXX object CMakeFiles/micrortps_agent.dir/src/micrortps_agent/DebugKeyValuePubSubTypes.cpp.o[0m
[ 15%] [32mBuilding CXX object CMakeFiles/micrortps_agent.dir/src/micrortps_agent/DebugValue.cpp.o[0m
[ 16%] [32mBuilding CXX object CMakeFiles/micrortps_agent.dir/src/micrortps_agent/DebugValuePubSubTypes.cpp.o[0m
[ 17%] [32mBuilding CXX object CMakeFiles/micrortps_agent.dir/src/micrortps_agent/DebugVect.cpp.o[0m
[ 18%] [32m[1mLinking CXX executable debug_vect_advertiser[0m
[ 19%] [32mBuilding CXX object CMakeFiles/micrortps_agent.dir/src/micrortps_agent/DebugVectPubSubTypes.cpp.o[0m
[ 19%] Built target debug_vect_advertiser
[ 20%] [32mBuilding CXX object CMakeFiles/micrortps_agent.dir/src/micrortps_agent/OffboardControlMode.cpp.o[0m
[ 21%] [32mBuilding CXX object CMakeFiles/micrortps_agent.dir/src/micrortps_agent/OffboardControlModePubSubTypes.cpp.o[0m
[ 22%] [32mBuilding CXX object CMakeFiles/micrortps_agent.dir/src/micrortps_agent/OnboardComputerStatus.cpp.o[0m
[ 23%] [32mBuilding CXX object CMakeFiles/micrortps_agent.dir/src/micrortps_agent/OnboardComputerStatusPubSubTypes.cpp.o[0m
[ 24%] [32mBuilding CXX object CMakeFiles/micrortps_agent.dir/src/micrortps_agent/OpticalFlow.cpp.o[0m
[ 25%] [32mBuilding CXX object CMakeFiles/micrortps_agent.dir/src/micrortps_agent/OpticalFlowPubSubTypes.cpp.o[0m
[ 26%] [32mBuilding CXX object CMakeFiles/micrortps_agent.dir/src/micrortps_agent/PositionSetpoint.cpp.o[0m
[ 27%] [32mBuilding CXX object CMakeFiles/micrortps_agent.dir/src/micrortps_agent/PositionSetpointPubSubTypes.cpp.o[0m
[ 28%] [32m[1mLinking CXX executable vehicle_gps_position_listener[0m
[ 29%] [32mBuilding CXX object CMakeFiles/micrortps_agent.dir/src/micrortps_agent/PositionSetpointTriplet.cpp.o[0m
[ 30%] [32mBuilding CXX object CMakeFiles/micrortps_agent.dir/src/micrortps_agent/PositionSetpointTripletPubSubTypes.cpp.o[0m
[ 30%] Built target vehicle_gps_position_listener
[ 31%] [32mBuilding CXX object CMakeFiles/micrortps_agent.dir/src/micrortps_agent/TelemetryStatus.cpp.o[0m
[ 32%] [32mBuilding CXX object CMakeFiles/micrortps_agent.dir/src/micrortps_agent/TelemetryStatusPubSubTypes.cpp.o[0m
[ 33%] [32mBuilding CXX object CMakeFiles/micrortps_agent.dir/src/micrortps_agent/Timesync.cpp.o[0m
[ 34%] [32mBuilding CXX object CMakeFiles/micrortps_agent.dir/src/micrortps_agent/TimesyncPubSubTypes.cpp.o[0m
[ 35%] [32mBuilding CXX object CMakeFiles/micrortps_agent.dir/src/micrortps_agent/TrajectoryBezier.cpp.o[0m
[ 36%] [32mBuilding CXX object CMakeFiles/micrortps_agent.dir/src/micrortps_agent/TrajectoryBezierPubSubTypes.cpp.o[0m
[ 37%] [32mBuilding CXX object CMakeFiles/micrortps_agent.dir/src/micrortps_agent/VehicleCommand.cpp.o[0m
[ 38%] [32mBuilding CXX object CMakeFiles/micrortps_agent.dir/src/micrortps_agent/VehicleCommandPubSubTypes.cpp.o[0m
[ 39%] [32mBuilding CXX object CMakeFiles/micrortps_agent.dir/src/micrortps_agent/VehicleLocalPositionSetpoint.cpp.o[0m
[ 40%] [32mBuilding CXX object CMakeFiles/micrortps_agent.dir/src/micrortps_agent/VehicleLocalPositionSetpointPubSubTypes.cpp.o[0m
[ 41%] [32mBuilding CXX object CMakeFiles/micrortps_agent.dir/src/micrortps_agent/VehicleTrajectoryBezier.cpp.o[0m
[ 42%] [32mBuilding CXX object CMakeFiles/micrortps_agent.dir/src/micrortps_agent/VehicleTrajectoryBezierPubSubTypes.cpp.o[0m
[ 43%] [32mBuilding CXX object CMakeFiles/micrortps_agent.dir/src/micrortps_agent/VehicleTrajectoryWaypoint.cpp.o[0m
[ 44%] [32mBuilding CXX object CMakeFiles/micrortps_agent.dir/src/micrortps_agent/VehicleTrajectoryWaypointPubSubTypes.cpp.o[0m
make[2]: *** [CMakeFiles/micrortps_agent.dir/build.make:916: CMakeFiles/micrortps_agent.dir/src/micrortps_agent/VehicleCommandPubSubTypes.cpp.o] Interrupt
make[2]: *** [CMakeFiles/offboard_control.dir/build.make:76: CMakeFiles/offboard_control.dir/src/examples/offboard/offboard_control.cpp.o] Interrupt
make[2]: *** [CMakeFiles/micrortps_agent.dir/build.make:538: CMakeFiles/micrortps_agent.dir/src/micrortps_agent/microRTPS_timesync.cpp.o] Interrupt
make[2]: *** [CMakeFiles/micrortps_agent.dir/build.make:776: CMakeFiles/micrortps_agent.dir/src/micrortps_agent/PositionSetpointPubSubTypes.cpp.o] Interrupt
make[2]: *** [CMakeFiles/micrortps_agent.dir/build.make:804: CMakeFiles/micrortps_agent.dir/src/micrortps_agent/PositionSetpointTripletPubSubTypes.cpp.o] Interrupt
make[2]: *** [CMakeFiles/micrortps_agent.dir/build.make:832: CMakeFiles/micrortps_agent.dir/src/micrortps_agent/TelemetryStatusPubSubTypes.cpp.o] Interrupt
make[2]: *** [CMakeFiles/micrortps_agent.dir/build.make:944: CMakeFiles/micrortps_agent.dir/src/micrortps_agent/VehicleLocalPositionSetpointPubSubTypes.cpp.o] Interrupt
make[2]: *** [CMakeFiles/micrortps_agent.dir/build.make:986: CMakeFiles/micrortps_agent.dir/src/micrortps_agent/VehicleTrajectoryWaypoint.cpp.o] Interrupt
make[1]: *** [CMakeFiles/Makefile2:95: CMakeFiles/offboard_control.dir/all] Interrupt
Traceback (most recent call last):
  File "/usr/local/bin/cmake", line 8, in <module>
make[2]: *** [CMakeFiles/micrortps_agent.dir/build.make:1000: CMakeFiles/micrortps_agent.dir/src/micrortps_agent/VehicleTrajectoryWaypointPubSubTypes.cpp.o] Interrupt
    sys.exit(cmake())
  File "/usr/local/lib/python3.8/dist-packages/cmake/__init__.py", line 47, in cmake
    raise SystemExit(_program('cmake', sys.argv[1:]))
  File "/usr/local/lib/python3.8/dist-packages/cmake/__init__.py", line 43, in _program
    return subprocess.call([os.path.join(CMAKE_BIN_DIR, name)] + args)
  File "/usr/lib/python3.8/subprocess.py", line 342, in call
    return p.wait(timeout=timeout)
  File "/usr/lib/python3.8/subprocess.py", line 1083, in wait
    return self._wait(timeout=timeout)
  File "/usr/lib/python3.8/subprocess.py", line 1806, in _wait
    (pid, sts) = self._try_wait(0)
  File "/usr/lib/python3.8/subprocess.py", line 1764, in _try_wait
    (pid, sts) = os.waitpid(self.pid, wait_flags)
KeyboardInterrupt
make[2]: *** [CMakeFiles/micrortps_agent.dir/build.make:552: CMakeFiles/micrortps_agent.dir/src/micrortps_agent/RtpsTopics.cpp.o] Interrupt
make[2]: *** [CMakeFiles/micrortps_agent.dir/build.make:888: CMakeFiles/micrortps_agent.dir/src/micrortps_agent/TrajectoryBezierPubSubTypes.cpp.o] Interrupt
make[2]: *** [CMakeFiles/micrortps_agent.dir/build.make:972: CMakeFiles/micrortps_agent.dir/src/micrortps_agent/VehicleTrajectoryBezierPubSubTypes.cpp.o] Interrupt
make[2]: *** [CMakeFiles/micrortps_agent.dir/build.make:510: CMakeFiles/micrortps_agent.dir/src/micrortps_agent/microRTPS_agent.cpp.o] Interrupt
make[2]: *** [CMakeFiles/micrortps_agent.dir/build.make:860: CMakeFiles/micrortps_agent.dir/src/micrortps_agent/TimesyncPubSubTypes.cpp.o] Interrupt
make[2]: *** [CMakeFiles/frame_transforms.dir/build.make:76: CMakeFiles/frame_transforms.dir/src/lib/frame_transforms.cpp.o] Interrupt
make[1]: *** [CMakeFiles/Makefile2:173: CMakeFiles/micrortps_agent.dir/all] Interrupt
make[1]: *** [CMakeFiles/Makefile2:225: CMakeFiles/frame_transforms.dir/all] Interrupt
make[2]: *** [CMakeFiles/sensor_combined_listener.dir/build.make:76: CMakeFiles/sensor_combined_listener.dir/src/examples/listeners/sensor_combined_listener.cpp.o] Interrupt
make[1]: *** [CMakeFiles/Makefile2:251: CMakeFiles/sensor_combined_listener.dir/all] Interrupt
make: *** [Makefile:146: all] Interrupt
