[0.016s] Invoking command in '/src/shared/build/px4_ros_com': AMENT_PREFIX_PATH=/src/shared/install/px4_msgs:${AMENT_PREFIX_PATH} CMAKE_PREFIX_PATH=/src/shared/install/px4_msgs:/src/shared/ros_packages/install/px4_ros_extended:/src/shared/ros_packages/install/px4_ros_com:/src/shared/ros_packages/install/px4_msgs:/opt/ros/foxy LD_LIBRARY_PATH=/src/shared/install/px4_msgs/lib:${LD_LIBRARY_PATH} PYTHONPATH=/src/shared/install/px4_msgs/lib/python3.8/site-packages:${PYTHONPATH} /usr/local/bin/cmake /src/shared/ros_packages/px4_ros_com -DCMAKE_INSTALL_PREFIX=/src/shared/install/px4_ros_com
[0.087s] -- The C compiler identification is GNU 9.3.0
[0.136s] -- The CXX compiler identification is GNU 9.3.0
[0.143s] -- Detecting C compiler ABI info
[0.176s] -- Detecting C compiler ABI info - done
[0.182s] -- Check for working C compiler: /usr/lib/ccache/cc - skipped
[0.182s] -- Detecting C compile features
[0.182s] -- Detecting C compile features - done
[0.185s] -- Detecting CXX compiler ABI info
[0.227s] -- Detecting CXX compiler ABI info - done
[0.232s] -- Check for working CXX compiler: /usr/lib/ccache/c++ - skipped
[0.232s] -- Detecting CXX compile features
[0.233s] -- Detecting CXX compile features - done
[0.237s] -- Performing Test COMPILER_SUPPORTS_CXX17
[0.298s] -- Performing Test COMPILER_SUPPORTS_CXX17 - Success
[0.299s] -- Performing Test COMPILER_SUPPORTS_CXX14
[0.360s] -- Performing Test COMPILER_SUPPORTS_CXX14 - Success
[0.360s] -- Performing Test COMPILER_SUPPORTS_CXX11
[0.424s] -- Performing Test COMPILER_SUPPORTS_CXX11 - Success
[0.424s] -- Performing Test COMPILER_SUPPORTS_CXX0X
[0.486s] -- Performing Test COMPILER_SUPPORTS_CXX0X - Success
[0.486s] -- Using C++17 compiler
[0.488s] -- Found ament_cmake: 0.9.12 (/opt/ros/foxy/share/ament_cmake/cmake)
[0.510s] -- Found PythonInterp: /usr/bin/python3 (found suitable version "3.8.10", minimum required is "3") 
[0.510s] -- Using PYTHON_EXECUTABLE: /usr/bin/python3
[0.697s] -- Found builtin_interfaces: 1.0.0 (/opt/ros/foxy/share/builtin_interfaces/cmake)
[0.721s] -- Using all available rosidl_typesupport_c: rosidl_typesupport_fastrtps_c;rosidl_typesupport_introspection_c
[0.728s] -- Found rosidl_adapter: 1.3.1 (/opt/ros/foxy/share/rosidl_adapter/cmake)
[0.812s] -- Found OpenSSL: /usr/lib/x86_64-linux-gnu/libcrypto.so (found version "1.1.1f")  
[0.841s] -- Found FastRTPS: /opt/ros/foxy/include  
[0.916s] -- Using all available rosidl_typesupport_cpp: rosidl_typesupport_fastrtps_cpp;rosidl_typesupport_introspection_cpp
[0.960s] -- Found rclcpp: 2.4.3 (/opt/ros/foxy/share/rclcpp/cmake)
[0.997s] -- Found rmw_implementation_cmake: 1.0.4 (/opt/ros/foxy/share/rmw_implementation_cmake/cmake)
[0.998s] -- Using RMW implementation 'rmw_fastrtps_cpp' as default
[0.999s] -- Looking for pthread.h
[1.059s] -- Looking for pthread.h - found
[1.059s] -- Performing Test CMAKE_HAVE_LIBC_PTHREAD
[1.119s] -- Performing Test CMAKE_HAVE_LIBC_PTHREAD - Failed
[1.120s] -- Looking for pthread_create in pthreads
[1.144s] -- Looking for pthread_create in pthreads - not found
[1.144s] -- Looking for pthread_create in pthread
[1.179s] -- Looking for pthread_create in pthread - found
[1.180s] -- Found Threads: TRUE  
[1.298s] -- Found rmw_fastrtps_cpp: 1.3.2 (/opt/ros/foxy/share/rmw_fastrtps_cpp/cmake)
[1.419s] -- Found px4_msgs: 2.0.1 (/src/shared/install/px4_msgs/share/px4_msgs/cmake)
[1.433s] -- Found sensor_msgs: 2.0.5 (/opt/ros/foxy/share/sensor_msgs/cmake)
[1.547s] -- Found eigen3_cmake_module: 0.1.1 (/opt/ros/foxy/share/eigen3_cmake_module/cmake)
[1.553s] -- fastrtpsgen found in /usr/local/bin
[1.591s] Picked up JAVA_TOOL_OPTIONS: -Dfile.encoding=UTF8
[1.592s] Picked up JAVA_TOOL_OPTIONS: -Dfile.encoding=UTF8
[1.710s] openjdk version "1.8.0_292"
[1.710s] OpenJDK Runtime Environment (build 1.8.0_292-8u292-b10-0ubuntu1~20.04-b10)
[1.710s] OpenJDK 64-Bit Server VM (build 25.292-b10, mixed mode)
[1.780s] -- fastrtpsgen version 1.0.4
[1.780s] -- px4_msgs message dir under /src/shared/install/px4_msgs/share/px4_msgs/msg
[1.780s] -- IDL definitions under /src/shared/install/px4_msgs/share/px4_msgs/msg
[1.780s] -- Retrieving list of msgs to send...
[1.829s] -- List of msgs to send: DebugArray, DebugKeyValue, DebugValue, DebugVect, OffboardControlMode, OnboardComputerStatus, OpticalFlow, PositionSetpoint, PositionSetpointTriplet, TelemetryStatus, Timesync, TrajectoryBezier, VehicleCommand, VehicleLocalPositionSetpoint, VehicleTrajectoryBezier, VehicleTrajectoryWaypoint, TrajectorySetpoint, VehicleMocapOdometry, VehicleVisualOdometry
[1.829s] -- Retrieving list of msgs to receive...
[1.875s] -- List of msgs to receive: CollisionConstraints, SensorCombined, Timesync, TimesyncStatus, TrajectoryWaypoint, VehicleControlMode, VehicleOdometry, VehicleStatus
[1.947s] -- Configuring done
[2.128s] -- Generating done
[2.139s] -- Build files have been written to: /src/shared/build/px4_ros_com
[2.151s] Invoked command in '/src/shared/build/px4_ros_com' returned '0': AMENT_PREFIX_PATH=/src/shared/install/px4_msgs:${AMENT_PREFIX_PATH} CMAKE_PREFIX_PATH=/src/shared/install/px4_msgs:/src/shared/ros_packages/install/px4_ros_extended:/src/shared/ros_packages/install/px4_ros_com:/src/shared/ros_packages/install/px4_msgs:/opt/ros/foxy LD_LIBRARY_PATH=/src/shared/install/px4_msgs/lib:${LD_LIBRARY_PATH} PYTHONPATH=/src/shared/install/px4_msgs/lib/python3.8/site-packages:${PYTHONPATH} /usr/local/bin/cmake /src/shared/ros_packages/px4_ros_com -DCMAKE_INSTALL_PREFIX=/src/shared/install/px4_ros_com
[2.154s] Invoking command in '/src/shared/build/px4_ros_com': AMENT_PREFIX_PATH=/src/shared/install/px4_msgs:${AMENT_PREFIX_PATH} CMAKE_PREFIX_PATH=/src/shared/install/px4_msgs:/src/shared/ros_packages/install/px4_ros_extended:/src/shared/ros_packages/install/px4_ros_com:/src/shared/ros_packages/install/px4_msgs:/opt/ros/foxy LD_LIBRARY_PATH=/src/shared/install/px4_msgs/lib:${LD_LIBRARY_PATH} PYTHONPATH=/src/shared/install/px4_msgs/lib/python3.8/site-packages:${PYTHONPATH} /usr/local/bin/cmake --build /src/shared/build/px4_ros_com -- -j16 -l16
[2.209s] [  1%] [34m[1mGenerating micro-RTPS agent code...[0m
[2.211s] [  2%] [32mBuilding CXX object CMakeFiles/offboard_control.dir/src/examples/offboard/offboard_control.cpp.o[0m
[2.212s] [  3%] [32mBuilding CXX object CMakeFiles/debug_vect_advertiser.dir/src/examples/advertisers/debug_vect_advertiser.cpp.o[0m
[2.213s] [  4%] [32mBuilding CXX object CMakeFiles/sensor_combined_listener.dir/src/examples/listeners/sensor_combined_listener.cpp.o[0m
[2.219s] [  5%] [32mBuilding CXX object CMakeFiles/vehicle_gps_position_listener.dir/src/examples/listeners/vehicle_gps_position_listener.cpp.o[0m
[2.219s] [  6%] [32mBuilding CXX object CMakeFiles/frame_transforms.dir/src/lib/frame_transforms.cpp.o[0m
[9.074s] [ 10%] [32mBuilding CXX object CMakeFiles/micrortps_agent.dir/src/micrortps_agent/DebugArray.cpp.o[0m
[9.085s] [ 10%] [32mBuilding CXX object CMakeFiles/micrortps_agent.dir/src/micrortps_agent/RtpsTopics.cpp.o[0m
[9.086s] [ 11%] [32mBuilding CXX object CMakeFiles/micrortps_agent.dir/src/micrortps_agent/microRTPS_agent.cpp.o[0m
[9.086s] [ 11%] [32mBuilding CXX object CMakeFiles/micrortps_agent.dir/src/micrortps_agent/microRTPS_timesync.cpp.o[0m
[9.086s] [ 11%] [32mBuilding CXX object CMakeFiles/micrortps_agent.dir/src/micrortps_agent/microRTPS_transport.cpp.o[0m
[9.086s] [ 12%] [32mBuilding CXX object CMakeFiles/micrortps_agent.dir/src/micrortps_agent/DebugArrayPubSubTypes.cpp.o[0m
[9.086s] [ 13%] [32mBuilding CXX object CMakeFiles/micrortps_agent.dir/src/micrortps_agent/DebugKeyValue.cpp.o[0m
[9.087s] [ 14%] [32mBuilding CXX object CMakeFiles/micrortps_agent.dir/src/micrortps_agent/DebugKeyValuePubSubTypes.cpp.o[0m
[9.087s] [ 15%] [32mBuilding CXX object CMakeFiles/micrortps_agent.dir/src/micrortps_agent/DebugValue.cpp.o[0m
[9.087s] [ 16%] [32mBuilding CXX object CMakeFiles/micrortps_agent.dir/src/micrortps_agent/DebugValuePubSubTypes.cpp.o[0m
[9.087s] [ 17%] [32mBuilding CXX object CMakeFiles/micrortps_agent.dir/src/micrortps_agent/DebugVect.cpp.o[0m
[9.164s] [ 18%] [32m[1mLinking CXX executable debug_vect_advertiser[0m
[9.546s] [ 19%] [32mBuilding CXX object CMakeFiles/micrortps_agent.dir/src/micrortps_agent/DebugVectPubSubTypes.cpp.o[0m
[9.928s] [ 19%] Built target debug_vect_advertiser
[9.954s] [ 20%] [32mBuilding CXX object CMakeFiles/micrortps_agent.dir/src/micrortps_agent/OffboardControlMode.cpp.o[0m
[10.930s] [ 21%] [32mBuilding CXX object CMakeFiles/micrortps_agent.dir/src/micrortps_agent/OffboardControlModePubSubTypes.cpp.o[0m
[10.931s] [ 22%] [32mBuilding CXX object CMakeFiles/micrortps_agent.dir/src/micrortps_agent/OnboardComputerStatus.cpp.o[0m
[10.958s] [ 23%] [32mBuilding CXX object CMakeFiles/micrortps_agent.dir/src/micrortps_agent/OnboardComputerStatusPubSubTypes.cpp.o[0m
[10.985s] [ 24%] [32mBuilding CXX object CMakeFiles/micrortps_agent.dir/src/micrortps_agent/OpticalFlow.cpp.o[0m
[14.182s] [ 25%] [32mBuilding CXX object CMakeFiles/micrortps_agent.dir/src/micrortps_agent/OpticalFlowPubSubTypes.cpp.o[0m
[15.253s] [ 26%] [32mBuilding CXX object CMakeFiles/micrortps_agent.dir/src/micrortps_agent/PositionSetpoint.cpp.o[0m
[15.778s] [ 27%] [32mBuilding CXX object CMakeFiles/micrortps_agent.dir/src/micrortps_agent/PositionSetpointPubSubTypes.cpp.o[0m
[18.408s] [ 28%] [32m[1mLinking CXX executable vehicle_gps_position_listener[0m
[22.978s] [ 29%] [32mBuilding CXX object CMakeFiles/micrortps_agent.dir/src/micrortps_agent/PositionSetpointTriplet.cpp.o[0m
[24.758s] [ 30%] [32mBuilding CXX object CMakeFiles/micrortps_agent.dir/src/micrortps_agent/PositionSetpointTripletPubSubTypes.cpp.o[0m
[24.779s] [ 30%] Built target vehicle_gps_position_listener
[24.791s] [ 31%] [32mBuilding CXX object CMakeFiles/micrortps_agent.dir/src/micrortps_agent/TelemetryStatus.cpp.o[0m
[24.919s] [ 32%] [32mBuilding CXX object CMakeFiles/micrortps_agent.dir/src/micrortps_agent/TelemetryStatusPubSubTypes.cpp.o[0m
[26.901s] [ 33%] [32mBuilding CXX object CMakeFiles/micrortps_agent.dir/src/micrortps_agent/Timesync.cpp.o[0m
[26.996s] [ 34%] [32mBuilding CXX object CMakeFiles/micrortps_agent.dir/src/micrortps_agent/TimesyncPubSubTypes.cpp.o[0m
[27.035s] [ 35%] [32mBuilding CXX object CMakeFiles/micrortps_agent.dir/src/micrortps_agent/TrajectoryBezier.cpp.o[0m
[27.234s] [ 36%] [32mBuilding CXX object CMakeFiles/micrortps_agent.dir/src/micrortps_agent/TrajectoryBezierPubSubTypes.cpp.o[0m
[27.330s] [ 37%] [32mBuilding CXX object CMakeFiles/micrortps_agent.dir/src/micrortps_agent/VehicleCommand.cpp.o[0m
[27.580s] [ 38%] [32mBuilding CXX object CMakeFiles/micrortps_agent.dir/src/micrortps_agent/VehicleCommandPubSubTypes.cpp.o[0m
[27.835s] [ 39%] [32mBuilding CXX object CMakeFiles/micrortps_agent.dir/src/micrortps_agent/VehicleLocalPositionSetpoint.cpp.o[0m
[27.983s] [ 40%] [32mBuilding CXX object CMakeFiles/micrortps_agent.dir/src/micrortps_agent/VehicleLocalPositionSetpointPubSubTypes.cpp.o[0m
[28.214s] [ 41%] [32mBuilding CXX object CMakeFiles/micrortps_agent.dir/src/micrortps_agent/VehicleTrajectoryBezier.cpp.o[0m
[28.355s] [ 42%] [32mBuilding CXX object CMakeFiles/micrortps_agent.dir/src/micrortps_agent/VehicleTrajectoryBezierPubSubTypes.cpp.o[0m
[28.983s] [ 43%] [32mBuilding CXX object CMakeFiles/micrortps_agent.dir/src/micrortps_agent/VehicleTrajectoryWaypoint.cpp.o[0m
[51.632s] [ 44%] [32mBuilding CXX object CMakeFiles/micrortps_agent.dir/src/micrortps_agent/VehicleTrajectoryWaypointPubSubTypes.cpp.o[0m
[191.622s] make[2]: *** [CMakeFiles/micrortps_agent.dir/build.make:916: CMakeFiles/micrortps_agent.dir/src/micrortps_agent/VehicleCommandPubSubTypes.cpp.o] Interrupt
[191.634s] make[2]: *** [CMakeFiles/offboard_control.dir/build.make:76: CMakeFiles/offboard_control.dir/src/examples/offboard/offboard_control.cpp.o] Interrupt
[191.634s] make[2]: *** [CMakeFiles/micrortps_agent.dir/build.make:538: CMakeFiles/micrortps_agent.dir/src/micrortps_agent/microRTPS_timesync.cpp.o] Interrupt
[191.634s] make[2]: *** [CMakeFiles/micrortps_agent.dir/build.make:776: CMakeFiles/micrortps_agent.dir/src/micrortps_agent/PositionSetpointPubSubTypes.cpp.o] Interrupt
[191.634s] make[2]: *** [CMakeFiles/micrortps_agent.dir/build.make:804: CMakeFiles/micrortps_agent.dir/src/micrortps_agent/PositionSetpointTripletPubSubTypes.cpp.o] Interrupt
[191.635s] make[2]: *** [CMakeFiles/micrortps_agent.dir/build.make:832: CMakeFiles/micrortps_agent.dir/src/micrortps_agent/TelemetryStatusPubSubTypes.cpp.o] Interrupt
[191.635s] make[2]: *** [CMakeFiles/micrortps_agent.dir/build.make:944: CMakeFiles/micrortps_agent.dir/src/micrortps_agent/VehicleLocalPositionSetpointPubSubTypes.cpp.o] Interrupt
[191.635s] make[2]: *** [CMakeFiles/micrortps_agent.dir/build.make:986: CMakeFiles/micrortps_agent.dir/src/micrortps_agent/VehicleTrajectoryWaypoint.cpp.o] Interrupt
[191.635s] make[1]: *** [CMakeFiles/Makefile2:95: CMakeFiles/offboard_control.dir/all] Interrupt
[191.635s] Traceback (most recent call last):
[191.647s]   File "/usr/local/bin/cmake", line 8, in <module>
[191.653s] make[2]: *** [CMakeFiles/micrortps_agent.dir/build.make:1000: CMakeFiles/micrortps_agent.dir/src/micrortps_agent/VehicleTrajectoryWaypointPubSubTypes.cpp.o] Interrupt
[191.653s]     sys.exit(cmake())
[191.661s]   File "/usr/local/lib/python3.8/dist-packages/cmake/__init__.py", line 47, in cmake
[191.673s]     raise SystemExit(_program('cmake', sys.argv[1:]))
[191.673s]   File "/usr/local/lib/python3.8/dist-packages/cmake/__init__.py", line 43, in _program
[191.673s]     return subprocess.call([os.path.join(CMAKE_BIN_DIR, name)] + args)
[191.673s]   File "/usr/lib/python3.8/subprocess.py", line 342, in call
[191.673s]     return p.wait(timeout=timeout)
[191.673s]   File "/usr/lib/python3.8/subprocess.py", line 1083, in wait
[191.674s]     return self._wait(timeout=timeout)
[191.674s]   File "/usr/lib/python3.8/subprocess.py", line 1806, in _wait
[191.674s]     (pid, sts) = self._try_wait(0)
[191.674s]   File "/usr/lib/python3.8/subprocess.py", line 1764, in _try_wait
[191.674s]     (pid, sts) = os.waitpid(self.pid, wait_flags)
[191.674s] KeyboardInterrupt
[191.674s] make[2]: *** [CMakeFiles/micrortps_agent.dir/build.make:552: CMakeFiles/micrortps_agent.dir/src/micrortps_agent/RtpsTopics.cpp.o] Interrupt
[191.675s] make[2]: *** [CMakeFiles/micrortps_agent.dir/build.make:888: CMakeFiles/micrortps_agent.dir/src/micrortps_agent/TrajectoryBezierPubSubTypes.cpp.o] Interrupt
[191.675s] make[2]: *** [CMakeFiles/micrortps_agent.dir/build.make:972: CMakeFiles/micrortps_agent.dir/src/micrortps_agent/VehicleTrajectoryBezierPubSubTypes.cpp.o] Interrupt
[191.675s] make[2]: *** [CMakeFiles/micrortps_agent.dir/build.make:510: CMakeFiles/micrortps_agent.dir/src/micrortps_agent/microRTPS_agent.cpp.o] Interrupt
[191.676s] make[2]: *** [CMakeFiles/micrortps_agent.dir/build.make:860: CMakeFiles/micrortps_agent.dir/src/micrortps_agent/TimesyncPubSubTypes.cpp.o] Interrupt
[191.676s] make[2]: *** [CMakeFiles/frame_transforms.dir/build.make:76: CMakeFiles/frame_transforms.dir/src/lib/frame_transforms.cpp.o] Interrupt
[191.676s] make[1]: *** [CMakeFiles/Makefile2:173: CMakeFiles/micrortps_agent.dir/all] Interrupt
[191.676s] make[1]: *** [CMakeFiles/Makefile2:225: CMakeFiles/frame_transforms.dir/all] Interrupt
[191.677s] make[2]: *** [CMakeFiles/sensor_combined_listener.dir/build.make:76: CMakeFiles/sensor_combined_listener.dir/src/examples/listeners/sensor_combined_listener.cpp.o] Interrupt
[191.677s] make[1]: *** [CMakeFiles/Makefile2:251: CMakeFiles/sensor_combined_listener.dir/all] Interrupt
[191.678s] make: *** [Makefile:146: all] Interrupt
