[0.556s] DEBUG:colcon:Command line arguments: ['/usr/bin/colcon', 'build']
[0.556s] DEBUG:colcon:Parsed command line arguments: Namespace(allow_overriding=[], ament_cmake_args=None, base_paths=['.'], build_base='build', catkin_cmake_args=None, catkin_skip_building_tests=False, cmake_args=None, cmake_clean_cache=False, cmake_clean_first=False, cmake_force_configure=False, cmake_target=None, cmake_target_skip_unavailable=False, continue_on_error=False, event_handlers=None, executor='parallel', ignore_user_meta=False, install_base='install', log_base=None, log_level=None, main=<bound method BuildVerb.main of <colcon_core.verb.build.BuildVerb object at 0x7fdcabde85b0>>, merge_install=False, metas=['./colcon.meta'], mixin=None, mixin_files=None, mixin_verb=('build',), packages_above=None, packages_above_and_dependencies=None, packages_above_depth=None, packages_end=None, packages_ignore=None, packages_ignore_regex=None, packages_select=None, packages_select_build_failed=False, packages_select_by_dep=None, packages_select_regex=None, packages_select_test_failures=False, packages_skip=None, packages_skip_build_finished=False, packages_skip_by_dep=None, packages_skip_regex=None, packages_skip_test_passed=False, packages_skip_up_to=None, packages_start=None, packages_up_to=None, packages_up_to_regex=None, parallel_workers=16, paths=None, symlink_install=False, test_result_base=None, verb_extension=<colcon_core.verb.build.BuildVerb object at 0x7fdcabde85b0>, verb_name='build', verb_parser=<colcon_mixin.mixin.mixin_argument.MixinArgumentDecorator object at 0x7fdcabd5e670>)
[0.748s] Level 1:colcon.colcon_core.package_discovery:discover_packages(colcon_meta) check parameters
[0.749s] INFO:colcon.colcon_metadata.package_discovery.colcon_meta:Using configuration from '/root/.colcon/metadata/default/Gazebo.meta'
[0.749s] INFO:colcon.colcon_metadata.package_discovery.colcon_meta:Using configuration from '/root/.colcon/metadata/default/fastdds.meta'
[0.750s] INFO:colcon.colcon_metadata.package_discovery.colcon_meta:Using configuration from '/root/.colcon/metadata/default/fastrtps.meta'
[0.750s] Level 1:colcon.colcon_core.package_discovery:discover_packages(recursive) check parameters
[0.750s] Level 1:colcon.colcon_core.package_discovery:discover_packages(ignore) check parameters
[0.750s] Level 1:colcon.colcon_core.package_discovery:discover_packages(path) check parameters
[0.750s] Level 1:colcon.colcon_core.package_discovery:discover_packages(colcon_meta) discover
[0.750s] Level 1:colcon.colcon_core.package_discovery:discover_packages(recursive) discover
[0.750s] INFO:colcon.colcon_core.package_discovery:Crawling recursively for packages in '/src/shared/ros_packages'
[0.750s] Level 1:colcon.colcon_core.package_identification:_identify(.) by extensions ['ignore', 'ignore_ament_install']
[0.750s] Level 1:colcon.colcon_core.package_identification:_identify(.) by extension 'ignore'
[0.750s] Level 1:colcon.colcon_core.package_identification:_identify(.) by extension 'ignore_ament_install'
[0.750s] Level 1:colcon.colcon_core.package_identification:_identify(.) by extensions ['colcon_pkg']
[0.751s] Level 1:colcon.colcon_core.package_identification:_identify(.) by extension 'colcon_pkg'
[0.751s] Level 1:colcon.colcon_core.package_identification:_identify(.) by extensions ['colcon_meta']
[0.751s] Level 1:colcon.colcon_core.package_identification:_identify(.) by extension 'colcon_meta'
[0.751s] Level 1:colcon.colcon_core.package_identification:_identify(.) by extensions ['ros']
[0.751s] Level 1:colcon.colcon_core.package_identification:_identify(.) by extension 'ros'
[0.764s] Level 1:colcon.colcon_core.package_identification:_identify(.) by extensions ['cmake', 'python']
[0.764s] Level 1:colcon.colcon_core.package_identification:_identify(.) by extension 'cmake'
[0.764s] Level 1:colcon.colcon_core.package_identification:_identify(.) by extension 'python'
[0.764s] Level 1:colcon.colcon_core.package_identification:_identify(.) by extensions ['python_setup_py']
[0.764s] Level 1:colcon.colcon_core.package_identification:_identify(.) by extension 'python_setup_py'
[0.764s] Level 1:colcon.colcon_core.package_identification:_identify(build) by extensions ['ignore', 'ignore_ament_install']
[0.764s] Level 1:colcon.colcon_core.package_identification:_identify(build) by extension 'ignore'
[0.764s] Level 1:colcon.colcon_core.package_identification:_identify(build) ignored
[0.765s] Level 1:colcon.colcon_core.package_identification:_identify(install) by extensions ['ignore', 'ignore_ament_install']
[0.765s] Level 1:colcon.colcon_core.package_identification:_identify(install) by extension 'ignore'
[0.765s] Level 1:colcon.colcon_core.package_identification:_identify(install) ignored
[0.765s] Level 1:colcon.colcon_core.package_identification:_identify(log) by extensions ['ignore', 'ignore_ament_install']
[0.765s] Level 1:colcon.colcon_core.package_identification:_identify(log) by extension 'ignore'
[0.765s] Level 1:colcon.colcon_core.package_identification:_identify(log) ignored
[0.765s] Level 1:colcon.colcon_core.package_identification:_identify(px4_msgs) by extensions ['ignore', 'ignore_ament_install']
[0.765s] Level 1:colcon.colcon_core.package_identification:_identify(px4_msgs) by extension 'ignore'
[0.765s] Level 1:colcon.colcon_core.package_identification:_identify(px4_msgs) by extension 'ignore_ament_install'
[0.765s] Level 1:colcon.colcon_core.package_identification:_identify(px4_msgs) by extensions ['colcon_pkg']
[0.765s] Level 1:colcon.colcon_core.package_identification:_identify(px4_msgs) by extension 'colcon_pkg'
[0.765s] Level 1:colcon.colcon_core.package_identification:_identify(px4_msgs) by extensions ['colcon_meta']
[0.765s] Level 1:colcon.colcon_core.package_identification:_identify(px4_msgs) by extension 'colcon_meta'
[0.765s] Level 1:colcon.colcon_core.package_identification:_identify(px4_msgs) by extensions ['ros']
[0.765s] Level 1:colcon.colcon_core.package_identification:_identify(px4_msgs) by extension 'ros'
[0.768s] DEBUG:colcon.colcon_core.package_identification:Package 'px4_msgs' with type 'ros.ament_cmake' and name 'px4_msgs'
[0.768s] Level 1:colcon.colcon_core.package_identification:_identify(px4_ros_com) by extensions ['ignore', 'ignore_ament_install']
[0.768s] Level 1:colcon.colcon_core.package_identification:_identify(px4_ros_com) by extension 'ignore'
[0.769s] Level 1:colcon.colcon_core.package_identification:_identify(px4_ros_com) by extension 'ignore_ament_install'
[0.769s] Level 1:colcon.colcon_core.package_identification:_identify(px4_ros_com) by extensions ['colcon_pkg']
[0.769s] Level 1:colcon.colcon_core.package_identification:_identify(px4_ros_com) by extension 'colcon_pkg'
[0.769s] Level 1:colcon.colcon_core.package_identification:_identify(px4_ros_com) by extensions ['colcon_meta']
[0.769s] Level 1:colcon.colcon_core.package_identification:_identify(px4_ros_com) by extension 'colcon_meta'
[0.769s] Level 1:colcon.colcon_core.package_identification:_identify(px4_ros_com) by extensions ['ros']
[0.769s] Level 1:colcon.colcon_core.package_identification:_identify(px4_ros_com) by extension 'ros'
[0.770s] DEBUG:colcon.colcon_core.package_identification:Package 'px4_ros_com' with type 'ros.ament_cmake' and name 'px4_ros_com'
[0.770s] Level 1:colcon.colcon_core.package_identification:_identify(px4_ros_extended) by extensions ['ignore', 'ignore_ament_install']
[0.770s] Level 1:colcon.colcon_core.package_identification:_identify(px4_ros_extended) by extension 'ignore'
[0.770s] Level 1:colcon.colcon_core.package_identification:_identify(px4_ros_extended) by extension 'ignore_ament_install'
[0.770s] Level 1:colcon.colcon_core.package_identification:_identify(px4_ros_extended) by extensions ['colcon_pkg']
[0.770s] Level 1:colcon.colcon_core.package_identification:_identify(px4_ros_extended) by extension 'colcon_pkg'
[0.770s] Level 1:colcon.colcon_core.package_identification:_identify(px4_ros_extended) by extensions ['colcon_meta']
[0.770s] Level 1:colcon.colcon_core.package_identification:_identify(px4_ros_extended) by extension 'colcon_meta'
[0.770s] Level 1:colcon.colcon_core.package_identification:_identify(px4_ros_extended) by extensions ['ros']
[0.770s] Level 1:colcon.colcon_core.package_identification:_identify(px4_ros_extended) by extension 'ros'
[0.771s] DEBUG:colcon.colcon_core.package_identification:Package 'px4_ros_extended' with type 'ros.ament_cmake' and name 'px4_ros_extended'
[0.771s] Level 1:colcon.colcon_core.package_discovery:discover_packages(recursive) using defaults
[0.771s] Level 1:colcon.colcon_core.package_discovery:discover_packages(ignore) discover
[0.771s] Level 1:colcon.colcon_core.package_discovery:discover_packages(ignore) using defaults
[0.771s] Level 1:colcon.colcon_core.package_discovery:discover_packages(path) discover
[0.771s] Level 1:colcon.colcon_core.package_discovery:discover_packages(path) using defaults
[0.799s] Level 1:colcon.colcon_core.package_discovery:discover_packages(prefix_path) check parameters
[0.799s] Level 1:colcon.colcon_core.package_discovery:discover_packages(prefix_path) discover
[0.802s] DEBUG:colcon.colcon_installed_package_information.package_discovery:Found 3 installed packages in /src/shared/ros_packages/install
[0.804s] DEBUG:colcon.colcon_installed_package_information.package_discovery:Found 264 installed packages in /opt/ros/foxy
[0.805s] Level 1:colcon.colcon_core.package_discovery:discover_packages(prefix_path) using defaults
[0.875s] Level 5:colcon.colcon_core.verb:set package 'px4_msgs' build argument 'cmake_args' from command line to 'None'
[0.875s] Level 5:colcon.colcon_core.verb:set package 'px4_msgs' build argument 'cmake_target' from command line to 'None'
[0.875s] Level 5:colcon.colcon_core.verb:set package 'px4_msgs' build argument 'cmake_target_skip_unavailable' from command line to 'False'
[0.875s] Level 5:colcon.colcon_core.verb:set package 'px4_msgs' build argument 'cmake_clean_cache' from command line to 'False'
[0.875s] Level 5:colcon.colcon_core.verb:set package 'px4_msgs' build argument 'cmake_clean_first' from command line to 'False'
[0.875s] Level 5:colcon.colcon_core.verb:set package 'px4_msgs' build argument 'cmake_force_configure' from command line to 'False'
[0.875s] Level 5:colcon.colcon_core.verb:set package 'px4_msgs' build argument 'ament_cmake_args' from command line to 'None'
[0.875s] Level 5:colcon.colcon_core.verb:set package 'px4_msgs' build argument 'catkin_cmake_args' from command line to 'None'
[0.875s] Level 5:colcon.colcon_core.verb:set package 'px4_msgs' build argument 'catkin_skip_building_tests' from command line to 'False'
[0.875s] DEBUG:colcon.colcon_core.verb:Building package 'px4_msgs' with the following arguments: {'ament_cmake_args': None, 'build_base': '/src/shared/ros_packages/build/px4_msgs', 'catkin_cmake_args': None, 'catkin_skip_building_tests': False, 'cmake_args': None, 'cmake_clean_cache': False, 'cmake_clean_first': False, 'cmake_force_configure': False, 'cmake_target': None, 'cmake_target_skip_unavailable': False, 'install_base': '/src/shared/ros_packages/install/px4_msgs', 'merge_install': False, 'path': '/src/shared/ros_packages/px4_msgs', 'symlink_install': False, 'test_result_base': None}
[0.875s] Level 5:colcon.colcon_core.verb:set package 'px4_ros_com' build argument 'cmake_args' from command line to 'None'
[0.875s] Level 5:colcon.colcon_core.verb:set package 'px4_ros_com' build argument 'cmake_target' from command line to 'None'
[0.875s] Level 5:colcon.colcon_core.verb:set package 'px4_ros_com' build argument 'cmake_target_skip_unavailable' from command line to 'False'
[0.875s] Level 5:colcon.colcon_core.verb:set package 'px4_ros_com' build argument 'cmake_clean_cache' from command line to 'False'
[0.875s] Level 5:colcon.colcon_core.verb:set package 'px4_ros_com' build argument 'cmake_clean_first' from command line to 'False'
[0.875s] Level 5:colcon.colcon_core.verb:set package 'px4_ros_com' build argument 'cmake_force_configure' from command line to 'False'
[0.875s] Level 5:colcon.colcon_core.verb:set package 'px4_ros_com' build argument 'ament_cmake_args' from command line to 'None'
[0.875s] Level 5:colcon.colcon_core.verb:set package 'px4_ros_com' build argument 'catkin_cmake_args' from command line to 'None'
[0.875s] Level 5:colcon.colcon_core.verb:set package 'px4_ros_com' build argument 'catkin_skip_building_tests' from command line to 'False'
[0.875s] DEBUG:colcon.colcon_core.verb:Building package 'px4_ros_com' with the following arguments: {'ament_cmake_args': None, 'build_base': '/src/shared/ros_packages/build/px4_ros_com', 'catkin_cmake_args': None, 'catkin_skip_building_tests': False, 'cmake_args': None, 'cmake_clean_cache': False, 'cmake_clean_first': False, 'cmake_force_configure': False, 'cmake_target': None, 'cmake_target_skip_unavailable': False, 'install_base': '/src/shared/ros_packages/install/px4_ros_com', 'merge_install': False, 'path': '/src/shared/ros_packages/px4_ros_com', 'symlink_install': False, 'test_result_base': None}
[0.876s] Level 5:colcon.colcon_core.verb:set package 'px4_ros_extended' build argument 'cmake_args' from command line to 'None'
[0.876s] Level 5:colcon.colcon_core.verb:set package 'px4_ros_extended' build argument 'cmake_target' from command line to 'None'
[0.876s] Level 5:colcon.colcon_core.verb:set package 'px4_ros_extended' build argument 'cmake_target_skip_unavailable' from command line to 'False'
[0.876s] Level 5:colcon.colcon_core.verb:set package 'px4_ros_extended' build argument 'cmake_clean_cache' from command line to 'False'
[0.876s] Level 5:colcon.colcon_core.verb:set package 'px4_ros_extended' build argument 'cmake_clean_first' from command line to 'False'
[0.876s] Level 5:colcon.colcon_core.verb:set package 'px4_ros_extended' build argument 'cmake_force_configure' from command line to 'False'
[0.876s] Level 5:colcon.colcon_core.verb:set package 'px4_ros_extended' build argument 'ament_cmake_args' from command line to 'None'
[0.876s] Level 5:colcon.colcon_core.verb:set package 'px4_ros_extended' build argument 'catkin_cmake_args' from command line to 'None'
[0.876s] Level 5:colcon.colcon_core.verb:set package 'px4_ros_extended' build argument 'catkin_skip_building_tests' from command line to 'False'
[0.876s] DEBUG:colcon.colcon_core.verb:Building package 'px4_ros_extended' with the following arguments: {'ament_cmake_args': None, 'build_base': '/src/shared/ros_packages/build/px4_ros_extended', 'catkin_cmake_args': None, 'catkin_skip_building_tests': False, 'cmake_args': None, 'cmake_clean_cache': False, 'cmake_clean_first': False, 'cmake_force_configure': False, 'cmake_target': None, 'cmake_target_skip_unavailable': False, 'install_base': '/src/shared/ros_packages/install/px4_ros_extended', 'merge_install': False, 'path': '/src/shared/ros_packages/px4_ros_extended', 'symlink_install': False, 'test_result_base': None}
[0.876s] INFO:colcon.colcon_core.executor:Executing jobs using 'parallel' executor
[0.877s] DEBUG:colcon.colcon_parallel_executor.executor.parallel:run_until_complete
[0.877s] INFO:colcon.colcon_ros.task.ament_cmake.build:Building ROS package in '/src/shared/ros_packages/px4_msgs' with build type 'ament_cmake'
[0.877s] INFO:colcon.colcon_cmake.task.cmake.build:Building CMake package in '/src/shared/ros_packages/px4_msgs'
[0.884s] INFO:colcon.colcon_core.plugin_system:Skipping extension 'colcon_core.shell.bat': Not used on non-Windows systems
[0.884s] INFO:colcon.colcon_core.shell:Skip shell extension 'powershell' for command environment: Not usable outside of PowerShell
[0.884s] DEBUG:colcon.colcon_core.shell:Skip shell extension 'dsv' for command environment
[0.899s] DEBUG:colcon.colcon_core.event_handler.log_command:Invoking command in '/src/shared/ros_packages/build/px4_msgs': CMAKE_PREFIX_PATH=${CMAKE_PREFIX_PATH}:/opt/ros/foxy /usr/local/bin/cmake --build /src/shared/ros_packages/build/px4_msgs -- -j16 -l16
[1.650s] DEBUG:colcon.colcon_core.event_handler.log_command:Invoked command in '/src/shared/ros_packages/build/px4_msgs' returned '0': CMAKE_PREFIX_PATH=${CMAKE_PREFIX_PATH}:/opt/ros/foxy /usr/local/bin/cmake --build /src/shared/ros_packages/build/px4_msgs -- -j16 -l16
[1.684s] DEBUG:colcon.colcon_core.event_handler.log_command:Invoking command in '/src/shared/ros_packages/build/px4_msgs': CMAKE_PREFIX_PATH=${CMAKE_PREFIX_PATH}:/opt/ros/foxy /usr/local/bin/cmake --install /src/shared/ros_packages/build/px4_msgs
[2.051s] Level 1:colcon.colcon_core.environment:create_environment_scripts_only(px4_msgs)
[2.098s] DEBUG:colcon.colcon_core.event_handler.log_command:Invoked command in '/src/shared/ros_packages/build/px4_msgs' returned '0': CMAKE_PREFIX_PATH=${CMAKE_PREFIX_PATH}:/opt/ros/foxy /usr/local/bin/cmake --install /src/shared/ros_packages/build/px4_msgs
[2.103s] Level 1:colcon.colcon_core.environment:checking '/src/shared/ros_packages/install/px4_msgs' for CMake module files
[2.103s] Level 1:colcon.colcon_core.environment:checking '/src/shared/ros_packages/install/px4_msgs' for CMake config files
[2.106s] Level 1:colcon.colcon_core.shell:create_environment_hook('px4_msgs', 'cmake_prefix_path')
[2.106s] INFO:colcon.colcon_core.shell:Creating environment hook '/src/shared/ros_packages/install/px4_msgs/share/px4_msgs/hook/cmake_prefix_path.ps1'
[2.107s] INFO:colcon.colcon_core.shell:Creating environment descriptor '/src/shared/ros_packages/install/px4_msgs/share/px4_msgs/hook/cmake_prefix_path.dsv'
[2.108s] INFO:colcon.colcon_core.shell:Creating environment hook '/src/shared/ros_packages/install/px4_msgs/share/px4_msgs/hook/cmake_prefix_path.sh'
[2.109s] Level 1:colcon.colcon_core.environment:checking '/src/shared/ros_packages/install/px4_msgs/lib'
[2.109s] Level 1:colcon.colcon_core.shell:create_environment_hook('px4_msgs', 'ld_library_path_lib')
[2.109s] INFO:colcon.colcon_core.shell:Creating environment hook '/src/shared/ros_packages/install/px4_msgs/share/px4_msgs/hook/ld_library_path_lib.ps1'
[2.110s] INFO:colcon.colcon_core.shell:Creating environment descriptor '/src/shared/ros_packages/install/px4_msgs/share/px4_msgs/hook/ld_library_path_lib.dsv'
[2.110s] INFO:colcon.colcon_core.shell:Creating environment hook '/src/shared/ros_packages/install/px4_msgs/share/px4_msgs/hook/ld_library_path_lib.sh'
[2.110s] Level 1:colcon.colcon_core.environment:checking '/src/shared/ros_packages/install/px4_msgs/bin'
[2.111s] Level 1:colcon.colcon_core.environment:checking '/src/shared/ros_packages/install/px4_msgs/lib/pkgconfig/px4_msgs.pc'
[2.111s] Level 1:colcon.colcon_core.environment:checking '/src/shared/ros_packages/install/px4_msgs/lib/python3.8/site-packages'
[2.111s] Level 1:colcon.colcon_core.shell:create_environment_hook('px4_msgs', 'pythonpath')
[2.111s] INFO:colcon.colcon_core.shell:Creating environment hook '/src/shared/ros_packages/install/px4_msgs/share/px4_msgs/hook/pythonpath.ps1'
[2.111s] INFO:colcon.colcon_core.shell:Creating environment descriptor '/src/shared/ros_packages/install/px4_msgs/share/px4_msgs/hook/pythonpath.dsv'
[2.112s] INFO:colcon.colcon_core.shell:Creating environment hook '/src/shared/ros_packages/install/px4_msgs/share/px4_msgs/hook/pythonpath.sh'
[2.112s] Level 1:colcon.colcon_core.environment:checking '/src/shared/ros_packages/install/px4_msgs/bin'
[2.112s] INFO:colcon.colcon_core.shell:Creating package script '/src/shared/ros_packages/install/px4_msgs/share/px4_msgs/package.ps1'
[2.113s] INFO:colcon.colcon_core.shell:Creating package descriptor '/src/shared/ros_packages/install/px4_msgs/share/px4_msgs/package.dsv'
[2.114s] INFO:colcon.colcon_core.shell:Creating package script '/src/shared/ros_packages/install/px4_msgs/share/px4_msgs/package.sh'
[2.115s] INFO:colcon.colcon_core.shell:Creating package script '/src/shared/ros_packages/install/px4_msgs/share/px4_msgs/package.bash'
[2.116s] INFO:colcon.colcon_core.shell:Creating package script '/src/shared/ros_packages/install/px4_msgs/share/px4_msgs/package.zsh'
[2.117s] Level 1:colcon.colcon_core.environment:create_file_with_runtime_dependencies(/src/shared/ros_packages/install/px4_msgs/share/colcon-core/packages/px4_msgs)
[2.118s] Level 1:colcon.colcon_core.environment:create_environment_scripts_only(px4_msgs)
[2.118s] Level 1:colcon.colcon_core.environment:checking '/src/shared/ros_packages/install/px4_msgs' for CMake module files
[2.118s] Level 1:colcon.colcon_core.environment:checking '/src/shared/ros_packages/install/px4_msgs' for CMake config files
[2.120s] Level 1:colcon.colcon_core.shell:create_environment_hook('px4_msgs', 'cmake_prefix_path')
[2.121s] INFO:colcon.colcon_core.shell:Creating environment hook '/src/shared/ros_packages/install/px4_msgs/share/px4_msgs/hook/cmake_prefix_path.ps1'
[2.121s] INFO:colcon.colcon_core.shell:Creating environment descriptor '/src/shared/ros_packages/install/px4_msgs/share/px4_msgs/hook/cmake_prefix_path.dsv'
[2.121s] INFO:colcon.colcon_core.shell:Creating environment hook '/src/shared/ros_packages/install/px4_msgs/share/px4_msgs/hook/cmake_prefix_path.sh'
[2.122s] Level 1:colcon.colcon_core.environment:checking '/src/shared/ros_packages/install/px4_msgs/lib'
[2.122s] Level 1:colcon.colcon_core.shell:create_environment_hook('px4_msgs', 'ld_library_path_lib')
[2.122s] INFO:colcon.colcon_core.shell:Creating environment hook '/src/shared/ros_packages/install/px4_msgs/share/px4_msgs/hook/ld_library_path_lib.ps1'
[2.122s] INFO:colcon.colcon_core.shell:Creating environment descriptor '/src/shared/ros_packages/install/px4_msgs/share/px4_msgs/hook/ld_library_path_lib.dsv'
[2.122s] INFO:colcon.colcon_core.shell:Creating environment hook '/src/shared/ros_packages/install/px4_msgs/share/px4_msgs/hook/ld_library_path_lib.sh'
[2.123s] Level 1:colcon.colcon_core.environment:checking '/src/shared/ros_packages/install/px4_msgs/bin'
[2.123s] Level 1:colcon.colcon_core.environment:checking '/src/shared/ros_packages/install/px4_msgs/lib/pkgconfig/px4_msgs.pc'
[2.123s] Level 1:colcon.colcon_core.environment:checking '/src/shared/ros_packages/install/px4_msgs/lib/python3.8/site-packages'
[2.123s] Level 1:colcon.colcon_core.shell:create_environment_hook('px4_msgs', 'pythonpath')
[2.123s] INFO:colcon.colcon_core.shell:Creating environment hook '/src/shared/ros_packages/install/px4_msgs/share/px4_msgs/hook/pythonpath.ps1'
[2.123s] INFO:colcon.colcon_core.shell:Creating environment descriptor '/src/shared/ros_packages/install/px4_msgs/share/px4_msgs/hook/pythonpath.dsv'
[2.124s] INFO:colcon.colcon_core.shell:Creating environment hook '/src/shared/ros_packages/install/px4_msgs/share/px4_msgs/hook/pythonpath.sh'
[2.125s] Level 1:colcon.colcon_core.environment:checking '/src/shared/ros_packages/install/px4_msgs/bin'
[2.125s] INFO:colcon.colcon_core.shell:Creating package script '/src/shared/ros_packages/install/px4_msgs/share/px4_msgs/package.ps1'
[2.126s] INFO:colcon.colcon_core.shell:Creating package descriptor '/src/shared/ros_packages/install/px4_msgs/share/px4_msgs/package.dsv'
[2.126s] INFO:colcon.colcon_core.shell:Creating package script '/src/shared/ros_packages/install/px4_msgs/share/px4_msgs/package.sh'
[2.127s] INFO:colcon.colcon_core.shell:Creating package script '/src/shared/ros_packages/install/px4_msgs/share/px4_msgs/package.bash'
[2.127s] INFO:colcon.colcon_core.shell:Creating package script '/src/shared/ros_packages/install/px4_msgs/share/px4_msgs/package.zsh'
[2.127s] Level 1:colcon.colcon_core.environment:create_file_with_runtime_dependencies(/src/shared/ros_packages/install/px4_msgs/share/colcon-core/packages/px4_msgs)
[2.128s] INFO:colcon.colcon_ros.task.ament_cmake.build:Building ROS package in '/src/shared/ros_packages/px4_ros_com' with build type 'ament_cmake'
[2.128s] INFO:colcon.colcon_cmake.task.cmake.build:Building CMake package in '/src/shared/ros_packages/px4_ros_com'
[2.128s] INFO:colcon.colcon_core.shell:Skip shell extension 'powershell' for command environment: Not usable outside of PowerShell
[2.128s] DEBUG:colcon.colcon_core.shell:Skip shell extension 'dsv' for command environment
[2.134s] INFO:colcon.colcon_ros.task.ament_cmake.build:Building ROS package in '/src/shared/ros_packages/px4_ros_extended' with build type 'ament_cmake'
[2.135s] INFO:colcon.colcon_cmake.task.cmake.build:Building CMake package in '/src/shared/ros_packages/px4_ros_extended'
[2.135s] INFO:colcon.colcon_core.shell:Skip shell extension 'powershell' for command environment: Not usable outside of PowerShell
[2.135s] DEBUG:colcon.colcon_core.shell:Skip shell extension 'dsv' for command environment
[2.151s] DEBUG:colcon.colcon_core.event_handler.log_command:Invoking command in '/src/shared/ros_packages/build/px4_ros_com': CMAKE_PREFIX_PATH=/src/shared/ros_packages/install/px4_msgs:/src/shared/ros_packages/install/px4_ros_extended:/src/shared/ros_packages/install/px4_ros_com:/opt/ros/foxy LD_LIBRARY_PATH=/src/shared/ros_packages/install/px4_msgs/lib:/src/shared/ros_packages/install/px4_ros_com/lib:/usr/lib/x86_64-linux-gnu/gazebo-11/plugins:/opt/ros/foxy/opt/yaml_cpp_vendor/lib:/opt/ros/foxy/opt/rviz_ogre_vendor/lib:/opt/ros/foxy/lib/x86_64-linux-gnu:/opt/ros/foxy/lib PYTHONPATH=/src/shared/ros_packages/install/px4_msgs/lib/python3.8/site-packages:/src/shared/ros_packages/install/px4_ros_extended/lib/python3.8/site-packages:/opt/ros/foxy/lib/python3.8/site-packages /usr/local/bin/cmake --build /src/shared/ros_packages/build/px4_ros_com -- -j16 -l16
[2.157s] DEBUG:colcon.colcon_core.event_handler.log_command:Invoking command in '/src/shared/ros_packages/build/px4_ros_extended': CMAKE_PREFIX_PATH=/src/shared/ros_packages/install/px4_msgs:/src/shared/ros_packages/install/px4_ros_extended:/src/shared/ros_packages/install/px4_ros_com:/opt/ros/foxy LD_LIBRARY_PATH=/src/shared/ros_packages/install/px4_msgs/lib:/src/shared/ros_packages/install/px4_ros_com/lib:/usr/lib/x86_64-linux-gnu/gazebo-11/plugins:/opt/ros/foxy/opt/yaml_cpp_vendor/lib:/opt/ros/foxy/opt/rviz_ogre_vendor/lib:/opt/ros/foxy/lib/x86_64-linux-gnu:/opt/ros/foxy/lib PYTHONPATH=/src/shared/ros_packages/install/px4_msgs/lib/python3.8/site-packages:/src/shared/ros_packages/install/px4_ros_extended/lib/python3.8/site-packages:/opt/ros/foxy/lib/python3.8/site-packages /usr/local/bin/cmake --build /src/shared/ros_packages/build/px4_ros_extended -- -j16 -l16
[2.267s] DEBUG:colcon.colcon_core.event_handler.log_command:Invoked command in '/src/shared/ros_packages/build/px4_ros_extended' returned '0': CMAKE_PREFIX_PATH=/src/shared/ros_packages/install/px4_msgs:/src/shared/ros_packages/install/px4_ros_extended:/src/shared/ros_packages/install/px4_ros_com:/opt/ros/foxy LD_LIBRARY_PATH=/src/shared/ros_packages/install/px4_msgs/lib:/src/shared/ros_packages/install/px4_ros_com/lib:/usr/lib/x86_64-linux-gnu/gazebo-11/plugins:/opt/ros/foxy/opt/yaml_cpp_vendor/lib:/opt/ros/foxy/opt/rviz_ogre_vendor/lib:/opt/ros/foxy/lib/x86_64-linux-gnu:/opt/ros/foxy/lib PYTHONPATH=/src/shared/ros_packages/install/px4_msgs/lib/python3.8/site-packages:/src/shared/ros_packages/install/px4_ros_extended/lib/python3.8/site-packages:/opt/ros/foxy/lib/python3.8/site-packages /usr/local/bin/cmake --build /src/shared/ros_packages/build/px4_ros_extended -- -j16 -l16
[2.271s] DEBUG:colcon.colcon_core.event_handler.log_command:Invoking command in '/src/shared/ros_packages/build/px4_ros_extended': CMAKE_PREFIX_PATH=/src/shared/ros_packages/install/px4_msgs:/src/shared/ros_packages/install/px4_ros_extended:/src/shared/ros_packages/install/px4_ros_com:/opt/ros/foxy LD_LIBRARY_PATH=/src/shared/ros_packages/install/px4_msgs/lib:/src/shared/ros_packages/install/px4_ros_com/lib:/usr/lib/x86_64-linux-gnu/gazebo-11/plugins:/opt/ros/foxy/opt/yaml_cpp_vendor/lib:/opt/ros/foxy/opt/rviz_ogre_vendor/lib:/opt/ros/foxy/lib/x86_64-linux-gnu:/opt/ros/foxy/lib PYTHONPATH=/src/shared/ros_packages/install/px4_msgs/lib/python3.8/site-packages:/src/shared/ros_packages/install/px4_ros_extended/lib/python3.8/site-packages:/opt/ros/foxy/lib/python3.8/site-packages /usr/local/bin/cmake --install /src/shared/ros_packages/build/px4_ros_extended
[2.295s] DEBUG:colcon.colcon_core.event_handler.log_command:Invoked command in '/src/shared/ros_packages/build/px4_ros_com' returned '0': CMAKE_PREFIX_PATH=/src/shared/ros_packages/install/px4_msgs:/src/shared/ros_packages/install/px4_ros_extended:/src/shared/ros_packages/install/px4_ros_com:/opt/ros/foxy LD_LIBRARY_PATH=/src/shared/ros_packages/install/px4_msgs/lib:/src/shared/ros_packages/install/px4_ros_com/lib:/usr/lib/x86_64-linux-gnu/gazebo-11/plugins:/opt/ros/foxy/opt/yaml_cpp_vendor/lib:/opt/ros/foxy/opt/rviz_ogre_vendor/lib:/opt/ros/foxy/lib/x86_64-linux-gnu:/opt/ros/foxy/lib PYTHONPATH=/src/shared/ros_packages/install/px4_msgs/lib/python3.8/site-packages:/src/shared/ros_packages/install/px4_ros_extended/lib/python3.8/site-packages:/opt/ros/foxy/lib/python3.8/site-packages /usr/local/bin/cmake --build /src/shared/ros_packages/build/px4_ros_com -- -j16 -l16
[2.301s] DEBUG:colcon.colcon_core.event_handler.log_command:Invoking command in '/src/shared/ros_packages/build/px4_ros_com': CMAKE_PREFIX_PATH=/src/shared/ros_packages/install/px4_msgs:/src/shared/ros_packages/install/px4_ros_extended:/src/shared/ros_packages/install/px4_ros_com:/opt/ros/foxy LD_LIBRARY_PATH=/src/shared/ros_packages/install/px4_msgs/lib:/src/shared/ros_packages/install/px4_ros_com/lib:/usr/lib/x86_64-linux-gnu/gazebo-11/plugins:/opt/ros/foxy/opt/yaml_cpp_vendor/lib:/opt/ros/foxy/opt/rviz_ogre_vendor/lib:/opt/ros/foxy/lib/x86_64-linux-gnu:/opt/ros/foxy/lib PYTHONPATH=/src/shared/ros_packages/install/px4_msgs/lib/python3.8/site-packages:/src/shared/ros_packages/install/px4_ros_extended/lib/python3.8/site-packages:/opt/ros/foxy/lib/python3.8/site-packages /usr/local/bin/cmake --install /src/shared/ros_packages/build/px4_ros_com
[2.343s] Level 1:colcon.colcon_core.environment:create_environment_scripts_only(px4_ros_extended)
[2.343s] DEBUG:colcon.colcon_core.event_handler.log_command:Invoked command in '/src/shared/ros_packages/build/px4_ros_extended' returned '0': CMAKE_PREFIX_PATH=/src/shared/ros_packages/install/px4_msgs:/src/shared/ros_packages/install/px4_ros_extended:/src/shared/ros_packages/install/px4_ros_com:/opt/ros/foxy LD_LIBRARY_PATH=/src/shared/ros_packages/install/px4_msgs/lib:/src/shared/ros_packages/install/px4_ros_com/lib:/usr/lib/x86_64-linux-gnu/gazebo-11/plugins:/opt/ros/foxy/opt/yaml_cpp_vendor/lib:/opt/ros/foxy/opt/rviz_ogre_vendor/lib:/opt/ros/foxy/lib/x86_64-linux-gnu:/opt/ros/foxy/lib PYTHONPATH=/src/shared/ros_packages/install/px4_msgs/lib/python3.8/site-packages:/src/shared/ros_packages/install/px4_ros_extended/lib/python3.8/site-packages:/opt/ros/foxy/lib/python3.8/site-packages /usr/local/bin/cmake --install /src/shared/ros_packages/build/px4_ros_extended
[2.344s] Level 1:colcon.colcon_core.environment:checking '/src/shared/ros_packages/install/px4_ros_extended' for CMake module files
[2.344s] Level 1:colcon.colcon_core.environment:checking '/src/shared/ros_packages/install/px4_ros_extended' for CMake config files
[2.345s] Level 1:colcon.colcon_core.shell:create_environment_hook('px4_ros_extended', 'cmake_prefix_path')
[2.345s] INFO:colcon.colcon_core.shell:Creating environment hook '/src/shared/ros_packages/install/px4_ros_extended/share/px4_ros_extended/hook/cmake_prefix_path.ps1'
[2.346s] INFO:colcon.colcon_core.shell:Creating environment descriptor '/src/shared/ros_packages/install/px4_ros_extended/share/px4_ros_extended/hook/cmake_prefix_path.dsv'
[2.346s] INFO:colcon.colcon_core.shell:Creating environment hook '/src/shared/ros_packages/install/px4_ros_extended/share/px4_ros_extended/hook/cmake_prefix_path.sh'
[2.347s] Level 1:colcon.colcon_core.environment:checking '/src/shared/ros_packages/install/px4_ros_extended/lib'
[2.347s] Level 1:colcon.colcon_core.environment:checking '/src/shared/ros_packages/install/px4_ros_extended/bin'
[2.347s] Level 1:colcon.colcon_core.environment:checking '/src/shared/ros_packages/install/px4_ros_extended/lib/pkgconfig/px4_ros_extended.pc'
[2.347s] Level 1:colcon.colcon_core.environment:checking '/src/shared/ros_packages/install/px4_ros_extended/lib/python3.8/site-packages'
[2.347s] Level 1:colcon.colcon_core.shell:create_environment_hook('px4_ros_extended', 'pythonpath')
[2.348s] INFO:colcon.colcon_core.shell:Creating environment hook '/src/shared/ros_packages/install/px4_ros_extended/share/px4_ros_extended/hook/pythonpath.ps1'
[2.348s] INFO:colcon.colcon_core.shell:Creating environment descriptor '/src/shared/ros_packages/install/px4_ros_extended/share/px4_ros_extended/hook/pythonpath.dsv'
[2.348s] INFO:colcon.colcon_core.shell:Creating environment hook '/src/shared/ros_packages/install/px4_ros_extended/share/px4_ros_extended/hook/pythonpath.sh'
[2.349s] Level 1:colcon.colcon_core.environment:checking '/src/shared/ros_packages/install/px4_ros_extended/bin'
[2.349s] INFO:colcon.colcon_core.shell:Creating package script '/src/shared/ros_packages/install/px4_ros_extended/share/px4_ros_extended/package.ps1'
[2.350s] INFO:colcon.colcon_core.shell:Creating package descriptor '/src/shared/ros_packages/install/px4_ros_extended/share/px4_ros_extended/package.dsv'
[2.350s] INFO:colcon.colcon_core.shell:Creating package script '/src/shared/ros_packages/install/px4_ros_extended/share/px4_ros_extended/package.sh'
[2.350s] INFO:colcon.colcon_core.shell:Creating package script '/src/shared/ros_packages/install/px4_ros_extended/share/px4_ros_extended/package.bash'
[2.351s] INFO:colcon.colcon_core.shell:Creating package script '/src/shared/ros_packages/install/px4_ros_extended/share/px4_ros_extended/package.zsh'
[2.351s] Level 1:colcon.colcon_core.environment:create_file_with_runtime_dependencies(/src/shared/ros_packages/install/px4_ros_extended/share/colcon-core/packages/px4_ros_extended)
[2.352s] Level 1:colcon.colcon_core.environment:create_environment_scripts_only(px4_ros_extended)
[2.352s] Level 1:colcon.colcon_core.environment:checking '/src/shared/ros_packages/install/px4_ros_extended' for CMake module files
[2.352s] Level 1:colcon.colcon_core.environment:checking '/src/shared/ros_packages/install/px4_ros_extended' for CMake config files
[2.352s] Level 1:colcon.colcon_core.shell:create_environment_hook('px4_ros_extended', 'cmake_prefix_path')
[2.352s] INFO:colcon.colcon_core.shell:Creating environment hook '/src/shared/ros_packages/install/px4_ros_extended/share/px4_ros_extended/hook/cmake_prefix_path.ps1'
[2.353s] INFO:colcon.colcon_core.shell:Creating environment descriptor '/src/shared/ros_packages/install/px4_ros_extended/share/px4_ros_extended/hook/cmake_prefix_path.dsv'
[2.353s] INFO:colcon.colcon_core.shell:Creating environment hook '/src/shared/ros_packages/install/px4_ros_extended/share/px4_ros_extended/hook/cmake_prefix_path.sh'
[2.354s] Level 1:colcon.colcon_core.environment:checking '/src/shared/ros_packages/install/px4_ros_extended/lib'
[2.354s] Level 1:colcon.colcon_core.environment:checking '/src/shared/ros_packages/install/px4_ros_extended/bin'
[2.354s] Level 1:colcon.colcon_core.environment:checking '/src/shared/ros_packages/install/px4_ros_extended/lib/pkgconfig/px4_ros_extended.pc'
[2.354s] Level 1:colcon.colcon_core.environment:checking '/src/shared/ros_packages/install/px4_ros_extended/lib/python3.8/site-packages'
[2.354s] Level 1:colcon.colcon_core.shell:create_environment_hook('px4_ros_extended', 'pythonpath')
[2.354s] INFO:colcon.colcon_core.shell:Creating environment hook '/src/shared/ros_packages/install/px4_ros_extended/share/px4_ros_extended/hook/pythonpath.ps1'
[2.354s] INFO:colcon.colcon_core.shell:Creating environment descriptor '/src/shared/ros_packages/install/px4_ros_extended/share/px4_ros_extended/hook/pythonpath.dsv'
[2.355s] INFO:colcon.colcon_core.shell:Creating environment hook '/src/shared/ros_packages/install/px4_ros_extended/share/px4_ros_extended/hook/pythonpath.sh'
[2.355s] Level 1:colcon.colcon_core.environment:checking '/src/shared/ros_packages/install/px4_ros_extended/bin'
[2.355s] INFO:colcon.colcon_core.shell:Creating package script '/src/shared/ros_packages/install/px4_ros_extended/share/px4_ros_extended/package.ps1'
[2.356s] INFO:colcon.colcon_core.shell:Creating package descriptor '/src/shared/ros_packages/install/px4_ros_extended/share/px4_ros_extended/package.dsv'
[2.356s] INFO:colcon.colcon_core.shell:Creating package script '/src/shared/ros_packages/install/px4_ros_extended/share/px4_ros_extended/package.sh'
[2.356s] INFO:colcon.colcon_core.shell:Creating package script '/src/shared/ros_packages/install/px4_ros_extended/share/px4_ros_extended/package.bash'
[2.357s] INFO:colcon.colcon_core.shell:Creating package script '/src/shared/ros_packages/install/px4_ros_extended/share/px4_ros_extended/package.zsh'
[2.357s] Level 1:colcon.colcon_core.environment:create_file_with_runtime_dependencies(/src/shared/ros_packages/install/px4_ros_extended/share/colcon-core/packages/px4_ros_extended)
[2.359s] Level 1:colcon.colcon_core.environment:create_environment_scripts_only(px4_ros_com)
[2.359s] Level 1:colcon.colcon_core.environment:checking '/src/shared/ros_packages/install/px4_ros_com' for CMake module files
[2.359s] DEBUG:colcon.colcon_core.event_handler.log_command:Invoked command in '/src/shared/ros_packages/build/px4_ros_com' returned '0': CMAKE_PREFIX_PATH=/src/shared/ros_packages/install/px4_msgs:/src/shared/ros_packages/install/px4_ros_extended:/src/shared/ros_packages/install/px4_ros_com:/opt/ros/foxy LD_LIBRARY_PATH=/src/shared/ros_packages/install/px4_msgs/lib:/src/shared/ros_packages/install/px4_ros_com/lib:/usr/lib/x86_64-linux-gnu/gazebo-11/plugins:/opt/ros/foxy/opt/yaml_cpp_vendor/lib:/opt/ros/foxy/opt/rviz_ogre_vendor/lib:/opt/ros/foxy/lib/x86_64-linux-gnu:/opt/ros/foxy/lib PYTHONPATH=/src/shared/ros_packages/install/px4_msgs/lib/python3.8/site-packages:/src/shared/ros_packages/install/px4_ros_extended/lib/python3.8/site-packages:/opt/ros/foxy/lib/python3.8/site-packages /usr/local/bin/cmake --install /src/shared/ros_packages/build/px4_ros_com
[2.360s] Level 1:colcon.colcon_core.environment:checking '/src/shared/ros_packages/install/px4_ros_com' for CMake config files
[2.360s] Level 1:colcon.colcon_core.shell:create_environment_hook('px4_ros_com', 'cmake_prefix_path')
[2.360s] INFO:colcon.colcon_core.shell:Creating environment hook '/src/shared/ros_packages/install/px4_ros_com/share/px4_ros_com/hook/cmake_prefix_path.ps1'
[2.360s] INFO:colcon.colcon_core.shell:Creating environment descriptor '/src/shared/ros_packages/install/px4_ros_com/share/px4_ros_com/hook/cmake_prefix_path.dsv'
[2.361s] INFO:colcon.colcon_core.shell:Creating environment hook '/src/shared/ros_packages/install/px4_ros_com/share/px4_ros_com/hook/cmake_prefix_path.sh'
[2.361s] Level 1:colcon.colcon_core.environment:checking '/src/shared/ros_packages/install/px4_ros_com/lib'
[2.361s] Level 1:colcon.colcon_core.shell:create_environment_hook('px4_ros_com', 'ld_library_path_lib')
[2.362s] INFO:colcon.colcon_core.shell:Creating environment hook '/src/shared/ros_packages/install/px4_ros_com/share/px4_ros_com/hook/ld_library_path_lib.ps1'
[2.362s] INFO:colcon.colcon_core.shell:Creating environment descriptor '/src/shared/ros_packages/install/px4_ros_com/share/px4_ros_com/hook/ld_library_path_lib.dsv'
[2.362s] INFO:colcon.colcon_core.shell:Creating environment hook '/src/shared/ros_packages/install/px4_ros_com/share/px4_ros_com/hook/ld_library_path_lib.sh'
[2.362s] Level 1:colcon.colcon_core.environment:checking '/src/shared/ros_packages/install/px4_ros_com/bin'
[2.363s] Level 1:colcon.colcon_core.shell:create_environment_hook('px4_ros_com', 'path')
[2.363s] INFO:colcon.colcon_core.shell:Creating environment hook '/src/shared/ros_packages/install/px4_ros_com/share/px4_ros_com/hook/path.ps1'
[2.363s] INFO:colcon.colcon_core.shell:Creating environment descriptor '/src/shared/ros_packages/install/px4_ros_com/share/px4_ros_com/hook/path.dsv'
[2.363s] INFO:colcon.colcon_core.shell:Creating environment hook '/src/shared/ros_packages/install/px4_ros_com/share/px4_ros_com/hook/path.sh'
[2.364s] Level 1:colcon.colcon_core.environment:checking '/src/shared/ros_packages/install/px4_ros_com/lib/pkgconfig/px4_ros_com.pc'
[2.364s] Level 1:colcon.colcon_core.environment:checking '/src/shared/ros_packages/install/px4_ros_com/lib/python3.8/site-packages'
[2.364s] Level 1:colcon.colcon_core.environment:checking '/src/shared/ros_packages/install/px4_ros_com/bin'
[2.364s] Level 1:colcon.colcon_core.shell:create_environment_hook('px4_ros_com', 'pythonscriptspath')
[2.364s] INFO:colcon.colcon_core.shell:Creating environment hook '/src/shared/ros_packages/install/px4_ros_com/share/px4_ros_com/hook/pythonscriptspath.ps1'
[2.365s] INFO:colcon.colcon_core.shell:Creating environment descriptor '/src/shared/ros_packages/install/px4_ros_com/share/px4_ros_com/hook/pythonscriptspath.dsv'
[2.365s] INFO:colcon.colcon_core.shell:Creating environment hook '/src/shared/ros_packages/install/px4_ros_com/share/px4_ros_com/hook/pythonscriptspath.sh'
[2.365s] INFO:colcon.colcon_core.shell:Creating package script '/src/shared/ros_packages/install/px4_ros_com/share/px4_ros_com/package.ps1'
[2.366s] INFO:colcon.colcon_core.shell:Creating package descriptor '/src/shared/ros_packages/install/px4_ros_com/share/px4_ros_com/package.dsv'
[2.366s] INFO:colcon.colcon_core.shell:Creating package script '/src/shared/ros_packages/install/px4_ros_com/share/px4_ros_com/package.sh'
[2.367s] INFO:colcon.colcon_core.shell:Creating package script '/src/shared/ros_packages/install/px4_ros_com/share/px4_ros_com/package.bash'
[2.367s] INFO:colcon.colcon_core.shell:Creating package script '/src/shared/ros_packages/install/px4_ros_com/share/px4_ros_com/package.zsh'
[2.367s] Level 1:colcon.colcon_core.environment:create_file_with_runtime_dependencies(/src/shared/ros_packages/install/px4_ros_com/share/colcon-core/packages/px4_ros_com)
[2.368s] Level 1:colcon.colcon_core.environment:create_environment_scripts_only(px4_ros_com)
[2.368s] Level 1:colcon.colcon_core.environment:checking '/src/shared/ros_packages/install/px4_ros_com' for CMake module files
[2.369s] Level 1:colcon.colcon_core.environment:checking '/src/shared/ros_packages/install/px4_ros_com' for CMake config files
[2.369s] Level 1:colcon.colcon_core.shell:create_environment_hook('px4_ros_com', 'cmake_prefix_path')
[2.369s] INFO:colcon.colcon_core.shell:Creating environment hook '/src/shared/ros_packages/install/px4_ros_com/share/px4_ros_com/hook/cmake_prefix_path.ps1'
[2.369s] INFO:colcon.colcon_core.shell:Creating environment descriptor '/src/shared/ros_packages/install/px4_ros_com/share/px4_ros_com/hook/cmake_prefix_path.dsv'
[2.370s] INFO:colcon.colcon_core.shell:Creating environment hook '/src/shared/ros_packages/install/px4_ros_com/share/px4_ros_com/hook/cmake_prefix_path.sh'
[2.370s] Level 1:colcon.colcon_core.environment:checking '/src/shared/ros_packages/install/px4_ros_com/lib'
[2.370s] Level 1:colcon.colcon_core.shell:create_environment_hook('px4_ros_com', 'ld_library_path_lib')
[2.370s] INFO:colcon.colcon_core.shell:Creating environment hook '/src/shared/ros_packages/install/px4_ros_com/share/px4_ros_com/hook/ld_library_path_lib.ps1'
[2.371s] INFO:colcon.colcon_core.shell:Creating environment descriptor '/src/shared/ros_packages/install/px4_ros_com/share/px4_ros_com/hook/ld_library_path_lib.dsv'
[2.371s] INFO:colcon.colcon_core.shell:Creating environment hook '/src/shared/ros_packages/install/px4_ros_com/share/px4_ros_com/hook/ld_library_path_lib.sh'
[2.371s] Level 1:colcon.colcon_core.environment:checking '/src/shared/ros_packages/install/px4_ros_com/bin'
[2.371s] Level 1:colcon.colcon_core.shell:create_environment_hook('px4_ros_com', 'path')
[2.371s] INFO:colcon.colcon_core.shell:Creating environment hook '/src/shared/ros_packages/install/px4_ros_com/share/px4_ros_com/hook/path.ps1'
[2.372s] INFO:colcon.colcon_core.shell:Creating environment descriptor '/src/shared/ros_packages/install/px4_ros_com/share/px4_ros_com/hook/path.dsv'
[2.372s] INFO:colcon.colcon_core.shell:Creating environment hook '/src/shared/ros_packages/install/px4_ros_com/share/px4_ros_com/hook/path.sh'
[2.372s] Level 1:colcon.colcon_core.environment:checking '/src/shared/ros_packages/install/px4_ros_com/lib/pkgconfig/px4_ros_com.pc'
[2.373s] Level 1:colcon.colcon_core.environment:checking '/src/shared/ros_packages/install/px4_ros_com/lib/python3.8/site-packages'
[2.373s] Level 1:colcon.colcon_core.environment:checking '/src/shared/ros_packages/install/px4_ros_com/bin'
[2.373s] Level 1:colcon.colcon_core.shell:create_environment_hook('px4_ros_com', 'pythonscriptspath')
[2.373s] INFO:colcon.colcon_core.shell:Creating environment hook '/src/shared/ros_packages/install/px4_ros_com/share/px4_ros_com/hook/pythonscriptspath.ps1'
[2.373s] INFO:colcon.colcon_core.shell:Creating environment descriptor '/src/shared/ros_packages/install/px4_ros_com/share/px4_ros_com/hook/pythonscriptspath.dsv'
[2.374s] INFO:colcon.colcon_core.shell:Creating environment hook '/src/shared/ros_packages/install/px4_ros_com/share/px4_ros_com/hook/pythonscriptspath.sh'
[2.374s] INFO:colcon.colcon_core.shell:Creating package script '/src/shared/ros_packages/install/px4_ros_com/share/px4_ros_com/package.ps1'
[2.374s] INFO:colcon.colcon_core.shell:Creating package descriptor '/src/shared/ros_packages/install/px4_ros_com/share/px4_ros_com/package.dsv'
[2.375s] INFO:colcon.colcon_core.shell:Creating package script '/src/shared/ros_packages/install/px4_ros_com/share/px4_ros_com/package.sh'
[2.375s] INFO:colcon.colcon_core.shell:Creating package script '/src/shared/ros_packages/install/px4_ros_com/share/px4_ros_com/package.bash'
[2.376s] INFO:colcon.colcon_core.shell:Creating package script '/src/shared/ros_packages/install/px4_ros_com/share/px4_ros_com/package.zsh'
[2.376s] Level 1:colcon.colcon_core.environment:create_file_with_runtime_dependencies(/src/shared/ros_packages/install/px4_ros_com/share/colcon-core/packages/px4_ros_com)
[2.376s] DEBUG:colcon.colcon_parallel_executor.executor.parallel:closing loop
[2.377s] DEBUG:colcon.colcon_parallel_executor.executor.parallel:loop closed
[2.377s] DEBUG:colcon.colcon_parallel_executor.executor.parallel:run_until_complete finished with '0'
[2.378s] DEBUG:colcon.colcon_core.event_reactor:joining thread
[2.398s] INFO:colcon.colcon_core.plugin_system:Skipping extension 'colcon_notification.desktop_notification.notify_send': Could not find 'notify-send'
[2.398s] INFO:colcon.colcon_core.plugin_system:Skipping extension 'colcon_notification.desktop_notification.terminal_notifier': Not used on non-Darwin systems
[2.398s] INFO:colcon.colcon_core.plugin_system:Skipping extension 'colcon_notification.desktop_notification.win32': Not used on non-Windows systems
[2.398s] INFO:colcon.colcon_notification.desktop_notification:Sending desktop notification using 'notify2'
[2.402s] DEBUG:colcon.colcon_notification.desktop_notification.notify2:Failed to initialize notify2: org.freedesktop.DBus.Error.Spawn.ExecFailed: /usr/bin/dbus-launch terminated abnormally without any error message
[2.402s] DEBUG:colcon.colcon_core.event_reactor:joined thread
[2.403s] INFO:colcon.colcon_core.shell:Creating prefix script '/src/shared/ros_packages/install/local_setup.ps1'
[2.404s] INFO:colcon.colcon_core.shell:Creating prefix util module '/src/shared/ros_packages/install/_local_setup_util_ps1.py'
[2.406s] INFO:colcon.colcon_core.shell:Creating prefix chain script '/src/shared/ros_packages/install/setup.ps1'
[2.407s] INFO:colcon.colcon_core.shell:Creating prefix script '/src/shared/ros_packages/install/local_setup.sh'
[2.408s] INFO:colcon.colcon_core.shell:Creating prefix util module '/src/shared/ros_packages/install/_local_setup_util_sh.py'
[2.408s] INFO:colcon.colcon_core.shell:Creating prefix chain script '/src/shared/ros_packages/install/setup.sh'
[2.410s] INFO:colcon.colcon_core.shell:Creating prefix script '/src/shared/ros_packages/install/local_setup.bash'
[2.411s] INFO:colcon.colcon_core.shell:Creating prefix chain script '/src/shared/ros_packages/install/setup.bash'
[2.412s] INFO:colcon.colcon_core.shell:Creating prefix script '/src/shared/ros_packages/install/local_setup.zsh'
[2.413s] INFO:colcon.colcon_core.shell:Creating prefix chain script '/src/shared/ros_packages/install/setup.zsh'
