[0.020s] Invoking command in '/src/shared/ros_packages/build/px4_ros_extended': CMAKE_PREFIX_PATH=/src/shared/ros_packages/install/px4_msgs:/src/shared/ros_packages/install/px4_ros_extended:/src/shared/ros_packages/install/px4_ros_com:/opt/ros/foxy LD_LIBRARY_PATH=/src/shared/ros_packages/install/px4_msgs/lib:/src/shared/ros_packages/install/px4_ros_com/lib:/usr/lib/x86_64-linux-gnu/gazebo-11/plugins:/opt/ros/foxy/opt/yaml_cpp_vendor/lib:/opt/ros/foxy/opt/rviz_ogre_vendor/lib:/opt/ros/foxy/lib/x86_64-linux-gnu:/opt/ros/foxy/lib PYTHONPATH=/src/shared/ros_packages/install/px4_msgs/lib/python3.8/site-packages:/src/shared/ros_packages/install/px4_ros_extended/lib/python3.8/site-packages:/opt/ros/foxy/lib/python3.8/site-packages /usr/local/bin/cmake --build /src/shared/ros_packages/build/px4_ros_extended -- -j16 -l16
[0.111s] [35m[1mConsolidate compiler generated dependencies of target env[0m
[0.160s] [ 50%] Built target env
[0.161s] [100%] Built target baseline_prec_land
[0.169s] Invoked command in '/src/shared/ros_packages/build/px4_ros_extended' returned '0': CMAKE_PREFIX_PATH=/src/shared/ros_packages/install/px4_msgs:/src/shared/ros_packages/install/px4_ros_extended:/src/shared/ros_packages/install/px4_ros_com:/opt/ros/foxy LD_LIBRARY_PATH=/src/shared/ros_packages/install/px4_msgs/lib:/src/shared/ros_packages/install/px4_ros_com/lib:/usr/lib/x86_64-linux-gnu/gazebo-11/plugins:/opt/ros/foxy/opt/yaml_cpp_vendor/lib:/opt/ros/foxy/opt/rviz_ogre_vendor/lib:/opt/ros/foxy/lib/x86_64-linux-gnu:/opt/ros/foxy/lib PYTHONPATH=/src/shared/ros_packages/install/px4_msgs/lib/python3.8/site-packages:/src/shared/ros_packages/install/px4_ros_extended/lib/python3.8/site-packages:/opt/ros/foxy/lib/python3.8/site-packages /usr/local/bin/cmake --build /src/shared/ros_packages/build/px4_ros_extended -- -j16 -l16
[0.173s] Invoking command in '/src/shared/ros_packages/build/px4_ros_extended': CMAKE_PREFIX_PATH=/src/shared/ros_packages/install/px4_msgs:/src/shared/ros_packages/install/px4_ros_extended:/src/shared/ros_packages/install/px4_ros_com:/opt/ros/foxy LD_LIBRARY_PATH=/src/shared/ros_packages/install/px4_msgs/lib:/src/shared/ros_packages/install/px4_ros_com/lib:/usr/lib/x86_64-linux-gnu/gazebo-11/plugins:/opt/ros/foxy/opt/yaml_cpp_vendor/lib:/opt/ros/foxy/opt/rviz_ogre_vendor/lib:/opt/ros/foxy/lib/x86_64-linux-gnu:/opt/ros/foxy/lib PYTHONPATH=/src/shared/ros_packages/install/px4_msgs/lib/python3.8/site-packages:/src/shared/ros_packages/install/px4_ros_extended/lib/python3.8/site-packages:/opt/ros/foxy/lib/python3.8/site-packages /usr/local/bin/cmake --install /src/shared/ros_packages/build/px4_ros_extended
[0.200s] -- Install configuration: ""
[0.201s] -- Up-to-date: /src/shared/ros_packages/install/px4_ros_extended/share/px4_ros_extended/environment/pythonpath.sh
[0.201s] -- Up-to-date: /src/shared/ros_packages/install/px4_ros_extended/share/px4_ros_extended/environment/pythonpath.dsv
[0.201s] -- Up-to-date: /src/shared/ros_packages/install/px4_ros_extended/lib/python3.8/site-packages/src_py
[0.201s] -- Up-to-date: /src/shared/ros_packages/install/px4_ros_extended/lib/python3.8/site-packages/src_py/test_env_wrapper.py
[0.201s] -- Up-to-date: /src/shared/ros_packages/install/px4_ros_extended/lib/python3.8/site-packages/src_py/ddpg_agent.py
[0.201s] -- Up-to-date: /src/shared/ros_packages/install/px4_ros_extended/lib/python3.8/site-packages/src_py/env_wrapper.py
[0.201s] -- Up-to-date: /src/shared/ros_packages/install/px4_ros_extended/lib/python3.8/site-packages/src_py/test_ddpg_agent.py
[0.201s] -- Up-to-date: /src/shared/ros_packages/install/px4_ros_extended/lib/python3.8/site-packages/src_py/rewards.py
[0.201s] -- Up-to-date: /src/shared/ros_packages/install/px4_ros_extended/lib/python3.8/site-packages/src_py/DDPG
[0.201s] -- Up-to-date: /src/shared/ros_packages/install/px4_ros_extended/lib/python3.8/site-packages/src_py/DDPG/models.py
[0.201s] -- Up-to-date: /src/shared/ros_packages/install/px4_ros_extended/lib/python3.8/site-packages/src_py/DDPG/utils.py
[0.201s] -- Up-to-date: /src/shared/ros_packages/install/px4_ros_extended/lib/python3.8/site-packages/src_py/DDPG/memory.py
[0.201s] -- Up-to-date: /src/shared/ros_packages/install/px4_ros_extended/lib/python3.8/site-packages/src_py/DDPG/ddpg.py
[0.201s] -- Up-to-date: /src/shared/ros_packages/install/px4_ros_extended/lib/python3.8/site-packages/src_py/DDPG/__init__.py
[0.202s] -- Installing: /src/shared/ros_packages/install/px4_ros_extended/lib/python3.8/site-packages/src_py/gazebo_runner.py
[0.202s] -- Up-to-date: /src/shared/ros_packages/install/px4_ros_extended/lib/python3.8/site-packages/src_py/__init__.py
[0.202s] -- Up-to-date: /src/shared/ros_packages/install/px4_ros_extended/lib/python3.8/site-packages/src_py/params.yaml
[0.233s] Listing '/src/shared/ros_packages/install/px4_ros_extended/lib/python3.8/site-packages/src_py'...
[0.233s] Listing '/src/shared/ros_packages/install/px4_ros_extended/lib/python3.8/site-packages/src_py/DDPG'...
[0.233s] Compiling '/src/shared/ros_packages/install/px4_ros_extended/lib/python3.8/site-packages/src_py/gazebo_runner.py'...
[0.237s] -- Up-to-date: /src/shared/ros_packages/install/px4_ros_extended/lib/px4_ros_extended/env
[0.239s] -- Up-to-date: /src/shared/ros_packages/install/px4_ros_extended/lib/px4_ros_extended/baseline_prec_land
[0.239s] -- Up-to-date: /src/shared/ros_packages/install/px4_ros_extended/lib/px4_ros_extended/env_wrapper.py
[0.239s] -- Up-to-date: /src/shared/ros_packages/install/px4_ros_extended/lib/px4_ros_extended/ddpg_agent.py
[0.239s] -- Up-to-date: /src/shared/ros_packages/install/px4_ros_extended/lib/px4_ros_extended/test_ddpg_agent.py
[0.239s] -- Installing: /src/shared/ros_packages/install/px4_ros_extended/lib/px4_ros_extended/gazebo_runner.py
[0.240s] -- Up-to-date: /src/shared/ros_packages/install/px4_ros_extended/lib/px4_ros_extended/test_env_wrapper.py
[0.240s] -- Up-to-date: /src/shared/ros_packages/install/px4_ros_extended/share/px4_ros_extended/launch
[0.240s] -- Up-to-date: /src/shared/ros_packages/install/px4_ros_extended/share/px4_ros_extended/launch/env_train.launch.py
[0.240s] -- Up-to-date: /src/shared/ros_packages/install/px4_ros_extended/share/px4_ros_extended/launch/env.launch.py
[0.240s] -- Up-to-date: /src/shared/ros_packages/install/px4_ros_extended/share/ament_index/resource_index/package_run_dependencies/px4_ros_extended
[0.241s] -- Up-to-date: /src/shared/ros_packages/install/px4_ros_extended/share/ament_index/resource_index/parent_prefix_path/px4_ros_extended
[0.241s] -- Up-to-date: /src/shared/ros_packages/install/px4_ros_extended/share/px4_ros_extended/environment/ament_prefix_path.sh
[0.241s] -- Up-to-date: /src/shared/ros_packages/install/px4_ros_extended/share/px4_ros_extended/environment/ament_prefix_path.dsv
[0.241s] -- Up-to-date: /src/shared/ros_packages/install/px4_ros_extended/share/px4_ros_extended/environment/path.sh
[0.241s] -- Up-to-date: /src/shared/ros_packages/install/px4_ros_extended/share/px4_ros_extended/environment/path.dsv
[0.241s] -- Up-to-date: /src/shared/ros_packages/install/px4_ros_extended/share/px4_ros_extended/local_setup.bash
[0.241s] -- Up-to-date: /src/shared/ros_packages/install/px4_ros_extended/share/px4_ros_extended/local_setup.sh
[0.241s] -- Up-to-date: /src/shared/ros_packages/install/px4_ros_extended/share/px4_ros_extended/local_setup.zsh
[0.241s] -- Up-to-date: /src/shared/ros_packages/install/px4_ros_extended/share/px4_ros_extended/local_setup.dsv
[0.241s] -- Installing: /src/shared/ros_packages/install/px4_ros_extended/share/px4_ros_extended/package.dsv
[0.242s] -- Up-to-date: /src/shared/ros_packages/install/px4_ros_extended/share/ament_index/resource_index/packages/px4_ros_extended
[0.242s] -- Up-to-date: /src/shared/ros_packages/install/px4_ros_extended/share/px4_ros_extended/cmake/px4_ros_extendedConfig.cmake
[0.242s] -- Up-to-date: /src/shared/ros_packages/install/px4_ros_extended/share/px4_ros_extended/cmake/px4_ros_extendedConfig-version.cmake
[0.242s] -- Up-to-date: /src/shared/ros_packages/install/px4_ros_extended/share/px4_ros_extended/package.xml
[0.253s] Invoked command in '/src/shared/ros_packages/build/px4_ros_extended' returned '0': CMAKE_PREFIX_PATH=/src/shared/ros_packages/install/px4_msgs:/src/shared/ros_packages/install/px4_ros_extended:/src/shared/ros_packages/install/px4_ros_com:/opt/ros/foxy LD_LIBRARY_PATH=/src/shared/ros_packages/install/px4_msgs/lib:/src/shared/ros_packages/install/px4_ros_com/lib:/usr/lib/x86_64-linux-gnu/gazebo-11/plugins:/opt/ros/foxy/opt/yaml_cpp_vendor/lib:/opt/ros/foxy/opt/rviz_ogre_vendor/lib:/opt/ros/foxy/lib/x86_64-linux-gnu:/opt/ros/foxy/lib PYTHONPATH=/src/shared/ros_packages/install/px4_msgs/lib/python3.8/site-packages:/src/shared/ros_packages/install/px4_ros_extended/lib/python3.8/site-packages:/opt/ros/foxy/lib/python3.8/site-packages /usr/local/bin/cmake --install /src/shared/ros_packages/build/px4_ros_extended
